SPAG - Version 7.51RB executing at 20:37 on  3 Mar 2022
Copyright (C) Polyhedron Solutions - 1987-2022 - All rights reserved
 
Licensee : fortran-lang.discourse.group - Windows, Mac or Linux
         : Valid until 31st March 2022
 
Licence data             read from /opt/plusfort_x64Linux_751/plusFORT.fig
Licence Expiry Date  Mar 2022
KIND information         read from /opt/plusfort_x64Linux_751/f77kinds.f90
INTRINSIC function names read from /opt/plusfort_x64Linux_751/f90func.txt
Output files will be written in directory /home/urbanjs/venus/V600/github/lapack_/feed/my_lapack/INSTALL/SPAGged/
Configuration data       read from /opt/plusfort_x64Linux_751/spag.fig
Input Ordering Pre-scan
--------------------------------------------------------------------
Finished reading DLAMCH from file dlamch.f
<>I Unreliable test for equality of reals    ONE.EQ.RND
    detected at line    104 of dlamch.f
Re-structuring..Writing DLAMCH
--------------------------------------------------------------------
Finished reading DLAMC3 from file dlamch.f
Re-structuring..Writing DLAMC3
--------------------------------------------------------------------
Finished reading DLAMCH from file dlamchf77.f
Re-structuring..Writing DLAMCH
--------------------------------------------------------------------
Finished reading DLAMC1 from file dlamchf77.f
<>I Unreliable test for equality of reals    C.EQ.ONE
    detected at line    259 of dlamchf77.f
<>I Unreliable test for equality of reals    C.EQ.A
    detected at line    277 of dlamchf77.f
<>I Unreliable test for equality of reals    C.EQ.A
    detected at line    300 of dlamchf77.f
<>I Unreliable test for equality of reals    (LRND).AND.(C.EQ.A)
    detected at line    307 of dlamchf77.f
<>I Unreliable test for equality of reals    (T1.EQ.A).AND.(T2.GT.SAVEC).AND.LRND
    detected at line    318 of dlamchf77.f
<>I Unreliable test for equality of reals    C.EQ.ONE
    detected at line    333 of dlamchf77.f
Re-structuring..Writing DLAMC1
--------------------------------------------------------------------
Finished reading DLAMC2 from file dlamchf77.f
Re-structuring..Writing DLAMC2
--------------------------------------------------------------------
Finished reading DLAMC3 from file dlamchf77.f
Re-structuring..Writing DLAMC3
--------------------------------------------------------------------
Finished reading DLAMC4 from file dlamchf77.f
<>I Unreliable test for equality of reals    (C1.EQ.A).AND.(C2.EQ.A).AND.(D1.EQ.A).AND.(D2.EQ.A)
    detected at line    728 of dlamchf77.f
<>I Unreliable test for equality of reals    (C1.EQ.A).AND.(C2.EQ.A).AND.(D1.EQ.A).AND.(D2.EQ.A)
    detected at line    728 of dlamchf77.f
<>I Unreliable test for equality of reals    (C1.EQ.A).AND.(C2.EQ.A).AND.(D1.EQ.A).AND.(D2.EQ.A)
    detected at line    728 of dlamchf77.f
<>I Unreliable test for equality of reals    (C1.EQ.A).AND.(C2.EQ.A).AND.(D1.EQ.A).AND.(D2.EQ.A)
    detected at line    728 of dlamchf77.f
Re-structuring..Writing DLAMC4
--------------------------------------------------------------------
Finished reading DLAMC5 from file dlamchf77.f
Re-structuring..Writing DLAMC5
--------------------------------------------------------------------
Finished reading AA0001 from file dlamchtst.f
Re-structuring..Writing AA0001
--------------------------------------------------------------------
Finished reading DSECND from file dsecnd_EXT_ETIME.f
<>I Variable assigned a value but not used   T1
Re-structuring..Writing DSECND
--------------------------------------------------------------------
Finished reading DSECND from file dsecnd_EXT_ETIME_.f
<>I Variable assigned a value but not used   T1
Re-structuring..Writing DSECND
--------------------------------------------------------------------
Finished reading DSECND from file dsecnd_INT_CPU_TIME.f
Re-structuring..Writing DSECND
--------------------------------------------------------------------
Finished reading DSECND from file dsecnd_INT_ETIME.f
<>I Variable assigned a value but not used   T1
Re-structuring..Writing DSECND
--------------------------------------------------------------------
Finished reading DSECND from file dsecnd_NONE.f
Re-structuring..Writing DSECND
--------------------------------------------------------------------
Finished reading AA0002 from file dsecndtst.f
Re-structuring..Writing AA0002
--------------------------------------------------------------------
Finished reading MYSUB from file dsecndtst.f
<>I Argument is not used                     X
<>I Argument is not used                     Y
Re-structuring..Writing MYSUB
--------------------------------------------------------------------
Finished reading ILAVER from file ilaver.f
Re-structuring..Writing ILAVER
--------------------------------------------------------------------
Finished reading LAPACK_VERSION from file LAPACK_version.f
Re-structuring..Writing LAPACK_VERSION
--------------------------------------------------------------------
Finished reading LSAME from file lsame.f
Re-structuring..Writing LSAME
--------------------------------------------------------------------
Finished reading AA0003 from file lsametst.f
Re-structuring..Writing AA0003
--------------------------------------------------------------------
Finished reading SECOND from file second_EXT_ETIME.f
<>I Variable assigned a value but not used   T1
Re-structuring..Writing SECOND
--------------------------------------------------------------------
Finished reading SECOND from file second_EXT_ETIME_.f
<>I Variable assigned a value but not used   T1
Re-structuring..Writing SECOND
--------------------------------------------------------------------
Finished reading SECOND from file second_INT_CPU_TIME.f
Re-structuring..Writing SECOND
--------------------------------------------------------------------
Finished reading SECOND from file second_INT_ETIME.f
<>I Variable assigned a value but not used   T1
Re-structuring..Writing SECOND
--------------------------------------------------------------------
Finished reading SECOND from file second_NONE.f
Re-structuring..Writing SECOND
--------------------------------------------------------------------
Finished reading AA0004 from file secondtst.f
Re-structuring..Writing AA0004
--------------------------------------------------------------------
Finished reading MYSUB from file secondtst.f
<>I Argument is not used                     X
<>I Argument is not used                     Y
Re-structuring..Writing MYSUB
--------------------------------------------------------------------
Finished reading SLAMCH from file slamch.f
<>I Unreliable test for equality of reals    ONE.EQ.RND
    detected at line    104 of slamch.f
Re-structuring..Writing SLAMCH
--------------------------------------------------------------------
Finished reading SLAMC3 from file slamch.f
Re-structuring..Writing SLAMC3
--------------------------------------------------------------------
Finished reading SLAMCH from file slamchf77.f
Re-structuring..Writing SLAMCH
--------------------------------------------------------------------
Finished reading SLAMC1 from file slamchf77.f
<>I Unreliable test for equality of reals    C.EQ.ONE
    detected at line    259 of slamchf77.f
<>I Unreliable test for equality of reals    C.EQ.A
    detected at line    277 of slamchf77.f
<>I Unreliable test for equality of reals    C.EQ.A
    detected at line    300 of slamchf77.f
<>I Unreliable test for equality of reals    (LRND).AND.(C.EQ.A)
    detected at line    307 of slamchf77.f
<>I Unreliable test for equality of reals    (T1.EQ.A).AND.(T2.GT.SAVEC).AND.LRND
    detected at line    318 of slamchf77.f
<>I Unreliable test for equality of reals    C.EQ.ONE
    detected at line    333 of slamchf77.f
Re-structuring..Writing SLAMC1
--------------------------------------------------------------------
Finished reading SLAMC2 from file slamchf77.f
Re-structuring..Writing SLAMC2
--------------------------------------------------------------------
Finished reading SLAMC3 from file slamchf77.f
Re-structuring..Writing SLAMC3
--------------------------------------------------------------------
Finished reading SLAMC4 from file slamchf77.f
<>I Unreliable test for equality of reals    (C1.EQ.A).AND.(C2.EQ.A).AND.(D1.EQ.A).AND.(D2.EQ.A)
    detected at line    729 of slamchf77.f
<>I Unreliable test for equality of reals    (C1.EQ.A).AND.(C2.EQ.A).AND.(D1.EQ.A).AND.(D2.EQ.A)
    detected at line    729 of slamchf77.f
<>I Unreliable test for equality of reals    (C1.EQ.A).AND.(C2.EQ.A).AND.(D1.EQ.A).AND.(D2.EQ.A)
    detected at line    729 of slamchf77.f
<>I Unreliable test for equality of reals    (C1.EQ.A).AND.(C2.EQ.A).AND.(D1.EQ.A).AND.(D2.EQ.A)
    detected at line    729 of slamchf77.f
Re-structuring..Writing SLAMC4
--------------------------------------------------------------------
Finished reading SLAMC5 from file slamchf77.f
Re-structuring..Writing SLAMC5
--------------------------------------------------------------------
Finished reading AA0005 from file slamchtst.f
Re-structuring..Writing AA0005
--------------------------------------------------------------------
Finished reading TSTIEE from file tstiee.f
Re-structuring..Writing TSTIEE
--------------------------------------------------------------------
 
End of input after 37 sub-programs (3620 lines)
 
    37 were re-structured
    37 were re-labelled
    37 were beautified
 
    32 diagnostics generated
 
    22 occurrences of Unreliable test for equality of reals
     4 occurrences of Argument is not used
     6 occurrences of Variable assigned a value but not used
 
SPAG finished normally
