SPAG - Version 7.51RB executing at 21:36 on  3 Mar 2022
Copyright (C) Polyhedron Solutions - 1987-2022 - All rights reserved
 
Licensee : fortran-lang.discourse.group - Windows, Mac or Linux
         : Valid until 31st March 2022
 
Licence data             read from /opt/plusfort_x64Linux_751/plusFORT.fig
Licence Expiry Date  Mar 2022
KIND information         read from /opt/plusfort_x64Linux_751/f77kinds.f90
INTRINSIC function names read from /opt/plusfort_x64Linux_751/f90func.txt
Output files will be written in directory /home/urbanjs/venus/V600/github/spag_lapack/src/blas/SPAGged/
Configuration data       read from spag.fig
Input Ordering Pre-scan
--------------------------------------------------------------------
Finished reading CAXPY from file caxpy.f90
Re-structuring..Writing CAXPY
Rewriting declarations
--------------------------------------------------------------------
Finished reading CCOPY from file ccopy.f90
Re-structuring..Writing CCOPY
Rewriting declarations
--------------------------------------------------------------------
Finished reading CDOTC from file cdotc.f90
Re-structuring..Writing CDOTC
Rewriting declarations
--------------------------------------------------------------------
Finished reading CDOTU from file cdotu.f90
Re-structuring..Writing CDOTU
Rewriting declarations
--------------------------------------------------------------------
Finished reading CGBMV from file cgbmv.f90
Re-structuring..Writing CGBMV
Rewriting declarations
--------------------------------------------------------------------
Finished reading CGEMM from file cgemm.f90
Re-structuring..Writing CGEMM
Rewriting declarations
--------------------------------------------------------------------
Finished reading CGEMV from file cgemv.f90
Re-structuring..Writing CGEMV
Rewriting declarations
--------------------------------------------------------------------
Finished reading CGERC from file cgerc.f90
Re-structuring..Writing CGERC
Rewriting declarations
--------------------------------------------------------------------
Finished reading CGERU from file cgeru.f90
Re-structuring..Writing CGERU
Rewriting declarations
--------------------------------------------------------------------
Finished reading CHBMV from file chbmv.f90
Re-structuring..Writing CHBMV
Rewriting declarations
--------------------------------------------------------------------
Finished reading CHEMM from file chemm.f90
Re-structuring..Writing CHEMM
Rewriting declarations
--------------------------------------------------------------------
Finished reading CHEMV from file chemv.f90
Re-structuring..Writing CHEMV
Rewriting declarations
--------------------------------------------------------------------
Finished reading CHER2 from file cher2.f90
Re-structuring..Writing CHER2
Rewriting declarations
--------------------------------------------------------------------
Finished reading CHER2K from file cher2k.f90
Re-structuring..Writing CHER2K
Rewriting declarations
--------------------------------------------------------------------
Finished reading CHER from file cher.f90
Re-structuring..Writing CHER
Rewriting declarations
--------------------------------------------------------------------
Finished reading CHERK from file cherk.f90
Re-structuring..Writing CHERK
Rewriting declarations
--------------------------------------------------------------------
Finished reading CHPMV from file chpmv.f90
Re-structuring..Writing CHPMV
Rewriting declarations
--------------------------------------------------------------------
Finished reading CHPR2 from file chpr2.f90
Re-structuring..Writing CHPR2
Rewriting declarations
--------------------------------------------------------------------
Finished reading CHPR from file chpr.f90
Re-structuring..Writing CHPR
Rewriting declarations
--------------------------------------------------------------------
Finished reading CROTG from file crotg.f90
<>I INTRINSIC functn name used for variable  SCALE
Re-structuring..Writing CROTG
Rewriting declarations
--------------------------------------------------------------------
Finished reading CSCAL from file cscal.f90
Re-structuring..Writing CSCAL
Rewriting declarations
--------------------------------------------------------------------
Finished reading CSROT from file csrot.f90
Re-structuring..Writing CSROT
Rewriting declarations
--------------------------------------------------------------------
Finished reading CSSCAL from file csscal.f90
Re-structuring..Writing CSSCAL
Rewriting declarations
--------------------------------------------------------------------
Finished reading CSWAP from file cswap.f90
Re-structuring..Writing CSWAP
Rewriting declarations
--------------------------------------------------------------------
Finished reading CSYMM from file csymm.f90
Re-structuring..Writing CSYMM
Rewriting declarations
--------------------------------------------------------------------
Finished reading CSYR2K from file csyr2k.f90
Re-structuring..Writing CSYR2K
Rewriting declarations
--------------------------------------------------------------------
Finished reading CSYRK from file csyrk.f90
Re-structuring..Writing CSYRK
Rewriting declarations
--------------------------------------------------------------------
Finished reading CTBMV from file ctbmv.f90
Re-structuring..Writing CTBMV
Rewriting declarations
--------------------------------------------------------------------
Finished reading CTBSV from file ctbsv.f90
Re-structuring..Writing CTBSV
Rewriting declarations
--------------------------------------------------------------------
Finished reading CTPMV from file ctpmv.f90
Re-structuring..Writing CTPMV
Rewriting declarations
--------------------------------------------------------------------
Finished reading CTPSV from file ctpsv.f90
Re-structuring..Writing CTPSV
Rewriting declarations
--------------------------------------------------------------------
Finished reading CTRMM from file ctrmm.f90
Re-structuring..Writing CTRMM
Rewriting declarations
--------------------------------------------------------------------
Finished reading CTRMV from file ctrmv.f90
Re-structuring..Writing CTRMV
Rewriting declarations
--------------------------------------------------------------------
Finished reading CTRSM from file ctrsm.f90
Re-structuring..Writing CTRSM
Rewriting declarations
--------------------------------------------------------------------
Finished reading CTRSV from file ctrsv.f90
Re-structuring..Writing CTRSV
Rewriting declarations
--------------------------------------------------------------------
Finished reading DASUM from file dasum.f90
Re-structuring..Writing DASUM
Rewriting declarations
--------------------------------------------------------------------
Finished reading DAXPY from file daxpy.f90
Re-structuring..Writing DAXPY
Rewriting declarations
--------------------------------------------------------------------
Finished reading DCABS1 from file dcabs1.f90
Re-structuring..Writing DCABS1
Rewriting declarations
--------------------------------------------------------------------
Finished reading DCOPY from file dcopy.f90
Re-structuring..Writing DCOPY
Rewriting declarations
--------------------------------------------------------------------
Finished reading DDOT from file ddot.f90
Re-structuring..Writing DDOT
Rewriting declarations
--------------------------------------------------------------------
Finished reading DGBMV from file dgbmv.f90
Re-structuring..Writing DGBMV
Rewriting declarations
--------------------------------------------------------------------
Finished reading DGEMM from file dgemm.f90
Re-structuring..Writing DGEMM
Rewriting declarations
--------------------------------------------------------------------
Finished reading DGEMV from file dgemv.f90
Re-structuring..Writing DGEMV
Rewriting declarations
--------------------------------------------------------------------
Finished reading DGER from file dger.f90
Re-structuring..Writing DGER
Rewriting declarations
--------------------------------------------------------------------
Finished reading DNRM2 from file dnrm2.f90
<>I INTRINSIC functn name used for variable  SCALE
Re-structuring..Writing DNRM2
Rewriting declarations
--------------------------------------------------------------------
Finished reading DROT from file drot.f90
Re-structuring..Writing DROT
Rewriting declarations
--------------------------------------------------------------------
Finished reading DROTG from file drotg.f90
<>I INTRINSIC functn name used for variable  SCALE
Re-structuring..Writing DROTG
Rewriting declarations
--------------------------------------------------------------------
Finished reading DROTM from file drotm.f90
Re-structuring..Writing DROTM
Rewriting declarations
--------------------------------------------------------------------
Finished reading DROTMG from file drotmg.f90
Re-structuring..Writing DROTMG
Rewriting declarations
--------------------------------------------------------------------
Finished reading DSBMV from file dsbmv.f90
Re-structuring..Writing DSBMV
Rewriting declarations
--------------------------------------------------------------------
Finished reading DSCAL from file dscal.f90
Re-structuring..Writing DSCAL
Rewriting declarations
--------------------------------------------------------------------
Finished reading DSDOT from file dsdot.f90
Re-structuring..Writing DSDOT
Rewriting declarations
--------------------------------------------------------------------
Finished reading DSPMV from file dspmv.f90
Re-structuring..Writing DSPMV
Rewriting declarations
--------------------------------------------------------------------
Finished reading DSPR2 from file dspr2.f90
Re-structuring..Writing DSPR2
Rewriting declarations
--------------------------------------------------------------------
Finished reading DSPR from file dspr.f90
Re-structuring..Writing DSPR
Rewriting declarations
--------------------------------------------------------------------
Finished reading DSWAP from file dswap.f90
Re-structuring..Writing DSWAP
Rewriting declarations
--------------------------------------------------------------------
Finished reading DSYMM from file dsymm.f90
Re-structuring..Writing DSYMM
Rewriting declarations
--------------------------------------------------------------------
Finished reading DSYMV from file dsymv.f90
Re-structuring..Writing DSYMV
Rewriting declarations
--------------------------------------------------------------------
Finished reading DSYR2 from file dsyr2.f90
Re-structuring..Writing DSYR2
Rewriting declarations
--------------------------------------------------------------------
Finished reading DSYR2K from file dsyr2k.f90
Re-structuring..Writing DSYR2K
Rewriting declarations
--------------------------------------------------------------------
Finished reading DSYR from file dsyr.f90
Re-structuring..Writing DSYR
Rewriting declarations
--------------------------------------------------------------------
Finished reading DSYRK from file dsyrk.f90
Re-structuring..Writing DSYRK
Rewriting declarations
--------------------------------------------------------------------
Finished reading DTBMV from file dtbmv.f90
Re-structuring..Writing DTBMV
Rewriting declarations
--------------------------------------------------------------------
Finished reading DTBSV from file dtbsv.f90
Re-structuring..Writing DTBSV
Rewriting declarations
--------------------------------------------------------------------
Finished reading DTPMV from file dtpmv.f90
Re-structuring..Writing DTPMV
Rewriting declarations
--------------------------------------------------------------------
Finished reading DTPSV from file dtpsv.f90
Re-structuring..Writing DTPSV
Rewriting declarations
--------------------------------------------------------------------
Finished reading DTRMM from file dtrmm.f90
Re-structuring..Writing DTRMM
Rewriting declarations
--------------------------------------------------------------------
Finished reading DTRMV from file dtrmv.f90
Re-structuring..Writing DTRMV
Rewriting declarations
--------------------------------------------------------------------
Finished reading DTRSM from file dtrsm.f90
Re-structuring..Writing DTRSM
Rewriting declarations
--------------------------------------------------------------------
Finished reading DTRSV from file dtrsv.f90
Re-structuring..Writing DTRSV
Rewriting declarations
--------------------------------------------------------------------
Finished reading DZASUM from file dzasum.f90
Re-structuring..Writing DZASUM
Rewriting declarations
--------------------------------------------------------------------
Finished reading DZNRM2 from file dznrm2.f90
<>I INTRINSIC functn name used for variable  SCALE
Re-structuring..Writing DZNRM2
Rewriting declarations
--------------------------------------------------------------------
Finished reading ICAMAX from file icamax.f90
Re-structuring..Writing ICAMAX
Rewriting declarations
--------------------------------------------------------------------
Finished reading IDAMAX from file idamax.f90
Re-structuring..Writing IDAMAX
Rewriting declarations
--------------------------------------------------------------------
Finished reading ISAMAX from file isamax.f90
Re-structuring..Writing ISAMAX
Rewriting declarations
--------------------------------------------------------------------
Finished reading IZAMAX from file izamax.f90
Re-structuring..Writing IZAMAX
Rewriting declarations
--------------------------------------------------------------------
Finished reading LSAME from file lsame.f90
Re-structuring..Writing LSAME
Rewriting declarations
--------------------------------------------------------------------
Finished reading SASUM from file sasum.f90
Re-structuring..Writing SASUM
Rewriting declarations
--------------------------------------------------------------------
Finished reading SAXPY from file saxpy.f90
Re-structuring..Writing SAXPY
Rewriting declarations
--------------------------------------------------------------------
Finished reading SCABS1 from file scabs1.f90
Re-structuring..Writing SCABS1
Rewriting declarations
--------------------------------------------------------------------
Finished reading SCASUM from file scasum.f90
Re-structuring..Writing SCASUM
Rewriting declarations
--------------------------------------------------------------------
Finished reading SCNRM2 from file scnrm2.f90
<>I INTRINSIC functn name used for variable  SCALE
Re-structuring..Writing SCNRM2
Rewriting declarations
--------------------------------------------------------------------
Finished reading SCOPY from file scopy.f90
Re-structuring..Writing SCOPY
Rewriting declarations
--------------------------------------------------------------------
Finished reading SDOT from file sdot.f90
Re-structuring..Writing SDOT
Rewriting declarations
--------------------------------------------------------------------
Finished reading SDSDOT from file sdsdot.f90
Re-structuring..Writing SDSDOT
Rewriting declarations
--------------------------------------------------------------------
Finished reading SGBMV from file sgbmv.f90
Re-structuring..Writing SGBMV
Rewriting declarations
--------------------------------------------------------------------
Finished reading SGEMM from file sgemm.f90
Re-structuring..Writing SGEMM
Rewriting declarations
--------------------------------------------------------------------
Finished reading SGEMV from file sgemv.f90
Re-structuring..Writing SGEMV
Rewriting declarations
--------------------------------------------------------------------
Finished reading SGER from file sger.f90
Re-structuring..Writing SGER
Rewriting declarations
--------------------------------------------------------------------
Finished reading SNRM2 from file snrm2.f90
<>I INTRINSIC functn name used for variable  SCALE
Re-structuring..Writing SNRM2
Rewriting declarations
--------------------------------------------------------------------
Finished reading SROT from file srot.f90
Re-structuring..Writing SROT
Rewriting declarations
--------------------------------------------------------------------
Finished reading SROTG from file srotg.f90
<>I INTRINSIC functn name used for variable  SCALE
Re-structuring..Writing SROTG
Rewriting declarations
--------------------------------------------------------------------
Finished reading SROTM from file srotm.f90
Re-structuring..Writing SROTM
Rewriting declarations
--------------------------------------------------------------------
Finished reading SROTMG from file srotmg.f90
Re-structuring..Writing SROTMG
Rewriting declarations
--------------------------------------------------------------------
Finished reading SSBMV from file ssbmv.f90
Re-structuring..Writing SSBMV
Rewriting declarations
--------------------------------------------------------------------
Finished reading SSCAL from file sscal.f90
Re-structuring..Writing SSCAL
Rewriting declarations
--------------------------------------------------------------------
Finished reading SSPMV from file sspmv.f90
Re-structuring..Writing SSPMV
Rewriting declarations
--------------------------------------------------------------------
Finished reading SSPR2 from file sspr2.f90
Re-structuring..Writing SSPR2
Rewriting declarations
--------------------------------------------------------------------
Finished reading SSPR from file sspr.f90
Re-structuring..Writing SSPR
Rewriting declarations
--------------------------------------------------------------------
Finished reading SSWAP from file sswap.f90
Re-structuring..Writing SSWAP
Rewriting declarations
--------------------------------------------------------------------
Finished reading SSYMM from file ssymm.f90
Re-structuring..Writing SSYMM
Rewriting declarations
--------------------------------------------------------------------
Finished reading SSYMV from file ssymv.f90
Re-structuring..Writing SSYMV
Rewriting declarations
--------------------------------------------------------------------
Finished reading SSYR2 from file ssyr2.f90
Re-structuring..Writing SSYR2
Rewriting declarations
--------------------------------------------------------------------
Finished reading SSYR2K from file ssyr2k.f90
Re-structuring..Writing SSYR2K
Rewriting declarations
--------------------------------------------------------------------
Finished reading SSYR from file ssyr.f90
Re-structuring..Writing SSYR
Rewriting declarations
--------------------------------------------------------------------
Finished reading SSYRK from file ssyrk.f90
Re-structuring..Writing SSYRK
Rewriting declarations
--------------------------------------------------------------------
Finished reading STBMV from file stbmv.f90
Re-structuring..Writing STBMV
Rewriting declarations
--------------------------------------------------------------------
Finished reading STBSV from file stbsv.f90
Re-structuring..Writing STBSV
Rewriting declarations
--------------------------------------------------------------------
Finished reading STPMV from file stpmv.f90
Re-structuring..Writing STPMV
Rewriting declarations
--------------------------------------------------------------------
Finished reading STPSV from file stpsv.f90
Re-structuring..Writing STPSV
Rewriting declarations
--------------------------------------------------------------------
Finished reading STRMM from file strmm.f90
Re-structuring..Writing STRMM
Rewriting declarations
--------------------------------------------------------------------
Finished reading STRMV from file strmv.f90
Re-structuring..Writing STRMV
Rewriting declarations
--------------------------------------------------------------------
Finished reading STRSM from file strsm.f90
Re-structuring..Writing STRSM
Rewriting declarations
--------------------------------------------------------------------
Finished reading STRSV from file strsv.f90
Re-structuring..Writing STRSV
Rewriting declarations
--------------------------------------------------------------------
Finished reading XERBLA_ARRAY from file xerbla_array.f90
Re-structuring..Writing XERBLA_ARRAY
Rewriting declarations
--------------------------------------------------------------------
Finished reading XERBLA from file xerbla.f90
Re-structuring..Writing XERBLA
Rewriting declarations
--------------------------------------------------------------------
Finished reading ZAXPY from file zaxpy.f90
Re-structuring..Writing ZAXPY
Rewriting declarations
--------------------------------------------------------------------
Finished reading ZCOPY from file zcopy.f90
Re-structuring..Writing ZCOPY
Rewriting declarations
--------------------------------------------------------------------
Finished reading ZDOTC from file zdotc.f90
Re-structuring..Writing ZDOTC
Rewriting declarations
--------------------------------------------------------------------
Finished reading ZDOTU from file zdotu.f90
Re-structuring..Writing ZDOTU
Rewriting declarations
--------------------------------------------------------------------
Finished reading ZDROT from file zdrot.f90
Re-structuring..Writing ZDROT
Rewriting declarations
--------------------------------------------------------------------
Finished reading ZDSCAL from file zdscal.f90
Re-structuring..Writing ZDSCAL
Rewriting declarations
--------------------------------------------------------------------
Finished reading ZGBMV from file zgbmv.f90
Re-structuring..Writing ZGBMV
Rewriting declarations
--------------------------------------------------------------------
Finished reading ZGEMM from file zgemm.f90
Re-structuring..Writing ZGEMM
Rewriting declarations
--------------------------------------------------------------------
Finished reading ZGEMV from file zgemv.f90
Re-structuring..Writing ZGEMV
Rewriting declarations
--------------------------------------------------------------------
Finished reading ZGERC from file zgerc.f90
Re-structuring..Writing ZGERC
Rewriting declarations
--------------------------------------------------------------------
Finished reading ZGERU from file zgeru.f90
Re-structuring..Writing ZGERU
Rewriting declarations
--------------------------------------------------------------------
Finished reading ZHBMV from file zhbmv.f90
Re-structuring..Writing ZHBMV
Rewriting declarations
--------------------------------------------------------------------
Finished reading ZHEMM from file zhemm.f90
Re-structuring..Writing ZHEMM
Rewriting declarations
--------------------------------------------------------------------
Finished reading ZHEMV from file zhemv.f90
Re-structuring..Writing ZHEMV
Rewriting declarations
--------------------------------------------------------------------
Finished reading ZHER2 from file zher2.f90
Re-structuring..Writing ZHER2
Rewriting declarations
--------------------------------------------------------------------
Finished reading ZHER2K from file zher2k.f90
Re-structuring..Writing ZHER2K
Rewriting declarations
--------------------------------------------------------------------
Finished reading ZHER from file zher.f90
Re-structuring..Writing ZHER
Rewriting declarations
--------------------------------------------------------------------
Finished reading ZHERK from file zherk.f90
Re-structuring..Writing ZHERK
Rewriting declarations
--------------------------------------------------------------------
Finished reading ZHPMV from file zhpmv.f90
Re-structuring..Writing ZHPMV
Rewriting declarations
--------------------------------------------------------------------
Finished reading ZHPR2 from file zhpr2.f90
Re-structuring..Writing ZHPR2
Rewriting declarations
--------------------------------------------------------------------
Finished reading ZHPR from file zhpr.f90
Re-structuring..Writing ZHPR
Rewriting declarations
--------------------------------------------------------------------
Finished reading ZROTG from file zrotg.f90
<>I INTRINSIC functn name used for variable  SCALE
Re-structuring..Writing ZROTG
Rewriting declarations
--------------------------------------------------------------------
Finished reading ZSCAL from file zscal.f90
Re-structuring..Writing ZSCAL
Rewriting declarations
--------------------------------------------------------------------
Finished reading ZSWAP from file zswap.f90
Re-structuring..Writing ZSWAP
Rewriting declarations
--------------------------------------------------------------------
Finished reading ZSYMM from file zsymm.f90
Re-structuring..Writing ZSYMM
Rewriting declarations
--------------------------------------------------------------------
Finished reading ZSYR2K from file zsyr2k.f90
Re-structuring..Writing ZSYR2K
Rewriting declarations
--------------------------------------------------------------------
Finished reading ZSYRK from file zsyrk.f90
Re-structuring..Writing ZSYRK
Rewriting declarations
--------------------------------------------------------------------
Finished reading ZTBMV from file ztbmv.f90
Re-structuring..Writing ZTBMV
Rewriting declarations
--------------------------------------------------------------------
Finished reading ZTBSV from file ztbsv.f90
Re-structuring..Writing ZTBSV
Rewriting declarations
--------------------------------------------------------------------
Finished reading ZTPMV from file ztpmv.f90
Re-structuring..Writing ZTPMV
Rewriting declarations
--------------------------------------------------------------------
Finished reading ZTPSV from file ztpsv.f90
Re-structuring..Writing ZTPSV
Rewriting declarations
--------------------------------------------------------------------
Finished reading ZTRMM from file ztrmm.f90
Re-structuring..Writing ZTRMM
Rewriting declarations
--------------------------------------------------------------------
Finished reading ZTRMV from file ztrmv.f90
Re-structuring..Writing ZTRMV
Rewriting declarations
--------------------------------------------------------------------
Finished reading ZTRSM from file ztrsm.f90
Re-structuring..Writing ZTRSM
Rewriting declarations
--------------------------------------------------------------------
Finished reading ZTRSV from file ztrsv.f90
Re-structuring..Writing ZTRSV
Rewriting declarations
--------------------------------------------------------------------
 
End of input after 151 sub-programs (41886 lines)
 
   151 were re-structured
   151 were re-labelled
   151 were beautified
 
     8 diagnostics generated
 
     8 occurrences of INTRINSIC functn name used for variable
 
SPAG finished normally
