SPAG - Version 7.51RB executing at 21:36 on  3 Mar 2022
Copyright (C) Polyhedron Solutions - 1987-2022 - All rights reserved
 
Licensee : fortran-lang.discourse.group - Windows, Mac or Linux
         : Valid until 31st March 2022
 
Licence data             read from /opt/plusfort_x64Linux_751/plusFORT.fig
Licence Expiry Date  Mar 2022
KIND information         read from /opt/plusfort_x64Linux_751/f77kinds.f90
INTRINSIC function names read from /opt/plusfort_x64Linux_751/f90func.txt
Output files will be written in directory /home/urbanjs/venus/V600/github/spag_lapack/src/variants/cholesky/rl/SPAGged/
Configuration data       read from spag.fig
Input Ordering Pre-scan
--------------------------------------------------------------------
Finished reading CPOTRF from file cpotrf.f90
Re-structuring..Writing CPOTRF
Rewriting declarations
--------------------------------------------------------------------
Finished reading DPOTRF from file dpotrf.f90
Re-structuring..Writing DPOTRF
Rewriting declarations
--------------------------------------------------------------------
Finished reading SPOTRF from file spotrf.f90
Re-structuring..Writing SPOTRF
Rewriting declarations
--------------------------------------------------------------------
Finished reading ZPOTRF from file zpotrf.f90
Re-structuring..Writing ZPOTRF
Rewriting declarations
--------------------------------------------------------------------
 
End of input after 4 sub-programs (938 lines)
 
     4 were re-structured
     4 were re-labelled
     4 were beautified
 
No diagnostics generated
 
SPAG finished normally
