SPAG - Version 7.51RB executing at 21:36 on  3 Mar 2022
Copyright (C) Polyhedron Solutions - 1987-2022 - All rights reserved
 
Licensee : fortran-lang.discourse.group - Windows, Mac or Linux
         : Valid until 31st March 2022
 
Licence data             read from /opt/plusfort_x64Linux_751/plusFORT.fig
Licence Expiry Date  Mar 2022
KIND information         read from /opt/plusfort_x64Linux_751/f77kinds.f90
INTRINSIC function names read from /opt/plusfort_x64Linux_751/f90func.txt
Output files will be written in directory /home/urbanjs/venus/V600/github/spag_lapack/src/deprecated/SPAGged/
Configuration data       read from spag.fig
Input Ordering Pre-scan
--------------------------------------------------------------------
Finished reading CGEGS from file cgegs.f90
Re-structuring..Writing CGEGS
Rewriting declarations
--------------------------------------------------------------------
Finished reading CGEGV from file cgegv.f90
<>I INTRINSIC functn name used for variable  SCALE
Re-structuring..Writing CGEGV
Rewriting declarations
--------------------------------------------------------------------
Finished reading CGELSX from file cgelsx.f90
Re-structuring..Writing CGELSX
Rewriting declarations
--------------------------------------------------------------------
Finished reading CGEQPF from file cgeqpf.f90
Re-structuring..Writing CGEQPF
Rewriting declarations
--------------------------------------------------------------------
Finished reading CGGSVD from file cggsvd.f90
Re-structuring..Writing CGGSVD
Rewriting declarations
--------------------------------------------------------------------
Finished reading CGGSVP from file cggsvp.f90
Re-structuring..Writing CGGSVP
Rewriting declarations
--------------------------------------------------------------------
Finished reading CLAHRD from file clahrd.f90
Re-structuring..Writing CLAHRD
Rewriting declarations
--------------------------------------------------------------------
Finished reading CLATZM from file clatzm.f90
Re-structuring..Writing CLATZM
Rewriting declarations
--------------------------------------------------------------------
Finished reading CTZRQF from file ctzrqf.f90
Re-structuring..Writing CTZRQF
Rewriting declarations
--------------------------------------------------------------------
Finished reading DGEGS from file dgegs.f90
Re-structuring..Writing DGEGS
Rewriting declarations
--------------------------------------------------------------------
Finished reading DGEGV from file dgegv.f90
<>I INTRINSIC functn name used for variable  SCALE
Re-structuring..Writing DGEGV
Rewriting declarations
--------------------------------------------------------------------
Finished reading DGELSX from file dgelsx.f90
Re-structuring..Writing DGELSX
Rewriting declarations
--------------------------------------------------------------------
Finished reading DGEQPF from file dgeqpf.f90
Re-structuring..Writing DGEQPF
Rewriting declarations
--------------------------------------------------------------------
Finished reading DGGSVD from file dggsvd.f90
Re-structuring..Writing DGGSVD
Rewriting declarations
--------------------------------------------------------------------
Finished reading DGGSVP from file dggsvp.f90
Re-structuring..Writing DGGSVP
Rewriting declarations
--------------------------------------------------------------------
Finished reading DLAHRD from file dlahrd.f90
Re-structuring..Writing DLAHRD
Rewriting declarations
--------------------------------------------------------------------
Finished reading DLATZM from file dlatzm.f90
Re-structuring..Writing DLATZM
Rewriting declarations
--------------------------------------------------------------------
Finished reading DTZRQF from file dtzrqf.f90
Re-structuring..Writing DTZRQF
Rewriting declarations
--------------------------------------------------------------------
Finished reading SGEGS from file sgegs.f90
Re-structuring..Writing SGEGS
Rewriting declarations
--------------------------------------------------------------------
Finished reading SGEGV from file sgegv.f90
<>I INTRINSIC functn name used for variable  SCALE
Re-structuring..Writing SGEGV
Rewriting declarations
--------------------------------------------------------------------
Finished reading SGELSX from file sgelsx.f90
Re-structuring..Writing SGELSX
Rewriting declarations
--------------------------------------------------------------------
Finished reading SGEQPF from file sgeqpf.f90
Re-structuring..Writing SGEQPF
Rewriting declarations
--------------------------------------------------------------------
Finished reading SGGSVD from file sggsvd.f90
Re-structuring..Writing SGGSVD
Rewriting declarations
--------------------------------------------------------------------
Finished reading SGGSVP from file sggsvp.f90
Re-structuring..Writing SGGSVP
Rewriting declarations
--------------------------------------------------------------------
Finished reading SLAHRD from file slahrd.f90
Re-structuring..Writing SLAHRD
Rewriting declarations
--------------------------------------------------------------------
Finished reading SLATZM from file slatzm.f90
Re-structuring..Writing SLATZM
Rewriting declarations
--------------------------------------------------------------------
Finished reading STZRQF from file stzrqf.f90
Re-structuring..Writing STZRQF
Rewriting declarations
--------------------------------------------------------------------
Finished reading ZGEGS from file zgegs.f90
Re-structuring..Writing ZGEGS
Rewriting declarations
--------------------------------------------------------------------
Finished reading ZGEGV from file zgegv.f90
<>I INTRINSIC functn name used for variable  SCALE
Re-structuring..Writing ZGEGV
Rewriting declarations
--------------------------------------------------------------------
Finished reading ZGELSX from file zgelsx.f90
Re-structuring..Writing ZGELSX
Rewriting declarations
--------------------------------------------------------------------
Finished reading ZGEQPF from file zgeqpf.f90
Re-structuring..Writing ZGEQPF
Rewriting declarations
--------------------------------------------------------------------
Finished reading ZGGSVD from file zggsvd.f90
Re-structuring..Writing ZGGSVD
Rewriting declarations
--------------------------------------------------------------------
Finished reading ZGGSVP from file zggsvp.f90
Re-structuring..Writing ZGGSVP
Rewriting declarations
--------------------------------------------------------------------
Finished reading ZLAHRD from file zlahrd.f90
Re-structuring..Writing ZLAHRD
Rewriting declarations
--------------------------------------------------------------------
Finished reading ZLATZM from file zlatzm.f90
Re-structuring..Writing ZLATZM
Rewriting declarations
--------------------------------------------------------------------
Finished reading ZTZRQF from file ztzrqf.f90
Re-structuring..Writing ZTZRQF
Rewriting declarations
--------------------------------------------------------------------
 
End of input after 36 sub-programs (14865 lines)
 
    36 were re-structured
    36 were re-labelled
    36 were beautified
 
     4 diagnostics generated
 
     4 occurrences of INTRINSIC functn name used for variable
 
SPAG finished normally
