SPAG - Version 7.51RB executing at 21:36 on  3 Mar 2022
Copyright (C) Polyhedron Solutions - 1987-2022 - All rights reserved
 
Licensee : fortran-lang.discourse.group - Windows, Mac or Linux
         : Valid until 31st March 2022
 
Licence data             read from /opt/plusfort_x64Linux_751/plusFORT.fig
Licence Expiry Date  Mar 2022
KIND information         read from /opt/plusfort_x64Linux_751/f77kinds.f90
INTRINSIC function names read from /opt/plusfort_x64Linux_751/f90func.txt
Output files will be written in directory /home/urbanjs/venus/V600/github/spag_lapack/src/integer/SPAGged/
Configuration data       read from spag.fig
Input Ordering Pre-scan
--------------------------------------------------------------------
Finished reading ICMAX1 from file icmax1.f90
Re-structuring..Writing ICMAX1
Rewriting declarations
--------------------------------------------------------------------
Finished reading IEEECK from file ieeeck.f90
Re-structuring..Writing IEEECK
Rewriting declarations
--------------------------------------------------------------------
Finished reading ILACLC from file ilaclc.f90
Re-structuring..Writing ILACLC
Rewriting declarations
--------------------------------------------------------------------
Finished reading ILACLR from file ilaclr.f90
Re-structuring..Writing ILACLR
Rewriting declarations
--------------------------------------------------------------------
Finished reading ILADIAG from file iladiag.f90
Re-structuring..Writing ILADIAG
Rewriting declarations
--------------------------------------------------------------------
Finished reading ILADLC from file iladlc.f90
Re-structuring..Writing ILADLC
Rewriting declarations
--------------------------------------------------------------------
Finished reading ILADLR from file iladlr.f90
Re-structuring..Writing ILADLR
Rewriting declarations
--------------------------------------------------------------------
Finished reading ILAENV2STAGE from file ilaenv2stage.f90
Re-structuring..Writing ILAENV2STAGE
Rewriting declarations
--------------------------------------------------------------------
Finished reading ILAENV from file ilaenv.f90
Re-structuring..Writing ILAENV
Rewriting declarations
--------------------------------------------------------------------
Finished reading ILAPREC from file ilaprec.f90
Re-structuring..Writing ILAPREC
Rewriting declarations
--------------------------------------------------------------------
Finished reading ILASLC from file ilaslc.f90
Re-structuring..Writing ILASLC
Rewriting declarations
--------------------------------------------------------------------
Finished reading ILASLR from file ilaslr.f90
Re-structuring..Writing ILASLR
Rewriting declarations
--------------------------------------------------------------------
Finished reading ILATRANS from file ilatrans.f90
Re-structuring..Writing ILATRANS
Rewriting declarations
--------------------------------------------------------------------
Finished reading ILAUPLO from file ilauplo.f90
Re-structuring..Writing ILAUPLO
Rewriting declarations
--------------------------------------------------------------------
Finished reading ILAZLC from file ilazlc.f90
Re-structuring..Writing ILAZLC
Rewriting declarations
--------------------------------------------------------------------
Finished reading ILAZLR from file ilazlr.f90
Re-structuring..Writing ILAZLR
Rewriting declarations
--------------------------------------------------------------------
Finished reading IPARMQ from file iparmq.f90
<>I Argument is not used                     LWORK
<>I Argument is not used                     N
<>I Argument is not used                     OPTS
Re-structuring..Writing IPARMQ
Rewriting declarations
--------------------------------------------------------------------
Finished reading IZMAX1 from file izmax1.f90
Re-structuring..Writing IZMAX1
Rewriting declarations
--------------------------------------------------------------------
 
End of input after 18 sub-programs (3086 lines)
 
    18 were re-structured
    18 were re-labelled
    18 were beautified
 
     3 diagnostics generated
 
     3 occurrences of Argument is not used
 
SPAG finished normally
