SPAG - Version 7.51RB executing at 21:36 on  3 Mar 2022
Copyright (C) Polyhedron Solutions - 1987-2022 - All rights reserved
 
Licensee : fortran-lang.discourse.group - Windows, Mac or Linux
         : Valid until 31st March 2022
 
Licence data             read from /opt/plusfort_x64Linux_751/plusFORT.fig
Licence Expiry Date  Mar 2022
KIND information         read from /opt/plusfort_x64Linux_751/f77kinds.f90
INTRINSIC function names read from /opt/plusfort_x64Linux_751/f90func.txt
Output files will be written in directory /home/urbanjs/venus/V600/github/spag_lapack/src/double/SPAGged/
Configuration data       read from spag.fig
Input Ordering Pre-scan
--------------------------------------------------------------------
Finished reading DBBCSD from file dbbcsd.f90
Re-structuring..Writing DBBCSD
Rewriting declarations
--------------------------------------------------------------------
Finished reading DBDSDC from file dbdsdc.f90
Re-structuring..Writing DBDSDC
Rewriting declarations
--------------------------------------------------------------------
Finished reading DBDSQR from file dbdsqr.f90
Re-structuring..Writing DBDSQR
Rewriting declarations
--------------------------------------------------------------------
Finished reading DBDSVDX from file dbdsvdx.f90
<>I INTRINSIC functn name used for variable  RANGE
Re-structuring..Writing DBDSVDX
Rewriting declarations
--------------------------------------------------------------------
Finished reading DCOMBSSQ from file dcombssq.f90
Re-structuring..Writing DCOMBSSQ
Rewriting declarations
--------------------------------------------------------------------
Finished reading DDISNA from file ddisna.f90
Re-structuring..Writing DDISNA
Rewriting declarations
--------------------------------------------------------------------
Finished reading DGBBRD from file dgbbrd.f90
Re-structuring..Writing DGBBRD
Rewriting declarations
--------------------------------------------------------------------
Finished reading DGBCON from file dgbcon.f90
<>I INTRINSIC functn name used for variable  SCALE
Re-structuring..Writing DGBCON
Rewriting declarations
--------------------------------------------------------------------
Finished reading DGBEQUB from file dgbequb.f90
<>I INTRINSIC functn name used for variable  RADIX
Re-structuring..Writing DGBEQUB
Rewriting declarations
--------------------------------------------------------------------
Finished reading DGBEQU from file dgbequ.f90
Re-structuring..Writing DGBEQU
Rewriting declarations
--------------------------------------------------------------------
Finished reading DGBRFS from file dgbrfs.f90
<>I INTRINSIC functn name used for variable  COUNT
Re-structuring..Writing DGBRFS
Rewriting declarations
--------------------------------------------------------------------
Finished reading DGBRFSX from file dgbrfsx.f90
Re-structuring..Writing DGBRFSX
Rewriting declarations
--------------------------------------------------------------------
Finished reading DGBSV from file dgbsv.f90
Re-structuring..Writing DGBSV
Rewriting declarations
--------------------------------------------------------------------
Finished reading DGBSVX from file dgbsvx.f90
Re-structuring..Writing DGBSVX
Rewriting declarations
--------------------------------------------------------------------
Finished reading DGBSVXX from file dgbsvxx.f90
Re-structuring..Writing DGBSVXX
Rewriting declarations
--------------------------------------------------------------------
Finished reading DGBTF2 from file dgbtf2.f90
Re-structuring..Writing DGBTF2
Rewriting declarations
--------------------------------------------------------------------
Finished reading DGBTRF from file dgbtrf.f90
Re-structuring..Writing DGBTRF
Rewriting declarations
--------------------------------------------------------------------
Finished reading DGBTRS from file dgbtrs.f90
Re-structuring..Writing DGBTRS
Rewriting declarations
--------------------------------------------------------------------
Finished reading DGEBAK from file dgebak.f90
<>I INTRINSIC functn name used for variable  SCALE
Re-structuring..Writing DGEBAK
Rewriting declarations
--------------------------------------------------------------------
Finished reading DGEBAL from file dgebal.f90
<>I INTRINSIC functn name used for variable  SCALE
Re-structuring..Writing DGEBAL
Rewriting declarations
--------------------------------------------------------------------
Finished reading DGEBD2 from file dgebd2.f90
Re-structuring..Writing DGEBD2
Rewriting declarations
--------------------------------------------------------------------
Finished reading DGEBRD from file dgebrd.f90
Re-structuring..Writing DGEBRD
Rewriting declarations
--------------------------------------------------------------------
Finished reading DGECON from file dgecon.f90
<>I INTRINSIC functn name used for variable  SCALE
Re-structuring..Writing DGECON
Rewriting declarations
--------------------------------------------------------------------
Finished reading DGEEQUB from file dgeequb.f90
<>I INTRINSIC functn name used for variable  RADIX
Re-structuring..Writing DGEEQUB
Rewriting declarations
--------------------------------------------------------------------
Finished reading DGEEQU from file dgeequ.f90
Re-structuring..Writing DGEEQU
Rewriting declarations
--------------------------------------------------------------------
Finished reading DGEES from file dgees.f90
Re-structuring..Writing DGEES
Rewriting declarations
--------------------------------------------------------------------
Finished reading DGEESX from file dgeesx.f90
Re-structuring..Writing DGEESX
Rewriting declarations
--------------------------------------------------------------------
Finished reading DGEEV from file dgeev.f90
Re-structuring..Writing DGEEV
Rewriting declarations
--------------------------------------------------------------------
Finished reading DGEEVX from file dgeevx.f90
<>I INTRINSIC functn name used for variable  SCALE
Re-structuring..Writing DGEEVX
Rewriting declarations
--------------------------------------------------------------------
Finished reading DGEHD2 from file dgehd2.f90
Re-structuring..Writing DGEHD2
Rewriting declarations
--------------------------------------------------------------------
Finished reading DGEHRD from file dgehrd.f90
Re-structuring..Writing DGEHRD
Rewriting declarations
--------------------------------------------------------------------
Finished reading DGEJSV from file dgejsv.f90
Re-structuring..Writing DGEJSV
Rewriting declarations
--------------------------------------------------------------------
Finished reading DGELQ2 from file dgelq2.f90
Re-structuring..Writing DGELQ2
Rewriting declarations
--------------------------------------------------------------------
Finished reading DGELQ from file dgelq.f90
Re-structuring..Writing DGELQ
Rewriting declarations
--------------------------------------------------------------------
Finished reading DGELQF from file dgelqf.f90
Re-structuring..Writing DGELQF
Rewriting declarations
--------------------------------------------------------------------
Finished reading DGELQT3 from file dgelqt3.f90
Re-structuring..Writing DGELQT3
Rewriting declarations
--------------------------------------------------------------------
Finished reading DGELQT from file dgelqt.f90
Re-structuring..Writing DGELQT
Rewriting declarations
--------------------------------------------------------------------
Finished reading DGELSD from file dgelsd.f90
Re-structuring..Writing DGELSD
Rewriting declarations
--------------------------------------------------------------------
Finished reading DGELS from file dgels.f90
Re-structuring..Writing DGELS
Rewriting declarations
--------------------------------------------------------------------
Finished reading DGELSS from file dgelss.f90
Re-structuring..Writing DGELSS
Rewriting declarations
--------------------------------------------------------------------
Finished reading DGELSY from file dgelsy.f90
Re-structuring..Writing DGELSY
Rewriting declarations
--------------------------------------------------------------------
Finished reading DGEMLQ from file dgemlq.f90
<>I Variable assigned a value but not used   NBLCKS
Re-structuring..Writing DGEMLQ
Rewriting declarations
--------------------------------------------------------------------
Finished reading DGEMLQT from file dgemlqt.f90
Re-structuring..Writing DGEMLQT
Rewriting declarations
--------------------------------------------------------------------
Finished reading DGEMQR from file dgemqr.f90
<>I Variable assigned a value but not used   NBLCKS
Re-structuring..Writing DGEMQR
Rewriting declarations
--------------------------------------------------------------------
Finished reading DGEMQRT from file dgemqrt.f90
Re-structuring..Writing DGEMQRT
Rewriting declarations
--------------------------------------------------------------------
Finished reading DGEQL2 from file dgeql2.f90
Re-structuring..Writing DGEQL2
Rewriting declarations
--------------------------------------------------------------------
Finished reading DGEQLF from file dgeqlf.f90
Re-structuring..Writing DGEQLF
Rewriting declarations
--------------------------------------------------------------------
Finished reading DGEQP3 from file dgeqp3.f90
Re-structuring..Writing DGEQP3
Rewriting declarations
--------------------------------------------------------------------
Finished reading DGEQR2 from file dgeqr2.f90
Re-structuring..Writing DGEQR2
Rewriting declarations
--------------------------------------------------------------------
Finished reading DGEQR2P from file dgeqr2p.f90
Re-structuring..Writing DGEQR2P
Rewriting declarations
--------------------------------------------------------------------
Finished reading DGEQR from file dgeqr.f90
Re-structuring..Writing DGEQR
Rewriting declarations
--------------------------------------------------------------------
Finished reading DGEQRF from file dgeqrf.f90
Re-structuring..Writing DGEQRF
Rewriting declarations
--------------------------------------------------------------------
Finished reading DGEQRFP from file dgeqrfp.f90
Re-structuring..Writing DGEQRFP
Rewriting declarations
--------------------------------------------------------------------
Finished reading DGEQRT2 from file dgeqrt2.f90
Re-structuring..Writing DGEQRT2
Rewriting declarations
--------------------------------------------------------------------
Finished reading DGEQRT3 from file dgeqrt3.f90
Re-structuring..Writing DGEQRT3
Rewriting declarations
--------------------------------------------------------------------
Finished reading DGEQRT from file dgeqrt.f90
Re-structuring..Writing DGEQRT
Rewriting declarations
--------------------------------------------------------------------
Finished reading DGERFS from file dgerfs.f90
<>I INTRINSIC functn name used for variable  COUNT
Re-structuring..Writing DGERFS
Rewriting declarations
--------------------------------------------------------------------
Finished reading DGERFSX from file dgerfsx.f90
Re-structuring..Writing DGERFSX
Rewriting declarations
--------------------------------------------------------------------
Finished reading DGERQ2 from file dgerq2.f90
Re-structuring..Writing DGERQ2
Rewriting declarations
--------------------------------------------------------------------
Finished reading DGERQF from file dgerqf.f90
Re-structuring..Writing DGERQF
Rewriting declarations
--------------------------------------------------------------------
Finished reading DGESC2 from file dgesc2.f90
<>I INTRINSIC functn name used for variable  SCALE
Re-structuring..Writing DGESC2
Rewriting declarations
--------------------------------------------------------------------
Finished reading DGESDD from file dgesdd.f90
<>I Variable assigned a value but not used   LWORK_DORGBR_P_MM
<>I Variable assigned a value but not used   LWORK_DORGBR_Q_NN
Re-structuring..Writing DGESDD
Rewriting declarations
--------------------------------------------------------------------
Finished reading DGESVD from file dgesvd.f90
Re-structuring..Writing DGESVD
Rewriting declarations
--------------------------------------------------------------------
Finished reading DGESVDQ from file dgesvdq.f90
Re-structuring..Writing DGESVDQ
Rewriting declarations
--------------------------------------------------------------------
Finished reading DGESVDX from file dgesvdx.f90
<>I Variable assigned a value but not used   ABSTOL
<>I INTRINSIC functn name used for variable  RANGE
Re-structuring..Writing DGESVDX
Rewriting declarations
--------------------------------------------------------------------
Finished reading DGESV from file dgesv.f90
Re-structuring..Writing DGESV
Rewriting declarations
--------------------------------------------------------------------
Finished reading DGESVJ from file dgesvj.f90
<>I Variable assigned a value but not used   LARGE
Re-structuring..Writing DGESVJ
Rewriting declarations
--------------------------------------------------------------------
Finished reading DGESVX from file dgesvx.f90
Re-structuring..Writing DGESVX
Rewriting declarations
--------------------------------------------------------------------
Finished reading DGESVXX from file dgesvxx.f90
Re-structuring..Writing DGESVXX
Rewriting declarations
--------------------------------------------------------------------
Finished reading DGETC2 from file dgetc2.f90
Re-structuring..Writing DGETC2
Rewriting declarations
--------------------------------------------------------------------
Finished reading DGETF2 from file dgetf2.f90
Re-structuring..Writing DGETF2
Rewriting declarations
--------------------------------------------------------------------
Finished reading DGETRF2 from file dgetrf2.f90
Re-structuring..Writing DGETRF2
Rewriting declarations
--------------------------------------------------------------------
Finished reading DGETRF from file dgetrf.f90
Re-structuring..Writing DGETRF
Rewriting declarations
--------------------------------------------------------------------
Finished reading DGETRI from file dgetri.f90
Re-structuring..Writing DGETRI
Rewriting declarations
--------------------------------------------------------------------
Finished reading DGETRS from file dgetrs.f90
Re-structuring..Writing DGETRS
Rewriting declarations
--------------------------------------------------------------------
Finished reading DGETSLS from file dgetsls.f90
<>I Variable assigned a value but not used   MNK
Re-structuring..Writing DGETSLS
Rewriting declarations
--------------------------------------------------------------------
Finished reading DGETSQRHRT from file dgetsqrhrt.f90
Re-structuring..Writing DGETSQRHRT
Rewriting declarations
--------------------------------------------------------------------
Finished reading DGGBAK from file dggbak.f90
Re-structuring..Writing DGGBAK
Rewriting declarations
--------------------------------------------------------------------
Finished reading DGGBAL from file dggbal.f90
<>I INTRINSIC functn name used for variable  SUM
Re-structuring..Writing DGGBAL
Rewriting declarations
--------------------------------------------------------------------
Finished reading DGGES3 from file dgges3.f90
Re-structuring..Writing DGGES3
Rewriting declarations
--------------------------------------------------------------------
Finished reading DGGES from file dgges.f90
Re-structuring..Writing DGGES
Rewriting declarations
--------------------------------------------------------------------
Finished reading DGGESX from file dggesx.f90
Re-structuring..Writing DGGESX
Rewriting declarations
--------------------------------------------------------------------
Finished reading DGGEV3 from file dggev3.f90
Re-structuring..Writing DGGEV3
Rewriting declarations
--------------------------------------------------------------------
Finished reading DGGEV from file dggev.f90
Re-structuring..Writing DGGEV
Rewriting declarations
--------------------------------------------------------------------
Finished reading DGGEVX from file dggevx.f90
Re-structuring..Writing DGGEVX
Rewriting declarations
--------------------------------------------------------------------
Finished reading DGGGLM from file dggglm.f90
Re-structuring..Writing DGGGLM
Rewriting declarations
--------------------------------------------------------------------
Finished reading DGGHD3 from file dgghd3.f90
<>I INTRINSIC functn name used for variable  LEN
Re-structuring..Writing DGGHD3
Rewriting declarations
--------------------------------------------------------------------
Finished reading DGGHRD from file dgghrd.f90
Re-structuring..Writing DGGHRD
Rewriting declarations
--------------------------------------------------------------------
Finished reading DGGLSE from file dgglse.f90
Re-structuring..Writing DGGLSE
Rewriting declarations
--------------------------------------------------------------------
Finished reading DGGQRF from file dggqrf.f90
Re-structuring..Writing DGGQRF
Rewriting declarations
--------------------------------------------------------------------
Finished reading DGGRQF from file dggrqf.f90
Re-structuring..Writing DGGRQF
Rewriting declarations
--------------------------------------------------------------------
Finished reading DGGSVD3 from file dggsvd3.f90
Re-structuring..Writing DGGSVD3
Rewriting declarations
--------------------------------------------------------------------
Finished reading DGGSVP3 from file dggsvp3.f90
Re-structuring..Writing DGGSVP3
Rewriting declarations
--------------------------------------------------------------------
Finished reading DGSVJ0 from file dgsvj0.f90
Re-structuring..Writing DGSVJ0
Rewriting declarations
--------------------------------------------------------------------
Finished reading DGSVJ1 from file dgsvj1.f90
<>I Variable assigned a value but not used   LARGE
Re-structuring..Writing DGSVJ1
Rewriting declarations
--------------------------------------------------------------------
Finished reading DGTCON from file dgtcon.f90
Re-structuring..Writing DGTCON
Rewriting declarations
--------------------------------------------------------------------
Finished reading DGTRFS from file dgtrfs.f90
<>I INTRINSIC functn name used for variable  COUNT
Re-structuring..Writing DGTRFS
Rewriting declarations
--------------------------------------------------------------------
Finished reading DGTSV from file dgtsv.f90
Re-structuring..Writing DGTSV
Rewriting declarations
--------------------------------------------------------------------
Finished reading DGTSVX from file dgtsvx.f90
Re-structuring..Writing DGTSVX
Rewriting declarations
--------------------------------------------------------------------
Finished reading DGTTRF from file dgttrf.f90
Re-structuring..Writing DGTTRF
Rewriting declarations
--------------------------------------------------------------------
Finished reading DGTTRS from file dgttrs.f90
Re-structuring..Writing DGTTRS
Rewriting declarations
--------------------------------------------------------------------
Finished reading DGTTS2 from file dgtts2.f90
Re-structuring..Writing DGTTS2
Rewriting declarations
--------------------------------------------------------------------
Finished reading DHGEQZ from file dhgeqz.f90
<>I INTRINSIC functn name used for variable  SCALE
Re-structuring..Writing DHGEQZ
Rewriting declarations
--------------------------------------------------------------------
Finished reading DHSEIN from file dhsein.f90
Re-structuring..Writing DHSEIN
Rewriting declarations
--------------------------------------------------------------------
Finished reading DHSEQR from file dhseqr.f90
Re-structuring..Writing DHSEQR
Rewriting declarations
--------------------------------------------------------------------
Finished reading DISNAN from file disnan.f90
Re-structuring..Writing DISNAN
Rewriting declarations
--------------------------------------------------------------------
Finished reading DLABAD from file dlabad.f90
Re-structuring..Writing DLABAD
Rewriting declarations
--------------------------------------------------------------------
Finished reading DLABRD from file dlabrd.f90
Re-structuring..Writing DLABRD
Rewriting declarations
--------------------------------------------------------------------
Finished reading DLACN2 from file dlacn2.f90
Re-structuring..Writing DLACN2
Rewriting declarations
--------------------------------------------------------------------
Finished reading DLACON from file dlacon.f90
Re-structuring..Writing DLACON
Rewriting declarations
--------------------------------------------------------------------
Finished reading DLACPY from file dlacpy.f90
Re-structuring..Writing DLACPY
Rewriting declarations
--------------------------------------------------------------------
Finished reading DLADIV from file dladiv.f90
Re-structuring..Writing DLADIV
Rewriting declarations
--------------------------------------------------------------------
Finished reading DLADIV1 from file dladiv.f90
Re-structuring..Writing DLADIV1
Rewriting declarations
--------------------------------------------------------------------
Finished reading DLADIV2 from file dladiv.f90
Re-structuring..Writing DLADIV2
Rewriting declarations
--------------------------------------------------------------------
Finished reading DLAE2 from file dlae2.f90
Re-structuring..Writing DLAE2
Rewriting declarations
--------------------------------------------------------------------
Finished reading DLAEBZ from file dlaebz.f90
<>I Argument is not used                     E
Re-structuring..Writing DLAEBZ
Rewriting declarations
--------------------------------------------------------------------
Finished reading DLAED0 from file dlaed0.f90
Re-structuring..Writing DLAED0
Rewriting declarations
--------------------------------------------------------------------
Finished reading DLAED1 from file dlaed1.f90
Re-structuring..Writing DLAED1
Rewriting declarations
--------------------------------------------------------------------
Finished reading DLAED2 from file dlaed2.f90
Re-structuring..Writing DLAED2
Rewriting declarations
--------------------------------------------------------------------
Finished reading DLAED3 from file dlaed3.f90
Re-structuring..Writing DLAED3
Rewriting declarations
--------------------------------------------------------------------
Finished reading DLAED4 from file dlaed4.f90
Re-structuring..Writing DLAED4
Rewriting declarations
--------------------------------------------------------------------
Finished reading DLAED5 from file dlaed5.f90
Re-structuring..Writing DLAED5
Rewriting declarations
--------------------------------------------------------------------
Finished reading DLAED6 from file dlaed6.f90
<>I INTRINSIC functn name used for variable  SCALE
Re-structuring..Writing DLAED6
Rewriting declarations
--------------------------------------------------------------------
Finished reading DLAED7 from file dlaed7.f90
Re-structuring..Writing DLAED7
Rewriting declarations
--------------------------------------------------------------------
Finished reading DLAED8 from file dlaed8.f90
Re-structuring..Writing DLAED8
Rewriting declarations
--------------------------------------------------------------------
Finished reading DLAED9 from file dlaed9.f90
Re-structuring..Writing DLAED9
Rewriting declarations
--------------------------------------------------------------------
Finished reading DLAEDA from file dlaeda.f90
Re-structuring..Writing DLAEDA
Rewriting declarations
--------------------------------------------------------------------
Finished reading DLAEIN from file dlaein.f90
<>I INTRINSIC functn name used for variable  SCALE
Re-structuring..Writing DLAEIN
Rewriting declarations
--------------------------------------------------------------------
Finished reading DLAEV2 from file dlaev2.f90
Re-structuring..Writing DLAEV2
Rewriting declarations
--------------------------------------------------------------------
Finished reading DLAEXC from file dlaexc.f90
<>I INTRINSIC functn name used for variable  SCALE
Re-structuring..Writing DLAEXC
Rewriting declarations
--------------------------------------------------------------------
Finished reading DLAG2 from file dlag2.f90
<>I INTRINSIC functn name used for variable  SUM
Re-structuring..Writing DLAG2
Rewriting declarations
--------------------------------------------------------------------
Finished reading DLAG2S from file dlag2s.f90
Re-structuring..Writing DLAG2S
Rewriting declarations
--------------------------------------------------------------------
Finished reading DLA_GBAMV from file dla_gbamv.f90
Re-structuring..Writing DLA_GBAMV
Rewriting declarations
--------------------------------------------------------------------
Finished reading DLA_GBRCOND from file dla_gbrcond.f90
Re-structuring..Writing DLA_GBRCOND
Rewriting declarations
--------------------------------------------------------------------
Finished reading DLA_GBRFSX_EXTENDED from file dla_gbrfsx_extended.f90
Re-structuring..Writing DLA_GBRFSX_EXTENDED
Rewriting declarations
--------------------------------------------------------------------
Finished reading DLA_GBRPVGRW from file dla_gbrpvgrw.f90
Re-structuring..Writing DLA_GBRPVGRW
Rewriting declarations
--------------------------------------------------------------------
Finished reading DLA_GEAMV from file dla_geamv.f90
Re-structuring..Writing DLA_GEAMV
Rewriting declarations
--------------------------------------------------------------------
Finished reading DLA_GERCOND from file dla_gercond.f90
Re-structuring..Writing DLA_GERCOND
Rewriting declarations
--------------------------------------------------------------------
Finished reading DLA_GERFSX_EXTENDED from file dla_gerfsx_extended.f90
Re-structuring..Writing DLA_GERFSX_EXTENDED
Rewriting declarations
--------------------------------------------------------------------
Finished reading DLA_GERPVGRW from file dla_gerpvgrw.f90
Re-structuring..Writing DLA_GERPVGRW
Rewriting declarations
--------------------------------------------------------------------
Finished reading DLAGS2 from file dlags2.f90
Re-structuring..Writing DLAGS2
Rewriting declarations
--------------------------------------------------------------------
Finished reading DLAGTF from file dlagtf.f90
Re-structuring..Writing DLAGTF
Rewriting declarations
--------------------------------------------------------------------
Finished reading DLAGTM from file dlagtm.f90
Re-structuring..Writing DLAGTM
Rewriting declarations
--------------------------------------------------------------------
Finished reading DLAGTS from file dlagts.f90
Re-structuring..Writing DLAGTS
Rewriting declarations
--------------------------------------------------------------------
Finished reading DLAGV2 from file dlagv2.f90
Re-structuring..Writing DLAGV2
Rewriting declarations
--------------------------------------------------------------------
Finished reading DLAHQR from file dlahqr.f90
<>I INTRINSIC functn name used for variable  SUM
Re-structuring..Writing DLAHQR
Rewriting declarations
--------------------------------------------------------------------
Finished reading DLAHR2 from file dlahr2.f90
Re-structuring..Writing DLAHR2
Rewriting declarations
--------------------------------------------------------------------
Finished reading DLAIC1 from file dlaic1.f90
Re-structuring..Writing DLAIC1
Rewriting declarations
--------------------------------------------------------------------
Finished reading DLAISNAN from file dlaisnan.f90
Re-structuring..Writing DLAISNAN
Rewriting declarations
--------------------------------------------------------------------
Finished reading DLA_LIN_BERR from file dla_lin_berr.f90
Re-structuring..Writing DLA_LIN_BERR
Rewriting declarations
--------------------------------------------------------------------
Finished reading DLALN2 from file dlaln2.f90
<>I INTRINSIC functn name used for variable  SCALE
Re-structuring..Writing DLALN2
Rewriting declarations
--------------------------------------------------------------------
Finished reading DLALS0 from file dlals0.f90
Re-structuring..Writing DLALS0
Rewriting declarations
--------------------------------------------------------------------
Finished reading DLALSA from file dlalsa.f90
Re-structuring..Writing DLALSA
Rewriting declarations
--------------------------------------------------------------------
Finished reading DLALSD from file dlalsd.f90
Re-structuring..Writing DLALSD
Rewriting declarations
--------------------------------------------------------------------
Finished reading DLAMRG from file dlamrg.f90
<>I INTRINSIC functn name used for variable  INDEX
Re-structuring..Writing DLAMRG
Rewriting declarations
--------------------------------------------------------------------
Finished reading DLAMSWLQ from file dlamswlq.f90
Re-structuring..Writing DLAMSWLQ
Rewriting declarations
--------------------------------------------------------------------
Finished reading DLAMTSQR from file dlamtsqr.f90
Re-structuring..Writing DLAMTSQR
Rewriting declarations
--------------------------------------------------------------------
Finished reading DLANEG from file dlaneg.f90
<>I Argument is not used                     PIVMIN
Re-structuring..Writing DLANEG
Rewriting declarations
--------------------------------------------------------------------
Finished reading DLANGB from file dlangb.f90
<>I INTRINSIC functn name used for variable  SUM
Re-structuring..Writing DLANGB
Rewriting declarations
--------------------------------------------------------------------
Finished reading DLANGE from file dlange.f90
<>I INTRINSIC functn name used for variable  SUM
Re-structuring..Writing DLANGE
Rewriting declarations
--------------------------------------------------------------------
Finished reading DLANGT from file dlangt.f90
<>I INTRINSIC functn name used for variable  SCALE
<>I INTRINSIC functn name used for variable  SUM
Re-structuring..Writing DLANGT
Rewriting declarations
--------------------------------------------------------------------
Finished reading DLANHS from file dlanhs.f90
<>I INTRINSIC functn name used for variable  SUM
Re-structuring..Writing DLANHS
Rewriting declarations
--------------------------------------------------------------------
Finished reading DLANSB from file dlansb.f90
<>I INTRINSIC functn name used for variable  SUM
Re-structuring..Writing DLANSB
Rewriting declarations
--------------------------------------------------------------------
Finished reading DLANSF from file dlansf.f90
<>I INTRINSIC functn name used for variable  SCALE
Re-structuring..Writing DLANSF
Rewriting declarations
--------------------------------------------------------------------
Finished reading DLANSP from file dlansp.f90
<>I INTRINSIC functn name used for variable  SUM
Re-structuring..Writing DLANSP
Rewriting declarations
--------------------------------------------------------------------
Finished reading DLANST from file dlanst.f90
<>I INTRINSIC functn name used for variable  SCALE
<>I INTRINSIC functn name used for variable  SUM
Re-structuring..Writing DLANST
Rewriting declarations
--------------------------------------------------------------------
Finished reading DLANSY from file dlansy.f90
<>I INTRINSIC functn name used for variable  SUM
Re-structuring..Writing DLANSY
Rewriting declarations
--------------------------------------------------------------------
Finished reading DLANTB from file dlantb.f90
<>I INTRINSIC functn name used for variable  SUM
Re-structuring..Writing DLANTB
Rewriting declarations
--------------------------------------------------------------------
Finished reading DLANTP from file dlantp.f90
<>I INTRINSIC functn name used for variable  SUM
Re-structuring..Writing DLANTP
Rewriting declarations
--------------------------------------------------------------------
Finished reading DLANTR from file dlantr.f90
<>I INTRINSIC functn name used for variable  SUM
Re-structuring..Writing DLANTR
Rewriting declarations
--------------------------------------------------------------------
Finished reading DLANV2 from file dlanv2.f90
<>I INTRINSIC functn name used for variable  COUNT
<>I INTRINSIC functn name used for variable  SCALE
Re-structuring..Writing DLANV2
Rewriting declarations
--------------------------------------------------------------------
Finished reading DLAORHR_COL_GETRFNP2 from file dlaorhr_col_getrfnp2.f90
Re-structuring..Writing DLAORHR_COL_GETRFNP2
Rewriting declarations
--------------------------------------------------------------------
Finished reading DLAORHR_COL_GETRFNP from file dlaorhr_col_getrfnp.f90
Re-structuring..Writing DLAORHR_COL_GETRFNP
Rewriting declarations
--------------------------------------------------------------------
Finished reading DLAPLL from file dlapll.f90
Re-structuring..Writing DLAPLL
Rewriting declarations
--------------------------------------------------------------------
Finished reading DLAPMR from file dlapmr.f90
Re-structuring..Writing DLAPMR
Rewriting declarations
--------------------------------------------------------------------
Finished reading DLAPMT from file dlapmt.f90
Re-structuring..Writing DLAPMT
Rewriting declarations
--------------------------------------------------------------------
Finished reading DLA_PORCOND from file dla_porcond.f90
Re-structuring..Writing DLA_PORCOND
Rewriting declarations
--------------------------------------------------------------------
Finished reading DLA_PORFSX_EXTENDED from file dla_porfsx_extended.f90
Re-structuring..Writing DLA_PORFSX_EXTENDED
Rewriting declarations
--------------------------------------------------------------------
Finished reading DLA_PORPVGRW from file dla_porpvgrw.f90
Re-structuring..Writing DLA_PORPVGRW
Rewriting declarations
--------------------------------------------------------------------
Finished reading DLAPY2 from file dlapy2.f90
Re-structuring..Writing DLAPY2
Rewriting declarations
--------------------------------------------------------------------
Finished reading DLAPY3 from file dlapy3.f90
Re-structuring..Writing DLAPY3
Rewriting declarations
--------------------------------------------------------------------
Finished reading DLAQGB from file dlaqgb.f90
Re-structuring..Writing DLAQGB
Rewriting declarations
--------------------------------------------------------------------
Finished reading DLAQGE from file dlaqge.f90
Re-structuring..Writing DLAQGE
Rewriting declarations
--------------------------------------------------------------------
Finished reading DLAQP2 from file dlaqp2.f90
Re-structuring..Writing DLAQP2
Rewriting declarations
--------------------------------------------------------------------
Finished reading DLAQPS from file dlaqps.f90
Re-structuring..Writing DLAQPS
Rewriting declarations
--------------------------------------------------------------------
Finished reading DLAQR0 from file dlaqr0.f90
Re-structuring..Writing DLAQR0
Rewriting declarations
--------------------------------------------------------------------
Finished reading DLAQR1 from file dlaqr1.f90
Re-structuring..Writing DLAQR1
Rewriting declarations
--------------------------------------------------------------------
Finished reading DLAQR2 from file dlaqr2.f90
Re-structuring..Writing DLAQR2
Rewriting declarations
--------------------------------------------------------------------
Finished reading DLAQR3 from file dlaqr3.f90
Re-structuring..Writing DLAQR3
Rewriting declarations
--------------------------------------------------------------------
Finished reading DLAQR4 from file dlaqr4.f90
Re-structuring..Writing DLAQR4
Rewriting declarations
--------------------------------------------------------------------
Finished reading DLAQR5 from file dlaqr5.f90
Re-structuring..Writing DLAQR5
Rewriting declarations
--------------------------------------------------------------------
Finished reading DLAQSB from file dlaqsb.f90
Re-structuring..Writing DLAQSB
Rewriting declarations
--------------------------------------------------------------------
Finished reading DLAQSP from file dlaqsp.f90
Re-structuring..Writing DLAQSP
Rewriting declarations
--------------------------------------------------------------------
Finished reading DLAQSY from file dlaqsy.f90
Re-structuring..Writing DLAQSY
Rewriting declarations
--------------------------------------------------------------------
Finished reading DLAQTR from file dlaqtr.f90
<>I INTRINSIC functn name used for variable  SCALE
Re-structuring..Writing DLAQTR
Rewriting declarations
--------------------------------------------------------------------
Finished reading DLAR1V from file dlar1v.f90
Re-structuring..Writing DLAR1V
Rewriting declarations
--------------------------------------------------------------------
Finished reading DLAR2V from file dlar2v.f90
Re-structuring..Writing DLAR2V
Rewriting declarations
--------------------------------------------------------------------
Finished reading DLARFB from file dlarfb.f90
Re-structuring..Writing DLARFB
Rewriting declarations
--------------------------------------------------------------------
Finished reading DLARFB_GETT from file dlarfb_gett.f90
Re-structuring..Writing DLARFB_GETT
Rewriting declarations
--------------------------------------------------------------------
Finished reading DLARF from file dlarf.f90
Re-structuring..Writing DLARF
Rewriting declarations
--------------------------------------------------------------------
Finished reading DLARFG from file dlarfg.f90
Re-structuring..Writing DLARFG
Rewriting declarations
--------------------------------------------------------------------
Finished reading DLARFGP from file dlarfgp.f90
Re-structuring..Writing DLARFGP
Rewriting declarations
--------------------------------------------------------------------
Finished reading DLARFT from file dlarft.f90
Re-structuring..Writing DLARFT
Rewriting declarations
--------------------------------------------------------------------
Finished reading DLARFX from file dlarfx.f90
<>I INTRINSIC functn name used for variable  SUM
Re-structuring..Writing DLARFX
Rewriting declarations
--------------------------------------------------------------------
Finished reading DLARFY from file dlarfy.f90
Re-structuring..Writing DLARFY
Rewriting declarations
--------------------------------------------------------------------
Finished reading DLARGV from file dlargv.f90
Re-structuring..Writing DLARGV
Rewriting declarations
--------------------------------------------------------------------
Finished reading DLARNV from file dlarnv.f90
Re-structuring..Writing DLARNV
Rewriting declarations
--------------------------------------------------------------------
Finished reading DLARRA from file dlarra.f90
Re-structuring..Writing DLARRA
Rewriting declarations
--------------------------------------------------------------------
Finished reading DLARRB from file dlarrb.f90
<>I INTRINSIC functn name used for variable  NINT
Re-structuring..Writing DLARRB
Rewriting declarations
--------------------------------------------------------------------
Finished reading DLARRC from file dlarrc.f90
<>I Argument is not used                     PIVMIN
Re-structuring..Writing DLARRC
Rewriting declarations
--------------------------------------------------------------------
Finished reading DLARRD from file dlarrd.f90
<>I INTRINSIC functn name used for variable  RANGE
Re-structuring..Writing DLARRD
Rewriting declarations
--------------------------------------------------------------------
Finished reading DLARRE from file dlarre.f90
<>I INTRINSIC functn name used for variable  RANGE
Re-structuring..Writing DLARRE
Rewriting declarations
--------------------------------------------------------------------
Finished reading DLARRF from file dlarrf.f90
<>I INTRINSIC functn name used for variable  MAX1
Re-structuring..Writing DLARRF
Rewriting declarations
--------------------------------------------------------------------
Finished reading DLARRJ from file dlarrj.f90
<>I INTRINSIC functn name used for variable  NINT
Re-structuring..Writing DLARRJ
Rewriting declarations
--------------------------------------------------------------------
Finished reading DLARRK from file dlarrk.f90
Re-structuring..Writing DLARRK
Rewriting declarations
--------------------------------------------------------------------
Finished reading DLARRR from file dlarrr.f90
Re-structuring..Writing DLARRR
Rewriting declarations
--------------------------------------------------------------------
Finished reading DLARRV from file dlarrv.f90
<>I Argument is not used                     VU
Re-structuring..Writing DLARRV
Rewriting declarations
--------------------------------------------------------------------
Finished reading DLARSCL2 from file dlarscl2.f90
Re-structuring..Writing DLARSCL2
Rewriting declarations
--------------------------------------------------------------------
Finished reading DLARTG from file dlartg.f90
<>I INTRINSIC functn name used for variable  COUNT
<>I INTRINSIC functn name used for variable  SCALE
Re-structuring..Writing DLARTG
Rewriting declarations
--------------------------------------------------------------------
Finished reading DLARTGP from file dlartgp.f90
<>I INTRINSIC functn name used for variable  COUNT
<>I INTRINSIC functn name used for variable  SCALE
Re-structuring..Writing DLARTGP
Rewriting declarations
--------------------------------------------------------------------
Finished reading DLARTGS from file dlartgs.f90
Re-structuring..Writing DLARTGS
Rewriting declarations
--------------------------------------------------------------------
Finished reading DLARTV from file dlartv.f90
Re-structuring..Writing DLARTV
Rewriting declarations
--------------------------------------------------------------------
Finished reading DLARUV from file dlaruv.f90
Re-structuring..Writing DLARUV
Rewriting declarations
--------------------------------------------------------------------
Finished reading DLARZB from file dlarzb.f90
Re-structuring..Writing DLARZB
Rewriting declarations
--------------------------------------------------------------------
Finished reading DLARZ from file dlarz.f90
Re-structuring..Writing DLARZ
Rewriting declarations
--------------------------------------------------------------------
Finished reading DLARZT from file dlarzt.f90
Re-structuring..Writing DLARZT
Rewriting declarations
--------------------------------------------------------------------
Finished reading DLAS2 from file dlas2.f90
Re-structuring..Writing DLAS2
Rewriting declarations
--------------------------------------------------------------------
Finished reading DLASCL2 from file dlascl2.f90
Re-structuring..Writing DLASCL2
Rewriting declarations
--------------------------------------------------------------------
Finished reading DLASCL from file dlascl.f90
Re-structuring..Writing DLASCL
Rewriting declarations
--------------------------------------------------------------------
Finished reading DLASD0 from file dlasd0.f90
Re-structuring..Writing DLASD0
Rewriting declarations
--------------------------------------------------------------------
Finished reading DLASD1 from file dlasd1.f90
Re-structuring..Writing DLASD1
Rewriting declarations
--------------------------------------------------------------------
Finished reading DLASD2 from file dlasd2.f90
Re-structuring..Writing DLASD2
Rewriting declarations
--------------------------------------------------------------------
Finished reading DLASD3 from file dlasd3.f90
Re-structuring..Writing DLASD3
Rewriting declarations
--------------------------------------------------------------------
Finished reading DLASD4 from file dlasd4.f90
Re-structuring..Writing DLASD4
Rewriting declarations
--------------------------------------------------------------------
Finished reading DLASD5 from file dlasd5.f90
Re-structuring..Writing DLASD5
Rewriting declarations
--------------------------------------------------------------------
Finished reading DLASD6 from file dlasd6.f90
Re-structuring..Writing DLASD6
Rewriting declarations
--------------------------------------------------------------------
Finished reading DLASD7 from file dlasd7.f90
Re-structuring..Writing DLASD7
Rewriting declarations
--------------------------------------------------------------------
Finished reading DLASD8 from file dlasd8.f90
Re-structuring..Writing DLASD8
Rewriting declarations
--------------------------------------------------------------------
Finished reading DLASDA from file dlasda.f90
Re-structuring..Writing DLASDA
Rewriting declarations
--------------------------------------------------------------------
Finished reading DLASDQ from file dlasdq.f90
Re-structuring..Writing DLASDQ
Rewriting declarations
--------------------------------------------------------------------
Finished reading DLASDT from file dlasdt.f90
Re-structuring..Writing DLASDT
Rewriting declarations
--------------------------------------------------------------------
Finished reading DLASET from file dlaset.f90
Re-structuring..Writing DLASET
Rewriting declarations
--------------------------------------------------------------------
Finished reading DLASQ1 from file dlasq1.f90
<>I INTRINSIC functn name used for variable  SCALE
Re-structuring..Writing DLASQ1
Rewriting declarations
--------------------------------------------------------------------
Finished reading DLASQ2 from file dlasq2.f90
<>I INTRINSIC functn name used for variable  DMIN1
Re-structuring..Writing DLASQ2
Rewriting declarations
--------------------------------------------------------------------
Finished reading DLASQ3 from file dlasq3.f90
<>I INTRINSIC functn name used for variable  DMIN1
Re-structuring..Writing DLASQ3
Rewriting declarations
--------------------------------------------------------------------
Finished reading DLASQ4 from file dlasq4.f90
<>I INTRINSIC functn name used for variable  DMIN1
Re-structuring..Writing DLASQ4
Rewriting declarations
--------------------------------------------------------------------
Finished reading DLASQ5 from file dlasq5.f90
<>I INTRINSIC functn name used for variable  DMIN1
Re-structuring..Writing DLASQ5
Rewriting declarations
--------------------------------------------------------------------
Finished reading DLASQ6 from file dlasq6.f90
<>I INTRINSIC functn name used for variable  DMIN1
Re-structuring..Writing DLASQ6
Rewriting declarations
--------------------------------------------------------------------
Finished reading DLASR from file dlasr.f90
Re-structuring..Writing DLASR
Rewriting declarations
--------------------------------------------------------------------
Finished reading DLASRT from file dlasrt.f90
Re-structuring..Writing DLASRT
Rewriting declarations
--------------------------------------------------------------------
Finished reading DLASSQ from file dlassq.f90
<>I INTRINSIC functn name used for variable  SCALE
Re-structuring..Writing DLASSQ
Rewriting declarations
--------------------------------------------------------------------
Finished reading DLASV2 from file dlasv2.f90
Re-structuring..Writing DLASV2
Rewriting declarations
--------------------------------------------------------------------
Finished reading DLASWLQ from file dlaswlq.f90
Re-structuring..Writing DLASWLQ
Rewriting declarations
--------------------------------------------------------------------
Finished reading DLASWP from file dlaswp.f90
Re-structuring..Writing DLASWP
Rewriting declarations
--------------------------------------------------------------------
Finished reading DLASY2 from file dlasy2.f90
<>I INTRINSIC functn name used for variable  SCALE
Re-structuring..Writing DLASY2
Rewriting declarations
--------------------------------------------------------------------
Finished reading DLA_SYAMV from file dla_syamv.f90
Re-structuring..Writing DLA_SYAMV
Rewriting declarations
--------------------------------------------------------------------
Finished reading DLASYF_AA from file dlasyf_aa.f90
Re-structuring..Writing DLASYF_AA
Rewriting declarations
--------------------------------------------------------------------
Finished reading DLASYF from file dlasyf.f90
Re-structuring..Writing DLASYF
Rewriting declarations
--------------------------------------------------------------------
Finished reading DLASYF_RK from file dlasyf_rk.f90
Re-structuring..Writing DLASYF_RK
Rewriting declarations
--------------------------------------------------------------------
Finished reading DLASYF_ROOK from file dlasyf_rook.f90
Re-structuring..Writing DLASYF_ROOK
Rewriting declarations
--------------------------------------------------------------------
Finished reading DLA_SYRCOND from file dla_syrcond.f90
<>I Variable assigned a value but not used   NORMIN
<>I Variable assigned a value but not used   SMLNUM
Re-structuring..Writing DLA_SYRCOND
Rewriting declarations
--------------------------------------------------------------------
Finished reading DLA_SYRFSX_EXTENDED from file dla_syrfsx_extended.f90
Re-structuring..Writing DLA_SYRFSX_EXTENDED
Rewriting declarations
--------------------------------------------------------------------
Finished reading DLA_SYRPVGRW from file dla_syrpvgrw.f90
Re-structuring..Writing DLA_SYRPVGRW
Rewriting declarations
--------------------------------------------------------------------
Finished reading DLAT2S from file dlat2s.f90
Re-structuring..Writing DLAT2S
Rewriting declarations
--------------------------------------------------------------------
Finished reading DLATBS from file dlatbs.f90
<>I INTRINSIC functn name used for variable  SCALE
Re-structuring..Writing DLATBS
Rewriting declarations
--------------------------------------------------------------------
Finished reading DLATDF from file dlatdf.f90
Re-structuring..Writing DLATDF
Rewriting declarations
--------------------------------------------------------------------
Finished reading DLATPS from file dlatps.f90
<>I INTRINSIC functn name used for variable  SCALE
Re-structuring..Writing DLATPS
Rewriting declarations
--------------------------------------------------------------------
Finished reading DLATRD from file dlatrd.f90
Re-structuring..Writing DLATRD
Rewriting declarations
--------------------------------------------------------------------
Finished reading DLATRS from file dlatrs.f90
<>I INTRINSIC functn name used for variable  SCALE
Re-structuring..Writing DLATRS
Rewriting declarations
--------------------------------------------------------------------
Finished reading DLATRZ from file dlatrz.f90
Re-structuring..Writing DLATRZ
Rewriting declarations
--------------------------------------------------------------------
Finished reading DLATSQR from file dlatsqr.f90
Re-structuring..Writing DLATSQR
Rewriting declarations
--------------------------------------------------------------------
Finished reading DLAUU2 from file dlauu2.f90
Re-structuring..Writing DLAUU2
Rewriting declarations
--------------------------------------------------------------------
Finished reading DLAUUM from file dlauum.f90
Re-structuring..Writing DLAUUM
Rewriting declarations
--------------------------------------------------------------------
Finished reading DLA_WWADDW from file dla_wwaddw.f90
Re-structuring..Writing DLA_WWADDW
Rewriting declarations
--------------------------------------------------------------------
Finished reading DOPGTR from file dopgtr.f90
Re-structuring..Writing DOPGTR
Rewriting declarations
--------------------------------------------------------------------
Finished reading DOPMTR from file dopmtr.f90
Re-structuring..Writing DOPMTR
Rewriting declarations
--------------------------------------------------------------------
Finished reading DORBDB1 from file dorbdb1.f90
Re-structuring..Writing DORBDB1
Rewriting declarations
--------------------------------------------------------------------
Finished reading DORBDB2 from file dorbdb2.f90
Re-structuring..Writing DORBDB2
Rewriting declarations
--------------------------------------------------------------------
Finished reading DORBDB3 from file dorbdb3.f90
Re-structuring..Writing DORBDB3
Rewriting declarations
--------------------------------------------------------------------
Finished reading DORBDB4 from file dorbdb4.f90
Re-structuring..Writing DORBDB4
Rewriting declarations
--------------------------------------------------------------------
Finished reading DORBDB5 from file dorbdb5.f90
Re-structuring..Writing DORBDB5
Rewriting declarations
--------------------------------------------------------------------
Finished reading DORBDB6 from file dorbdb6.f90
Re-structuring..Writing DORBDB6
Rewriting declarations
--------------------------------------------------------------------
Finished reading DORBDB from file dorbdb.f90
Re-structuring..Writing DORBDB
Rewriting declarations
--------------------------------------------------------------------
Finished reading DORCSD2BY1 from file dorcsd2by1.f90
Re-structuring..Writing DORCSD2BY1
Rewriting declarations
--------------------------------------------------------------------
Finished reading DORCSD from file dorcsd.f90
<>I Variable assigned a value but not used   LORBDBWORKMIN
Re-structuring..Writing DORCSD
Rewriting declarations
--------------------------------------------------------------------
Finished reading DORG2L from file dorg2l.f90
Re-structuring..Writing DORG2L
Rewriting declarations
--------------------------------------------------------------------
Finished reading DORG2R from file dorg2r.f90
Re-structuring..Writing DORG2R
Rewriting declarations
--------------------------------------------------------------------
Finished reading DORGBR from file dorgbr.f90
Re-structuring..Writing DORGBR
Rewriting declarations
--------------------------------------------------------------------
Finished reading DORGHR from file dorghr.f90
Re-structuring..Writing DORGHR
Rewriting declarations
--------------------------------------------------------------------
Finished reading DORGL2 from file dorgl2.f90
Re-structuring..Writing DORGL2
Rewriting declarations
--------------------------------------------------------------------
Finished reading DORGLQ from file dorglq.f90
Re-structuring..Writing DORGLQ
Rewriting declarations
--------------------------------------------------------------------
Finished reading DORGQL from file dorgql.f90
Re-structuring..Writing DORGQL
Rewriting declarations
--------------------------------------------------------------------
Finished reading DORGQR from file dorgqr.f90
Re-structuring..Writing DORGQR
Rewriting declarations
--------------------------------------------------------------------
Finished reading DORGR2 from file dorgr2.f90
Re-structuring..Writing DORGR2
Rewriting declarations
--------------------------------------------------------------------
Finished reading DORGRQ from file dorgrq.f90
Re-structuring..Writing DORGRQ
Rewriting declarations
--------------------------------------------------------------------
Finished reading DORGTR from file dorgtr.f90
Re-structuring..Writing DORGTR
Rewriting declarations
--------------------------------------------------------------------
Finished reading DORGTSQR from file dorgtsqr.f90
Re-structuring..Writing DORGTSQR
Rewriting declarations
--------------------------------------------------------------------
Finished reading DORGTSQR_ROW from file dorgtsqr_row.f90
Re-structuring..Writing DORGTSQR_ROW
Rewriting declarations
--------------------------------------------------------------------
Finished reading DORHR_COL from file dorhr_col.f90
Re-structuring..Writing DORHR_COL
Rewriting declarations
--------------------------------------------------------------------
Finished reading DORM22 from file dorm22.f90
<>I INTRINSIC functn name used for variable  LEN
Re-structuring..Writing DORM22
Rewriting declarations
--------------------------------------------------------------------
Finished reading DORM2L from file dorm2l.f90
Re-structuring..Writing DORM2L
Rewriting declarations
--------------------------------------------------------------------
Finished reading DORM2R from file dorm2r.f90
Re-structuring..Writing DORM2R
Rewriting declarations
--------------------------------------------------------------------
Finished reading DORMBR from file dormbr.f90
Re-structuring..Writing DORMBR
Rewriting declarations
--------------------------------------------------------------------
Finished reading DORMHR from file dormhr.f90
Re-structuring..Writing DORMHR
Rewriting declarations
--------------------------------------------------------------------
Finished reading DORML2 from file dorml2.f90
Re-structuring..Writing DORML2
Rewriting declarations
--------------------------------------------------------------------
Finished reading DORMLQ from file dormlq.f90
Re-structuring..Writing DORMLQ
Rewriting declarations
--------------------------------------------------------------------
Finished reading DORMQL from file dormql.f90
Re-structuring..Writing DORMQL
Rewriting declarations
--------------------------------------------------------------------
Finished reading DORMQR from file dormqr.f90
Re-structuring..Writing DORMQR
Rewriting declarations
--------------------------------------------------------------------
Finished reading DORMR2 from file dormr2.f90
Re-structuring..Writing DORMR2
Rewriting declarations
--------------------------------------------------------------------
Finished reading DORMR3 from file dormr3.f90
Re-structuring..Writing DORMR3
Rewriting declarations
--------------------------------------------------------------------
Finished reading DORMRQ from file dormrq.f90
Re-structuring..Writing DORMRQ
Rewriting declarations
--------------------------------------------------------------------
Finished reading DORMRZ from file dormrz.f90
Re-structuring..Writing DORMRZ
Rewriting declarations
--------------------------------------------------------------------
Finished reading DORMTR from file dormtr.f90
Re-structuring..Writing DORMTR
Rewriting declarations
--------------------------------------------------------------------
Finished reading DPBCON from file dpbcon.f90
<>I INTRINSIC functn name used for variable  SCALE
Re-structuring..Writing DPBCON
Rewriting declarations
--------------------------------------------------------------------
Finished reading DPBEQU from file dpbequ.f90
Re-structuring..Writing DPBEQU
Rewriting declarations
--------------------------------------------------------------------
Finished reading DPBRFS from file dpbrfs.f90
<>I INTRINSIC functn name used for variable  COUNT
Re-structuring..Writing DPBRFS
Rewriting declarations
--------------------------------------------------------------------
Finished reading DPBSTF from file dpbstf.f90
Re-structuring..Writing DPBSTF
Rewriting declarations
--------------------------------------------------------------------
Finished reading DPBSV from file dpbsv.f90
Re-structuring..Writing DPBSV
Rewriting declarations
--------------------------------------------------------------------
Finished reading DPBSVX from file dpbsvx.f90
Re-structuring..Writing DPBSVX
Rewriting declarations
--------------------------------------------------------------------
Finished reading DPBTF2 from file dpbtf2.f90
Re-structuring..Writing DPBTF2
Rewriting declarations
--------------------------------------------------------------------
Finished reading DPBTRF from file dpbtrf.f90
Re-structuring..Writing DPBTRF
Rewriting declarations
--------------------------------------------------------------------
Finished reading DPBTRS from file dpbtrs.f90
Re-structuring..Writing DPBTRS
Rewriting declarations
--------------------------------------------------------------------
Finished reading DPFTRF from file dpftrf.f90
Re-structuring..Writing DPFTRF
Rewriting declarations
--------------------------------------------------------------------
Finished reading DPFTRI from file dpftri.f90
Re-structuring..Writing DPFTRI
Rewriting declarations
--------------------------------------------------------------------
Finished reading DPFTRS from file dpftrs.f90
Re-structuring..Writing DPFTRS
Rewriting declarations
--------------------------------------------------------------------
Finished reading DPOCON from file dpocon.f90
<>I INTRINSIC functn name used for variable  SCALE
Re-structuring..Writing DPOCON
Rewriting declarations
--------------------------------------------------------------------
Finished reading DPOEQUB from file dpoequb.f90
Re-structuring..Writing DPOEQUB
Rewriting declarations
--------------------------------------------------------------------
Finished reading DPOEQU from file dpoequ.f90
Re-structuring..Writing DPOEQU
Rewriting declarations
--------------------------------------------------------------------
Finished reading DPORFS from file dporfs.f90
<>I INTRINSIC functn name used for variable  COUNT
Re-structuring..Writing DPORFS
Rewriting declarations
--------------------------------------------------------------------
Finished reading DPORFSX from file dporfsx.f90
Re-structuring..Writing DPORFSX
Rewriting declarations
--------------------------------------------------------------------
Finished reading DPOSV from file dposv.f90
Re-structuring..Writing DPOSV
Rewriting declarations
--------------------------------------------------------------------
Finished reading DPOSVX from file dposvx.f90
Re-structuring..Writing DPOSVX
Rewriting declarations
--------------------------------------------------------------------
Finished reading DPOSVXX from file dposvxx.f90
Re-structuring..Writing DPOSVXX
Rewriting declarations
--------------------------------------------------------------------
Finished reading DPOTF2 from file dpotf2.f90
Re-structuring..Writing DPOTF2
Rewriting declarations
--------------------------------------------------------------------
Finished reading DPOTRF2 from file dpotrf2.f90
Re-structuring..Writing DPOTRF2
Rewriting declarations
--------------------------------------------------------------------
Finished reading DPOTRF from file dpotrf.f90
Re-structuring..Writing DPOTRF
Rewriting declarations
--------------------------------------------------------------------
Finished reading DPOTRI from file dpotri.f90
Re-structuring..Writing DPOTRI
Rewriting declarations
--------------------------------------------------------------------
Finished reading DPOTRS from file dpotrs.f90
Re-structuring..Writing DPOTRS
Rewriting declarations
--------------------------------------------------------------------
Finished reading DPPCON from file dppcon.f90
<>I INTRINSIC functn name used for variable  SCALE
Re-structuring..Writing DPPCON
Rewriting declarations
--------------------------------------------------------------------
Finished reading DPPEQU from file dppequ.f90
Re-structuring..Writing DPPEQU
Rewriting declarations
--------------------------------------------------------------------
Finished reading DPPRFS from file dpprfs.f90
<>I INTRINSIC functn name used for variable  COUNT
Re-structuring..Writing DPPRFS
Rewriting declarations
--------------------------------------------------------------------
Finished reading DPPSV from file dppsv.f90
Re-structuring..Writing DPPSV
Rewriting declarations
--------------------------------------------------------------------
Finished reading DPPSVX from file dppsvx.f90
Re-structuring..Writing DPPSVX
Rewriting declarations
--------------------------------------------------------------------
Finished reading DPPTRF from file dpptrf.f90
Re-structuring..Writing DPPTRF
Rewriting declarations
--------------------------------------------------------------------
Finished reading DPPTRI from file dpptri.f90
Re-structuring..Writing DPPTRI
Rewriting declarations
--------------------------------------------------------------------
Finished reading DPPTRS from file dpptrs.f90
Re-structuring..Writing DPPTRS
Rewriting declarations
--------------------------------------------------------------------
Finished reading DPSTF2 from file dpstf2.f90
Re-structuring..Writing DPSTF2
Rewriting declarations
--------------------------------------------------------------------
Finished reading DPSTRF from file dpstrf.f90
Re-structuring..Writing DPSTRF
Rewriting declarations
--------------------------------------------------------------------
Finished reading DPTCON from file dptcon.f90
Re-structuring..Writing DPTCON
Rewriting declarations
--------------------------------------------------------------------
Finished reading DPTEQR from file dpteqr.f90
Re-structuring..Writing DPTEQR
Rewriting declarations
--------------------------------------------------------------------
Finished reading DPTRFS from file dptrfs.f90
<>I INTRINSIC functn name used for variable  COUNT
Re-structuring..Writing DPTRFS
Rewriting declarations
--------------------------------------------------------------------
Finished reading DPTSV from file dptsv.f90
Re-structuring..Writing DPTSV
Rewriting declarations
--------------------------------------------------------------------
Finished reading DPTSVX from file dptsvx.f90
Re-structuring..Writing DPTSVX
Rewriting declarations
--------------------------------------------------------------------
Finished reading DPTTRF from file dpttrf.f90
Re-structuring..Writing DPTTRF
Rewriting declarations
--------------------------------------------------------------------
Finished reading DPTTRS from file dpttrs.f90
Re-structuring..Writing DPTTRS
Rewriting declarations
--------------------------------------------------------------------
Finished reading DPTTS2 from file dptts2.f90
Re-structuring..Writing DPTTS2
Rewriting declarations
--------------------------------------------------------------------
Finished reading DRSCL from file drscl.f90
Re-structuring..Writing DRSCL
Rewriting declarations
--------------------------------------------------------------------
Finished reading DSB2ST_KERNELS from file dsb2st_kernels.f90
<>I Variable assigned a value but not used   AJETER
Re-structuring..Writing DSB2ST_KERNELS
Rewriting declarations
--------------------------------------------------------------------
Finished reading DSBEV_2STAGE from file dsbev_2stage.f90
Re-structuring..Writing DSBEV_2STAGE
Rewriting declarations
--------------------------------------------------------------------
Finished reading DSBEVD_2STAGE from file dsbevd_2stage.f90
Re-structuring..Writing DSBEVD_2STAGE
Rewriting declarations
--------------------------------------------------------------------
Finished reading DSBEVD from file dsbevd.f90
Re-structuring..Writing DSBEVD
Rewriting declarations
--------------------------------------------------------------------
Finished reading DSBEV from file dsbev.f90
Re-structuring..Writing DSBEV
Rewriting declarations
--------------------------------------------------------------------
Finished reading DSBEVX_2STAGE from file dsbevx_2stage.f90
<>I INTRINSIC functn name used for variable  RANGE
Re-structuring..Writing DSBEVX_2STAGE
Rewriting declarations
--------------------------------------------------------------------
Finished reading DSBEVX from file dsbevx.f90
<>I INTRINSIC functn name used for variable  RANGE
Re-structuring..Writing DSBEVX
Rewriting declarations
--------------------------------------------------------------------
Finished reading DSBGST from file dsbgst.f90
Re-structuring..Writing DSBGST
Rewriting declarations
--------------------------------------------------------------------
Finished reading DSBGVD from file dsbgvd.f90
Re-structuring..Writing DSBGVD
Rewriting declarations
--------------------------------------------------------------------
Finished reading DSBGV from file dsbgv.f90
Re-structuring..Writing DSBGV
Rewriting declarations
--------------------------------------------------------------------
Finished reading DSBGVX from file dsbgvx.f90
<>I INTRINSIC functn name used for variable  RANGE
Re-structuring..Writing DSBGVX
Rewriting declarations
--------------------------------------------------------------------
Finished reading DSBTRD from file dsbtrd.f90
Re-structuring..Writing DSBTRD
Rewriting declarations
--------------------------------------------------------------------
Finished reading DSFRK from file dsfrk.f90
Re-structuring..Writing DSFRK
Rewriting declarations
--------------------------------------------------------------------
Finished reading DSGESV from file dsgesv.f90
Re-structuring..Writing DSGESV
Rewriting declarations
--------------------------------------------------------------------
Finished reading DSPCON from file dspcon.f90
Re-structuring..Writing DSPCON
Rewriting declarations
--------------------------------------------------------------------
Finished reading DSPEVD from file dspevd.f90
Re-structuring..Writing DSPEVD
Rewriting declarations
--------------------------------------------------------------------
Finished reading DSPEV from file dspev.f90
Re-structuring..Writing DSPEV
Rewriting declarations
--------------------------------------------------------------------
Finished reading DSPEVX from file dspevx.f90
<>I INTRINSIC functn name used for variable  RANGE
Re-structuring..Writing DSPEVX
Rewriting declarations
--------------------------------------------------------------------
Finished reading DSPGST from file dspgst.f90
Re-structuring..Writing DSPGST
Rewriting declarations
--------------------------------------------------------------------
Finished reading DSPGVD from file dspgvd.f90
Re-structuring..Writing DSPGVD
Rewriting declarations
--------------------------------------------------------------------
Finished reading DSPGV from file dspgv.f90
Re-structuring..Writing DSPGV
Rewriting declarations
--------------------------------------------------------------------
Finished reading DSPGVX from file dspgvx.f90
<>I INTRINSIC functn name used for variable  RANGE
Re-structuring..Writing DSPGVX
Rewriting declarations
--------------------------------------------------------------------
Finished reading DSPOSV from file dsposv.f90
Re-structuring..Writing DSPOSV
Rewriting declarations
--------------------------------------------------------------------
Finished reading DSPRFS from file dsprfs.f90
<>I INTRINSIC functn name used for variable  COUNT
Re-structuring..Writing DSPRFS
Rewriting declarations
--------------------------------------------------------------------
Finished reading DSPSV from file dspsv.f90
Re-structuring..Writing DSPSV
Rewriting declarations
--------------------------------------------------------------------
Finished reading DSPSVX from file dspsvx.f90
Re-structuring..Writing DSPSVX
Rewriting declarations
--------------------------------------------------------------------
Finished reading DSPTRD from file dsptrd.f90
Re-structuring..Writing DSPTRD
Rewriting declarations
--------------------------------------------------------------------
Finished reading DSPTRF from file dsptrf.f90
Re-structuring..Writing DSPTRF
Rewriting declarations
--------------------------------------------------------------------
Finished reading DSPTRI from file dsptri.f90
Re-structuring..Writing DSPTRI
Rewriting declarations
--------------------------------------------------------------------
Finished reading DSPTRS from file dsptrs.f90
Re-structuring..Writing DSPTRS
Rewriting declarations
--------------------------------------------------------------------
Finished reading DSTEBZ from file dstebz.f90
<>I INTRINSIC functn name used for variable  RANGE
Re-structuring..Writing DSTEBZ
Rewriting declarations
--------------------------------------------------------------------
Finished reading DSTEDC from file dstedc.f90
<>I INTRINSIC functn name used for variable  TINY
Re-structuring..Writing DSTEDC
Rewriting declarations
--------------------------------------------------------------------
Finished reading DSTEGR from file dstegr.f90
<>I Argument is not used                     ABSTOL
<>I INTRINSIC functn name used for variable  RANGE
Re-structuring..Writing DSTEGR
Rewriting declarations
--------------------------------------------------------------------
Finished reading DSTEIN from file dstein.f90
Re-structuring..Writing DSTEIN
Rewriting declarations
--------------------------------------------------------------------
Finished reading DSTEMR from file dstemr.f90
<>I INTRINSIC functn name used for variable  RANGE
<>I INTRINSIC functn name used for variable  SCALE
Re-structuring..Writing DSTEMR
Rewriting declarations
--------------------------------------------------------------------
Finished reading DSTEQR from file dsteqr.f90
Re-structuring..Writing DSTEQR
Rewriting declarations
--------------------------------------------------------------------
Finished reading DSTERF from file dsterf.f90
<>I Variable assigned a value but not used   RMAX
Re-structuring..Writing DSTERF
Rewriting declarations
--------------------------------------------------------------------
Finished reading DSTEVD from file dstevd.f90
Re-structuring..Writing DSTEVD
Rewriting declarations
--------------------------------------------------------------------
Finished reading DSTEV from file dstev.f90
Re-structuring..Writing DSTEV
Rewriting declarations
--------------------------------------------------------------------
Finished reading DSTEVR from file dstevr.f90
<>I INTRINSIC functn name used for variable  RANGE
Re-structuring..Writing DSTEVR
Rewriting declarations
--------------------------------------------------------------------
Finished reading DSTEVX from file dstevx.f90
<>I INTRINSIC functn name used for variable  RANGE
Re-structuring..Writing DSTEVX
Rewriting declarations
--------------------------------------------------------------------
Finished reading DSYCON_3 from file dsycon_3.f90
Re-structuring..Writing DSYCON_3
Rewriting declarations
--------------------------------------------------------------------
Finished reading DSYCON from file dsycon.f90
Re-structuring..Writing DSYCON
Rewriting declarations
--------------------------------------------------------------------
Finished reading DSYCON_ROOK from file dsycon_rook.f90
Re-structuring..Writing DSYCON_ROOK
Rewriting declarations
--------------------------------------------------------------------
Finished reading DSYCONV from file dsyconv.f90
Re-structuring..Writing DSYCONV
Rewriting declarations
--------------------------------------------------------------------
Finished reading DSYCONVF from file dsyconvf.f90
Re-structuring..Writing DSYCONVF
Rewriting declarations
--------------------------------------------------------------------
Finished reading DSYCONVF_ROOK from file dsyconvf_rook.f90
Re-structuring..Writing DSYCONVF_ROOK
Rewriting declarations
--------------------------------------------------------------------
Finished reading DSYEQUB from file dsyequb.f90
<>I INTRINSIC functn name used for variable  SCALE
Re-structuring..Writing DSYEQUB
Rewriting declarations
--------------------------------------------------------------------
<>I Unreachable or redundant statement
      CALL DORGTR(UPLO,N,A,LDA,WORK(INDTAU),WORK(INDWRK),LLWORK,IINFO)
Finished reading DSYEV_2STAGE from file dsyev_2stage.f90
Re-structuring..Writing DSYEV_2STAGE
Rewriting declarations
--------------------------------------------------------------------
<>I Unreachable or redundant statement
      CALL DSTEDC('I',N,W,WORK(INDE),WORK(INDWRK),N,WORK(INDWK2),LLWRK2,&
     &            IWORK,LIWORK,INFO)
Finished reading DSYEVD_2STAGE from file dsyevd_2stage.f90
Re-structuring..Writing DSYEVD_2STAGE
Rewriting declarations
--------------------------------------------------------------------
Finished reading DSYEVD from file dsyevd.f90
Re-structuring..Writing DSYEVD
Rewriting declarations
--------------------------------------------------------------------
Finished reading DSYEV from file dsyev.f90
Re-structuring..Writing DSYEV
Rewriting declarations
--------------------------------------------------------------------
Finished reading DSYEVR_2STAGE from file dsyevr_2stage.f90
<>I INTRINSIC functn name used for variable  RANGE
Re-structuring..Writing DSYEVR_2STAGE
Rewriting declarations
--------------------------------------------------------------------
Finished reading DSYEVR from file dsyevr.f90
<>I INTRINSIC functn name used for variable  RANGE
Re-structuring..Writing DSYEVR
Rewriting declarations
--------------------------------------------------------------------
Finished reading DSYEVX_2STAGE from file dsyevx_2stage.f90
<>I INTRINSIC functn name used for variable  RANGE
Re-structuring..Writing DSYEVX_2STAGE
Rewriting declarations
--------------------------------------------------------------------
Finished reading DSYEVX from file dsyevx.f90
<>I INTRINSIC functn name used for variable  RANGE
Re-structuring..Writing DSYEVX
Rewriting declarations
--------------------------------------------------------------------
Finished reading DSYGS2 from file dsygs2.f90
Re-structuring..Writing DSYGS2
Rewriting declarations
--------------------------------------------------------------------
Finished reading DSYGST from file dsygst.f90
Re-structuring..Writing DSYGST
Rewriting declarations
--------------------------------------------------------------------
Finished reading DSYGV_2STAGE from file dsygv_2stage.f90
Re-structuring..Writing DSYGV_2STAGE
Rewriting declarations
--------------------------------------------------------------------
Finished reading DSYGVD from file dsygvd.f90
Re-structuring..Writing DSYGVD
Rewriting declarations
--------------------------------------------------------------------
Finished reading DSYGV from file dsygv.f90
Re-structuring..Writing DSYGV
Rewriting declarations
--------------------------------------------------------------------
Finished reading DSYGVX from file dsygvx.f90
<>I INTRINSIC functn name used for variable  RANGE
Re-structuring..Writing DSYGVX
Rewriting declarations
--------------------------------------------------------------------
Finished reading DSYRFS from file dsyrfs.f90
<>I INTRINSIC functn name used for variable  COUNT
Re-structuring..Writing DSYRFS
Rewriting declarations
--------------------------------------------------------------------
Finished reading DSYRFSX from file dsyrfsx.f90
Re-structuring..Writing DSYRFSX
Rewriting declarations
--------------------------------------------------------------------
Finished reading DSYSV_AA_2STAGE from file dsysv_aa_2stage.f90
Re-structuring..Writing DSYSV_AA_2STAGE
Rewriting declarations
--------------------------------------------------------------------
Finished reading DSYSV_AA from file dsysv_aa.f90
Re-structuring..Writing DSYSV_AA
Rewriting declarations
--------------------------------------------------------------------
Finished reading DSYSV from file dsysv.f90
Re-structuring..Writing DSYSV
Rewriting declarations
--------------------------------------------------------------------
Finished reading DSYSV_RK from file dsysv_rk.f90
Re-structuring..Writing DSYSV_RK
Rewriting declarations
--------------------------------------------------------------------
Finished reading DSYSV_ROOK from file dsysv_rook.f90
Re-structuring..Writing DSYSV_ROOK
Rewriting declarations
--------------------------------------------------------------------
Finished reading DSYSVX from file dsysvx.f90
Re-structuring..Writing DSYSVX
Rewriting declarations
--------------------------------------------------------------------
Finished reading DSYSVXX from file dsysvxx.f90
Re-structuring..Writing DSYSVXX
Rewriting declarations
--------------------------------------------------------------------
Finished reading DSYSWAPR from file dsyswapr.f90
Re-structuring..Writing DSYSWAPR
Rewriting declarations
--------------------------------------------------------------------
Finished reading DSYTD2 from file dsytd2.f90
Re-structuring..Writing DSYTD2
Rewriting declarations
--------------------------------------------------------------------
Finished reading DSYTF2 from file dsytf2.f90
Re-structuring..Writing DSYTF2
Rewriting declarations
--------------------------------------------------------------------
Finished reading DSYTF2_RK from file dsytf2_rk.f90
Re-structuring..Writing DSYTF2_RK
Rewriting declarations
--------------------------------------------------------------------
Finished reading DSYTF2_ROOK from file dsytf2_rook.f90
Re-structuring..Writing DSYTF2_ROOK
Rewriting declarations
--------------------------------------------------------------------
Finished reading DSYTRD_2STAGE from file dsytrd_2stage.f90
<>I Variable assigned a value but not used   WANTQ
Re-structuring..Writing DSYTRD_2STAGE
Rewriting declarations
--------------------------------------------------------------------
Finished reading DSYTRD from file dsytrd.f90
Re-structuring..Writing DSYTRD
Rewriting declarations
--------------------------------------------------------------------
Finished reading DSYTRD_SB2ST from file dsytrd_sb2st.f90
<>W MODULE not found in PFMODULE.KEY         OMP_LIB
<>W MODULE not found in PFMODULE.KEY         OMP_LIB
<>I Variable assigned a value but not used   DEBUG
<>I Variable assigned a value but not used   NBTILES
<>I Variable assigned a value but not used   NTHREADS
<>I PARAMETER is not used                    ONE
<>I Variable assigned a value but not used   SIDEV
No clutter removal attempted
Re-structuring..Writing DSYTRD_SB2ST
Rewriting declarations
--------------------------------------------------------------------
Finished reading DSYTRD_SY2SB from file dsytrd_sy2sb.f90
Re-structuring..Writing DSYTRD_SY2SB
Rewriting declarations
--------------------------------------------------------------------
Finished reading DSYTRF_AA_2STAGE from file dsytrf_aa_2stage.f90
Re-structuring..Writing DSYTRF_AA_2STAGE
Rewriting declarations
--------------------------------------------------------------------
Finished reading DSYTRF_AA from file dsytrf_aa.f90
Re-structuring..Writing DSYTRF_AA
Rewriting declarations
--------------------------------------------------------------------
Finished reading DSYTRF from file dsytrf.f90
Re-structuring..Writing DSYTRF
Rewriting declarations
--------------------------------------------------------------------
Finished reading DSYTRF_RK from file dsytrf_rk.f90
Re-structuring..Writing DSYTRF_RK
Rewriting declarations
--------------------------------------------------------------------
Finished reading DSYTRF_ROOK from file dsytrf_rook.f90
Re-structuring..Writing DSYTRF_ROOK
Rewriting declarations
--------------------------------------------------------------------
Finished reading DSYTRI2 from file dsytri2.f90
Re-structuring..Writing DSYTRI2
Rewriting declarations
--------------------------------------------------------------------
Finished reading DSYTRI2X from file dsytri2x.f90
<>I INTRINSIC functn name used for variable  COUNT
Re-structuring..Writing DSYTRI2X
Rewriting declarations
--------------------------------------------------------------------
Finished reading DSYTRI_3 from file dsytri_3.f90
Re-structuring..Writing DSYTRI_3
Rewriting declarations
--------------------------------------------------------------------
Finished reading DSYTRI_3X from file dsytri_3x.f90
Re-structuring..Writing DSYTRI_3X
Rewriting declarations
--------------------------------------------------------------------
Finished reading DSYTRI from file dsytri.f90
Re-structuring..Writing DSYTRI
Rewriting declarations
--------------------------------------------------------------------
Finished reading DSYTRI_ROOK from file dsytri_rook.f90
Re-structuring..Writing DSYTRI_ROOK
Rewriting declarations
--------------------------------------------------------------------
Finished reading DSYTRS2 from file dsytrs2.f90
Re-structuring..Writing DSYTRS2
Rewriting declarations
--------------------------------------------------------------------
Finished reading DSYTRS_3 from file dsytrs_3.f90
Re-structuring..Writing DSYTRS_3
Rewriting declarations
--------------------------------------------------------------------
Finished reading DSYTRS_AA_2STAGE from file dsytrs_aa_2stage.f90
Re-structuring..Writing DSYTRS_AA_2STAGE
Rewriting declarations
--------------------------------------------------------------------
Finished reading DSYTRS_AA from file dsytrs_aa.f90
Re-structuring..Writing DSYTRS_AA
Rewriting declarations
--------------------------------------------------------------------
Finished reading DSYTRS from file dsytrs.f90
Re-structuring..Writing DSYTRS
Rewriting declarations
--------------------------------------------------------------------
Finished reading DSYTRS_ROOK from file dsytrs_rook.f90
Re-structuring..Writing DSYTRS_ROOK
Rewriting declarations
--------------------------------------------------------------------
Finished reading DTBCON from file dtbcon.f90
<>I INTRINSIC functn name used for variable  SCALE
Re-structuring..Writing DTBCON
Rewriting declarations
--------------------------------------------------------------------
Finished reading DTBRFS from file dtbrfs.f90
Re-structuring..Writing DTBRFS
Rewriting declarations
--------------------------------------------------------------------
Finished reading DTBTRS from file dtbtrs.f90
Re-structuring..Writing DTBTRS
Rewriting declarations
--------------------------------------------------------------------
Finished reading DTFSM from file dtfsm.f90
Re-structuring..Writing DTFSM
Rewriting declarations
--------------------------------------------------------------------
Finished reading DTFTRI from file dtftri.f90
Re-structuring..Writing DTFTRI
Rewriting declarations
--------------------------------------------------------------------
Finished reading DTFTTP from file dtfttp.f90
<>I Variable assigned a value but not used   NT
Re-structuring..Writing DTFTTP
Rewriting declarations
--------------------------------------------------------------------
Finished reading DTFTTR from file dtfttr.f90
Re-structuring..Writing DTFTTR
Rewriting declarations
--------------------------------------------------------------------
Finished reading DTGEVC from file dtgevc.f90
<>I INTRINSIC functn name used for variable  SCALE
<>I INTRINSIC functn name used for variable  SUM
Re-structuring..Writing DTGEVC
Rewriting declarations
--------------------------------------------------------------------
Finished reading DTGEX2 from file dtgex2.f90
<>I INTRINSIC functn name used for variable  SCALE
Re-structuring..Writing DTGEX2
Rewriting declarations
--------------------------------------------------------------------
Finished reading DTGEXC from file dtgexc.f90
Re-structuring..Writing DTGEXC
Rewriting declarations
--------------------------------------------------------------------
Finished reading DTGSEN from file dtgsen.f90
Re-structuring..Writing DTGSEN
Rewriting declarations
--------------------------------------------------------------------
Finished reading DTGSJA from file dtgsja.f90
Re-structuring..Writing DTGSJA
Rewriting declarations
--------------------------------------------------------------------
Finished reading DTGSNA from file dtgsna.f90
<>I INTRINSIC functn name used for variable  SCALE
Re-structuring..Writing DTGSNA
Rewriting declarations
--------------------------------------------------------------------
Finished reading DTGSY2 from file dtgsy2.f90
<>I INTRINSIC functn name used for variable  SCALE
Re-structuring..Writing DTGSY2
Rewriting declarations
--------------------------------------------------------------------
Finished reading DTGSYL from file dtgsyl.f90
<>I INTRINSIC functn name used for variable  SCALE
Re-structuring..Writing DTGSYL
Rewriting declarations
--------------------------------------------------------------------
Finished reading DTPCON from file dtpcon.f90
<>I INTRINSIC functn name used for variable  SCALE
Re-structuring..Writing DTPCON
Rewriting declarations
--------------------------------------------------------------------
Finished reading DTPLQT2 from file dtplqt2.f90
Re-structuring..Writing DTPLQT2
Rewriting declarations
--------------------------------------------------------------------
Finished reading DTPLQT from file dtplqt.f90
Re-structuring..Writing DTPLQT
Rewriting declarations
--------------------------------------------------------------------
Finished reading DTPMLQT from file dtpmlqt.f90
Re-structuring..Writing DTPMLQT
Rewriting declarations
--------------------------------------------------------------------
Finished reading DTPMQRT from file dtpmqrt.f90
Re-structuring..Writing DTPMQRT
Rewriting declarations
--------------------------------------------------------------------
Finished reading DTPQRT2 from file dtpqrt2.f90
Re-structuring..Writing DTPQRT2
Rewriting declarations
--------------------------------------------------------------------
Finished reading DTPQRT from file dtpqrt.f90
Re-structuring..Writing DTPQRT
Rewriting declarations
--------------------------------------------------------------------
Finished reading DTPRFB from file dtprfb.f90
Re-structuring..Writing DTPRFB
Rewriting declarations
--------------------------------------------------------------------
Finished reading DTPRFS from file dtprfs.f90
Re-structuring..Writing DTPRFS
Rewriting declarations
--------------------------------------------------------------------
Finished reading DTPTRI from file dtptri.f90
Re-structuring..Writing DTPTRI
Rewriting declarations
--------------------------------------------------------------------
Finished reading DTPTRS from file dtptrs.f90
Re-structuring..Writing DTPTRS
Rewriting declarations
--------------------------------------------------------------------
Finished reading DTPTTF from file dtpttf.f90
<>I Variable assigned a value but not used   NT
Re-structuring..Writing DTPTTF
Rewriting declarations
--------------------------------------------------------------------
Finished reading DTPTTR from file dtpttr.f90
Re-structuring..Writing DTPTTR
Rewriting declarations
--------------------------------------------------------------------
Finished reading DTRCON from file dtrcon.f90
<>I INTRINSIC functn name used for variable  SCALE
Re-structuring..Writing DTRCON
Rewriting declarations
--------------------------------------------------------------------
Finished reading DTREVC3 from file dtrevc3.f90
<>I INTRINSIC functn name used for variable  SCALE
Re-structuring..Writing DTREVC3
Rewriting declarations
--------------------------------------------------------------------
Finished reading DTREVC from file dtrevc.f90
<>I INTRINSIC functn name used for variable  SCALE
Re-structuring..Writing DTREVC
Rewriting declarations
--------------------------------------------------------------------
Finished reading DTREXC from file dtrexc.f90
Re-structuring..Writing DTREXC
Rewriting declarations
--------------------------------------------------------------------
Finished reading DTRRFS from file dtrrfs.f90
Re-structuring..Writing DTRRFS
Rewriting declarations
--------------------------------------------------------------------
Finished reading DTRSEN from file dtrsen.f90
<>I INTRINSIC functn name used for variable  SCALE
Re-structuring..Writing DTRSEN
Rewriting declarations
--------------------------------------------------------------------
Finished reading DTRSNA from file dtrsna.f90
<>I INTRINSIC functn name used for variable  SCALE
Re-structuring..Writing DTRSNA
Rewriting declarations
--------------------------------------------------------------------
Finished reading DTRSYL from file dtrsyl.f90
<>I INTRINSIC functn name used for variable  SCALE
Re-structuring..Writing DTRSYL
Rewriting declarations
--------------------------------------------------------------------
Finished reading DTRTI2 from file dtrti2.f90
Re-structuring..Writing DTRTI2
Rewriting declarations
--------------------------------------------------------------------
Finished reading DTRTRI from file dtrtri.f90
Re-structuring..Writing DTRTRI
Rewriting declarations
--------------------------------------------------------------------
Finished reading DTRTRS from file dtrtrs.f90
Re-structuring..Writing DTRTRS
Rewriting declarations
--------------------------------------------------------------------
Finished reading DTRTTF from file dtrttf.f90
Re-structuring..Writing DTRTTF
Rewriting declarations
--------------------------------------------------------------------
Finished reading DTRTTP from file dtrttp.f90
Re-structuring..Writing DTRTTP
Rewriting declarations
--------------------------------------------------------------------
Finished reading DTZRZF from file dtzrzf.f90
Re-structuring..Writing DTZRZF
Rewriting declarations
--------------------------------------------------------------------
Finished reading DZSUM1 from file dzsum1.f90
Re-structuring..Writing DZSUM1
Rewriting declarations
--------------------------------------------------------------------
 
End of input after 497 sub-programs (203432 lines)
 
   497 were re-structured
   497 were re-labelled
   497 were beautified
 
   134 diagnostics generated
 
     2 occurrences of Unreachable or redundant statement
     5 occurrences of Argument is not used
     1 occurrences of PARAMETER is not used
    20 occurrences of Variable assigned a value but not used
     2 occurrences of MODULE not found in PFMODULE.KEY
   104 occurrences of INTRINSIC functn name used for variable
 
SPAG finished normally
