SPAG - Version 7.51RB executing at 21:36 on  3 Mar 2022
Copyright (C) Polyhedron Solutions - 1987-2022 - All rights reserved
 
Licensee : fortran-lang.discourse.group - Windows, Mac or Linux
         : Valid until 31st March 2022
 
Licence data             read from /opt/plusfort_x64Linux_751/plusFORT.fig
Licence Expiry Date  Mar 2022
KIND information         read from /opt/plusfort_x64Linux_751/f77kinds.f90
INTRINSIC function names read from /opt/plusfort_x64Linux_751/f90func.txt
Output files will be written in directory /home/urbanjs/venus/V600/github/spag_lapack/src/complex/SPAGged/
Configuration data       read from spag.fig
Input Ordering Pre-scan
--------------------------------------------------------------------
Finished reading CBBCSD from file cbbcsd.f90
Re-structuring..Writing CBBCSD
Rewriting declarations
--------------------------------------------------------------------
Finished reading CBDSQR from file cbdsqr.f90
Re-structuring..Writing CBDSQR
Rewriting declarations
--------------------------------------------------------------------
Finished reading CGBBRD from file cgbbrd.f90
Re-structuring..Writing CGBBRD
Rewriting declarations
--------------------------------------------------------------------
Finished reading CGBCON from file cgbcon.f90
<>I INTRINSIC functn name used for variable  SCALE
Re-structuring..Writing CGBCON
Rewriting declarations
--------------------------------------------------------------------
Finished reading CGBEQUB from file cgbequb.f90
<>I INTRINSIC functn name used for variable  RADIX
Re-structuring..Writing CGBEQUB
Rewriting declarations
--------------------------------------------------------------------
Finished reading CGBEQU from file cgbequ.f90
Re-structuring..Writing CGBEQU
Rewriting declarations
--------------------------------------------------------------------
Finished reading CGBRFS from file cgbrfs.f90
<>I INTRINSIC functn name used for variable  COUNT
Re-structuring..Writing CGBRFS
Rewriting declarations
--------------------------------------------------------------------
Finished reading CGBRFSX from file cgbrfsx.f90
Re-structuring..Writing CGBRFSX
Rewriting declarations
--------------------------------------------------------------------
Finished reading CGBSV from file cgbsv.f90
Re-structuring..Writing CGBSV
Rewriting declarations
--------------------------------------------------------------------
Finished reading CGBSVX from file cgbsvx.f90
Re-structuring..Writing CGBSVX
Rewriting declarations
--------------------------------------------------------------------
Finished reading CGBSVXX from file cgbsvxx.f90
Re-structuring..Writing CGBSVXX
Rewriting declarations
--------------------------------------------------------------------
Finished reading CGBTF2 from file cgbtf2.f90
Re-structuring..Writing CGBTF2
Rewriting declarations
--------------------------------------------------------------------
Finished reading CGBTRF from file cgbtrf.f90
Re-structuring..Writing CGBTRF
Rewriting declarations
--------------------------------------------------------------------
Finished reading CGBTRS from file cgbtrs.f90
Re-structuring..Writing CGBTRS
Rewriting declarations
--------------------------------------------------------------------
Finished reading CGEBAK from file cgebak.f90
<>I INTRINSIC functn name used for variable  SCALE
Re-structuring..Writing CGEBAK
Rewriting declarations
--------------------------------------------------------------------
Finished reading CGEBAL from file cgebal.f90
<>I INTRINSIC functn name used for variable  SCALE
Re-structuring..Writing CGEBAL
Rewriting declarations
--------------------------------------------------------------------
Finished reading CGEBD2 from file cgebd2.f90
Re-structuring..Writing CGEBD2
Rewriting declarations
--------------------------------------------------------------------
Finished reading CGEBRD from file cgebrd.f90
Re-structuring..Writing CGEBRD
Rewriting declarations
--------------------------------------------------------------------
Finished reading CGECON from file cgecon.f90
<>I INTRINSIC functn name used for variable  SCALE
Re-structuring..Writing CGECON
Rewriting declarations
--------------------------------------------------------------------
Finished reading CGEEQUB from file cgeequb.f90
<>I INTRINSIC functn name used for variable  RADIX
Re-structuring..Writing CGEEQUB
Rewriting declarations
--------------------------------------------------------------------
Finished reading CGEEQU from file cgeequ.f90
Re-structuring..Writing CGEEQU
Rewriting declarations
--------------------------------------------------------------------
Finished reading CGEES from file cgees.f90
Re-structuring..Writing CGEES
Rewriting declarations
--------------------------------------------------------------------
Finished reading CGEESX from file cgeesx.f90
Re-structuring..Writing CGEESX
Rewriting declarations
--------------------------------------------------------------------
Finished reading CGEEV from file cgeev.f90
Re-structuring..Writing CGEEV
Rewriting declarations
--------------------------------------------------------------------
Finished reading CGEEVX from file cgeevx.f90
<>I INTRINSIC functn name used for variable  SCALE
Re-structuring..Writing CGEEVX
Rewriting declarations
--------------------------------------------------------------------
Finished reading CGEHD2 from file cgehd2.f90
Re-structuring..Writing CGEHD2
Rewriting declarations
--------------------------------------------------------------------
Finished reading CGEHRD from file cgehrd.f90
Re-structuring..Writing CGEHRD
Rewriting declarations
--------------------------------------------------------------------
Finished reading CGEJSV from file cgejsv.f90
Re-structuring..Writing CGEJSV
Rewriting declarations
--------------------------------------------------------------------
Finished reading CGELQ2 from file cgelq2.f90
Re-structuring..Writing CGELQ2
Rewriting declarations
--------------------------------------------------------------------
Finished reading CGELQ from file cgelq.f90
Re-structuring..Writing CGELQ
Rewriting declarations
--------------------------------------------------------------------
Finished reading CGELQF from file cgelqf.f90
Re-structuring..Writing CGELQF
Rewriting declarations
--------------------------------------------------------------------
Finished reading CGELQT3 from file cgelqt3.f90
Re-structuring..Writing CGELQT3
Rewriting declarations
--------------------------------------------------------------------
Finished reading CGELQT from file cgelqt.f90
Re-structuring..Writing CGELQT
Rewriting declarations
--------------------------------------------------------------------
Finished reading CGELSD from file cgelsd.f90
Re-structuring..Writing CGELSD
Rewriting declarations
--------------------------------------------------------------------
Finished reading CGELS from file cgels.f90
Re-structuring..Writing CGELS
Rewriting declarations
--------------------------------------------------------------------
Finished reading CGELSS from file cgelss.f90
<>I Variable assigned a value but not used   LWORK_CGEQRF
<>I Variable assigned a value but not used   LWORK_CUNMQR
Re-structuring..Writing CGELSS
Rewriting declarations
--------------------------------------------------------------------
Finished reading CGELSY from file cgelsy.f90
Re-structuring..Writing CGELSY
Rewriting declarations
--------------------------------------------------------------------
Finished reading CGEMLQ from file cgemlq.f90
<>I Variable assigned a value but not used   NBLCKS
Re-structuring..Writing CGEMLQ
Rewriting declarations
--------------------------------------------------------------------
Finished reading CGEMLQT from file cgemlqt.f90
Re-structuring..Writing CGEMLQT
Rewriting declarations
--------------------------------------------------------------------
Finished reading CGEMQR from file cgemqr.f90
<>I Variable assigned a value but not used   NBLCKS
Re-structuring..Writing CGEMQR
Rewriting declarations
--------------------------------------------------------------------
Finished reading CGEMQRT from file cgemqrt.f90
Re-structuring..Writing CGEMQRT
Rewriting declarations
--------------------------------------------------------------------
Finished reading CGEQL2 from file cgeql2.f90
Re-structuring..Writing CGEQL2
Rewriting declarations
--------------------------------------------------------------------
Finished reading CGEQLF from file cgeqlf.f90
Re-structuring..Writing CGEQLF
Rewriting declarations
--------------------------------------------------------------------
Finished reading CGEQP3 from file cgeqp3.f90
Re-structuring..Writing CGEQP3
Rewriting declarations
--------------------------------------------------------------------
Finished reading CGEQR2 from file cgeqr2.f90
Re-structuring..Writing CGEQR2
Rewriting declarations
--------------------------------------------------------------------
Finished reading CGEQR2P from file cgeqr2p.f90
Re-structuring..Writing CGEQR2P
Rewriting declarations
--------------------------------------------------------------------
Finished reading CGEQR from file cgeqr.f90
Re-structuring..Writing CGEQR
Rewriting declarations
--------------------------------------------------------------------
Finished reading CGEQRF from file cgeqrf.f90
Re-structuring..Writing CGEQRF
Rewriting declarations
--------------------------------------------------------------------
Finished reading CGEQRFP from file cgeqrfp.f90
Re-structuring..Writing CGEQRFP
Rewriting declarations
--------------------------------------------------------------------
Finished reading CGEQRT2 from file cgeqrt2.f90
Re-structuring..Writing CGEQRT2
Rewriting declarations
--------------------------------------------------------------------
Finished reading CGEQRT3 from file cgeqrt3.f90
Re-structuring..Writing CGEQRT3
Rewriting declarations
--------------------------------------------------------------------
Finished reading CGEQRT from file cgeqrt.f90
Re-structuring..Writing CGEQRT
Rewriting declarations
--------------------------------------------------------------------
Finished reading CGERFS from file cgerfs.f90
<>I INTRINSIC functn name used for variable  COUNT
Re-structuring..Writing CGERFS
Rewriting declarations
--------------------------------------------------------------------
Finished reading CGERFSX from file cgerfsx.f90
Re-structuring..Writing CGERFSX
Rewriting declarations
--------------------------------------------------------------------
Finished reading CGERQ2 from file cgerq2.f90
Re-structuring..Writing CGERQ2
Rewriting declarations
--------------------------------------------------------------------
Finished reading CGERQF from file cgerqf.f90
Re-structuring..Writing CGERQF
Rewriting declarations
--------------------------------------------------------------------
Finished reading CGESC2 from file cgesc2.f90
<>I INTRINSIC functn name used for variable  SCALE
Re-structuring..Writing CGESC2
Rewriting declarations
--------------------------------------------------------------------
Finished reading CGESDD from file cgesdd.f90
Re-structuring..Writing CGESDD
Rewriting declarations
--------------------------------------------------------------------
Finished reading CGESVD from file cgesvd.f90
Re-structuring..Writing CGESVD
Rewriting declarations
--------------------------------------------------------------------
Finished reading CGESVDQ from file cgesvdq.f90
Re-structuring..Writing CGESVDQ
Rewriting declarations
--------------------------------------------------------------------
Finished reading CGESVDX from file cgesvdx.f90
<>I Variable assigned a value but not used   ABSTOL
<>I INTRINSIC functn name used for variable  RANGE
Re-structuring..Writing CGESVDX
Rewriting declarations
--------------------------------------------------------------------
Finished reading CGESV from file cgesv.f90
Re-structuring..Writing CGESV
Rewriting declarations
--------------------------------------------------------------------
Finished reading CGESVJ from file cgesvj.f90
Re-structuring..Writing CGESVJ
Rewriting declarations
--------------------------------------------------------------------
Finished reading CGESVX from file cgesvx.f90
Re-structuring..Writing CGESVX
Rewriting declarations
--------------------------------------------------------------------
Finished reading CGESVXX from file cgesvxx.f90
Re-structuring..Writing CGESVXX
Rewriting declarations
--------------------------------------------------------------------
Finished reading CGETC2 from file cgetc2.f90
Re-structuring..Writing CGETC2
Rewriting declarations
--------------------------------------------------------------------
Finished reading CGETF2 from file cgetf2.f90
Re-structuring..Writing CGETF2
Rewriting declarations
--------------------------------------------------------------------
Finished reading CGETRF2 from file cgetrf2.f90
Re-structuring..Writing CGETRF2
Rewriting declarations
--------------------------------------------------------------------
Finished reading CGETRF from file cgetrf.f90
Re-structuring..Writing CGETRF
Rewriting declarations
--------------------------------------------------------------------
Finished reading CGETRI from file cgetri.f90
Re-structuring..Writing CGETRI
Rewriting declarations
--------------------------------------------------------------------
Finished reading CGETRS from file cgetrs.f90
Re-structuring..Writing CGETRS
Rewriting declarations
--------------------------------------------------------------------
Finished reading CGETSLS from file cgetsls.f90
<>I Variable assigned a value but not used   MNK
Re-structuring..Writing CGETSLS
Rewriting declarations
--------------------------------------------------------------------
Finished reading CGETSQRHRT from file cgetsqrhrt.f90
Re-structuring..Writing CGETSQRHRT
Rewriting declarations
--------------------------------------------------------------------
Finished reading CGGBAK from file cggbak.f90
Re-structuring..Writing CGGBAK
Rewriting declarations
--------------------------------------------------------------------
Finished reading CGGBAL from file cggbal.f90
<>I INTRINSIC functn name used for variable  SUM
Re-structuring..Writing CGGBAL
Rewriting declarations
--------------------------------------------------------------------
Finished reading CGGES3 from file cgges3.f90
Re-structuring..Writing CGGES3
Rewriting declarations
--------------------------------------------------------------------
Finished reading CGGES from file cgges.f90
Re-structuring..Writing CGGES
Rewriting declarations
--------------------------------------------------------------------
Finished reading CGGESX from file cggesx.f90
Re-structuring..Writing CGGESX
Rewriting declarations
--------------------------------------------------------------------
Finished reading CGGEV3 from file cggev3.f90
Re-structuring..Writing CGGEV3
Rewriting declarations
--------------------------------------------------------------------
Finished reading CGGEV from file cggev.f90
Re-structuring..Writing CGGEV
Rewriting declarations
--------------------------------------------------------------------
Finished reading CGGEVX from file cggevx.f90
Re-structuring..Writing CGGEVX
Rewriting declarations
--------------------------------------------------------------------
Finished reading CGGGLM from file cggglm.f90
Re-structuring..Writing CGGGLM
Rewriting declarations
--------------------------------------------------------------------
Finished reading CGGHD3 from file cgghd3.f90
<>I INTRINSIC functn name used for variable  LEN
Re-structuring..Writing CGGHD3
Rewriting declarations
--------------------------------------------------------------------
Finished reading CGGHRD from file cgghrd.f90
Re-structuring..Writing CGGHRD
Rewriting declarations
--------------------------------------------------------------------
Finished reading CGGLSE from file cgglse.f90
Re-structuring..Writing CGGLSE
Rewriting declarations
--------------------------------------------------------------------
Finished reading CGGQRF from file cggqrf.f90
Re-structuring..Writing CGGQRF
Rewriting declarations
--------------------------------------------------------------------
Finished reading CGGRQF from file cggrqf.f90
Re-structuring..Writing CGGRQF
Rewriting declarations
--------------------------------------------------------------------
Finished reading CGGSVD3 from file cggsvd3.f90
Re-structuring..Writing CGGSVD3
Rewriting declarations
--------------------------------------------------------------------
Finished reading CGGSVP3 from file cggsvp3.f90
Re-structuring..Writing CGGSVP3
Rewriting declarations
--------------------------------------------------------------------
Finished reading CGSVJ0 from file cgsvj0.f90
Re-structuring..Writing CGSVJ0
Rewriting declarations
--------------------------------------------------------------------
Finished reading CGSVJ1 from file cgsvj1.f90
Re-structuring..Writing CGSVJ1
Rewriting declarations
--------------------------------------------------------------------
Finished reading CGTCON from file cgtcon.f90
Re-structuring..Writing CGTCON
Rewriting declarations
--------------------------------------------------------------------
Finished reading CGTRFS from file cgtrfs.f90
<>I INTRINSIC functn name used for variable  COUNT
Re-structuring..Writing CGTRFS
Rewriting declarations
--------------------------------------------------------------------
Finished reading CGTSV from file cgtsv.f90
Re-structuring..Writing CGTSV
Rewriting declarations
--------------------------------------------------------------------
Finished reading CGTSVX from file cgtsvx.f90
Re-structuring..Writing CGTSVX
Rewriting declarations
--------------------------------------------------------------------
Finished reading CGTTRF from file cgttrf.f90
Re-structuring..Writing CGTTRF
Rewriting declarations
--------------------------------------------------------------------
Finished reading CGTTRS from file cgttrs.f90
Re-structuring..Writing CGTTRS
Rewriting declarations
--------------------------------------------------------------------
Finished reading CGTTS2 from file cgtts2.f90
Re-structuring..Writing CGTTS2
Rewriting declarations
--------------------------------------------------------------------
Finished reading CHB2ST_KERNELS from file chb2st_kernels.f90
<>I Variable assigned a value but not used   AJETER
Re-structuring..Writing CHB2ST_KERNELS
Rewriting declarations
--------------------------------------------------------------------
Finished reading CHBEV_2STAGE from file chbev_2stage.f90
Re-structuring..Writing CHBEV_2STAGE
Rewriting declarations
--------------------------------------------------------------------
Finished reading CHBEVD_2STAGE from file chbevd_2stage.f90
Re-structuring..Writing CHBEVD_2STAGE
Rewriting declarations
--------------------------------------------------------------------
Finished reading CHBEVD from file chbevd.f90
Re-structuring..Writing CHBEVD
Rewriting declarations
--------------------------------------------------------------------
Finished reading CHBEV from file chbev.f90
Re-structuring..Writing CHBEV
Rewriting declarations
--------------------------------------------------------------------
Finished reading CHBEVX_2STAGE from file chbevx_2stage.f90
<>I INTRINSIC functn name used for variable  RANGE
Re-structuring..Writing CHBEVX_2STAGE
Rewriting declarations
--------------------------------------------------------------------
Finished reading CHBEVX from file chbevx.f90
<>I INTRINSIC functn name used for variable  RANGE
Re-structuring..Writing CHBEVX
Rewriting declarations
--------------------------------------------------------------------
Finished reading CHBGST from file chbgst.f90
Re-structuring..Writing CHBGST
Rewriting declarations
--------------------------------------------------------------------
Finished reading CHBGVD from file chbgvd.f90
Re-structuring..Writing CHBGVD
Rewriting declarations
--------------------------------------------------------------------
Finished reading CHBGV from file chbgv.f90
Re-structuring..Writing CHBGV
Rewriting declarations
--------------------------------------------------------------------
Finished reading CHBGVX from file chbgvx.f90
<>I INTRINSIC functn name used for variable  RANGE
Re-structuring..Writing CHBGVX
Rewriting declarations
--------------------------------------------------------------------
Finished reading CHBTRD from file chbtrd.f90
Re-structuring..Writing CHBTRD
Rewriting declarations
--------------------------------------------------------------------
Finished reading CHECON_3 from file checon_3.f90
Re-structuring..Writing CHECON_3
Rewriting declarations
--------------------------------------------------------------------
Finished reading CHECON from file checon.f90
Re-structuring..Writing CHECON
Rewriting declarations
--------------------------------------------------------------------
Finished reading CHECON_ROOK from file checon_rook.f90
Re-structuring..Writing CHECON_ROOK
Rewriting declarations
--------------------------------------------------------------------
Finished reading CHEEQUB from file cheequb.f90
<>I INTRINSIC functn name used for variable  SCALE
Re-structuring..Writing CHEEQUB
Rewriting declarations
--------------------------------------------------------------------
Finished reading CHEEV_2STAGE from file cheev_2stage.f90
Re-structuring..Writing CHEEV_2STAGE
Rewriting declarations
--------------------------------------------------------------------
Finished reading CHEEVD_2STAGE from file cheevd_2stage.f90
Re-structuring..Writing CHEEVD_2STAGE
Rewriting declarations
--------------------------------------------------------------------
Finished reading CHEEVD from file cheevd.f90
Re-structuring..Writing CHEEVD
Rewriting declarations
--------------------------------------------------------------------
Finished reading CHEEV from file cheev.f90
Re-structuring..Writing CHEEV
Rewriting declarations
--------------------------------------------------------------------
Finished reading CHEEVR_2STAGE from file cheevr_2stage.f90
<>I INTRINSIC functn name used for variable  RANGE
Re-structuring..Writing CHEEVR_2STAGE
Rewriting declarations
--------------------------------------------------------------------
Finished reading CHEEVR from file cheevr.f90
<>I INTRINSIC functn name used for variable  RANGE
Re-structuring..Writing CHEEVR
Rewriting declarations
--------------------------------------------------------------------
Finished reading CHEEVX_2STAGE from file cheevx_2stage.f90
<>I INTRINSIC functn name used for variable  RANGE
Re-structuring..Writing CHEEVX_2STAGE
Rewriting declarations
--------------------------------------------------------------------
Finished reading CHEEVX from file cheevx.f90
<>I INTRINSIC functn name used for variable  RANGE
Re-structuring..Writing CHEEVX
Rewriting declarations
--------------------------------------------------------------------
Finished reading CHEGS2 from file chegs2.f90
Re-structuring..Writing CHEGS2
Rewriting declarations
--------------------------------------------------------------------
Finished reading CHEGST from file chegst.f90
Re-structuring..Writing CHEGST
Rewriting declarations
--------------------------------------------------------------------
Finished reading CHEGV_2STAGE from file chegv_2stage.f90
Re-structuring..Writing CHEGV_2STAGE
Rewriting declarations
--------------------------------------------------------------------
Finished reading CHEGVD from file chegvd.f90
Re-structuring..Writing CHEGVD
Rewriting declarations
--------------------------------------------------------------------
Finished reading CHEGV from file chegv.f90
Re-structuring..Writing CHEGV
Rewriting declarations
--------------------------------------------------------------------
Finished reading CHEGVX from file chegvx.f90
<>I INTRINSIC functn name used for variable  RANGE
Re-structuring..Writing CHEGVX
Rewriting declarations
--------------------------------------------------------------------
Finished reading CHERFS from file cherfs.f90
<>I INTRINSIC functn name used for variable  COUNT
Re-structuring..Writing CHERFS
Rewriting declarations
--------------------------------------------------------------------
Finished reading CHERFSX from file cherfsx.f90
Re-structuring..Writing CHERFSX
Rewriting declarations
--------------------------------------------------------------------
Finished reading CHESV_AA_2STAGE from file chesv_aa_2stage.f90
Re-structuring..Writing CHESV_AA_2STAGE
Rewriting declarations
--------------------------------------------------------------------
Finished reading CHESV_AA from file chesv_aa.f90
Re-structuring..Writing CHESV_AA
Rewriting declarations
--------------------------------------------------------------------
Finished reading CHESV from file chesv.f90
Re-structuring..Writing CHESV
Rewriting declarations
--------------------------------------------------------------------
Finished reading CHESV_RK from file chesv_rk.f90
Re-structuring..Writing CHESV_RK
Rewriting declarations
--------------------------------------------------------------------
Finished reading CHESV_ROOK from file chesv_rook.f90
Re-structuring..Writing CHESV_ROOK
Rewriting declarations
--------------------------------------------------------------------
Finished reading CHESVX from file chesvx.f90
Re-structuring..Writing CHESVX
Rewriting declarations
--------------------------------------------------------------------
Finished reading CHESVXX from file chesvxx.f90
Re-structuring..Writing CHESVXX
Rewriting declarations
--------------------------------------------------------------------
Finished reading CHESWAPR from file cheswapr.f90
Re-structuring..Writing CHESWAPR
Rewriting declarations
--------------------------------------------------------------------
Finished reading CHETD2 from file chetd2.f90
Re-structuring..Writing CHETD2
Rewriting declarations
--------------------------------------------------------------------
Finished reading CHETF2 from file chetf2.f90
Re-structuring..Writing CHETF2
Rewriting declarations
--------------------------------------------------------------------
Finished reading CHETF2_RK from file chetf2_rk.f90
Re-structuring..Writing CHETF2_RK
Rewriting declarations
--------------------------------------------------------------------
Finished reading CHETF2_ROOK from file chetf2_rook.f90
Re-structuring..Writing CHETF2_ROOK
Rewriting declarations
--------------------------------------------------------------------
Finished reading CHETRD_2STAGE from file chetrd_2stage.f90
<>I Variable assigned a value but not used   WANTQ
Re-structuring..Writing CHETRD_2STAGE
Rewriting declarations
--------------------------------------------------------------------
Finished reading CHETRD from file chetrd.f90
Re-structuring..Writing CHETRD
Rewriting declarations
--------------------------------------------------------------------
Finished reading CHETRD_HE2HB from file chetrd_he2hb.f90
Re-structuring..Writing CHETRD_HE2HB
Rewriting declarations
--------------------------------------------------------------------
Finished reading CHETRF_AA_2STAGE from file chetrf_aa_2stage.f90
Re-structuring..Writing CHETRF_AA_2STAGE
Rewriting declarations
--------------------------------------------------------------------
Finished reading CHETRF_AA from file chetrf_aa.f90
Re-structuring..Writing CHETRF_AA
Rewriting declarations
--------------------------------------------------------------------
Finished reading CHETRF from file chetrf.f90
Re-structuring..Writing CHETRF
Rewriting declarations
--------------------------------------------------------------------
Finished reading CHETRF_RK from file chetrf_rk.f90
Re-structuring..Writing CHETRF_RK
Rewriting declarations
--------------------------------------------------------------------
Finished reading CHETRF_ROOK from file chetrf_rook.f90
Re-structuring..Writing CHETRF_ROOK
Rewriting declarations
--------------------------------------------------------------------
Finished reading CHETRI2 from file chetri2.f90
Re-structuring..Writing CHETRI2
Rewriting declarations
--------------------------------------------------------------------
Finished reading CHETRI2X from file chetri2x.f90
<>I INTRINSIC functn name used for variable  COUNT
Re-structuring..Writing CHETRI2X
Rewriting declarations
--------------------------------------------------------------------
Finished reading CHETRI_3 from file chetri_3.f90
Re-structuring..Writing CHETRI_3
Rewriting declarations
--------------------------------------------------------------------
Finished reading CHETRI_3X from file chetri_3x.f90
Re-structuring..Writing CHETRI_3X
Rewriting declarations
--------------------------------------------------------------------
Finished reading CHETRI from file chetri.f90
Re-structuring..Writing CHETRI
Rewriting declarations
--------------------------------------------------------------------
Finished reading CHETRI_ROOK from file chetri_rook.f90
Re-structuring..Writing CHETRI_ROOK
Rewriting declarations
--------------------------------------------------------------------
Finished reading CHETRS2 from file chetrs2.f90
Re-structuring..Writing CHETRS2
Rewriting declarations
--------------------------------------------------------------------
Finished reading CHETRS_3 from file chetrs_3.f90
Re-structuring..Writing CHETRS_3
Rewriting declarations
--------------------------------------------------------------------
Finished reading CHETRS_AA_2STAGE from file chetrs_aa_2stage.f90
Re-structuring..Writing CHETRS_AA_2STAGE
Rewriting declarations
--------------------------------------------------------------------
Finished reading CHETRS_AA from file chetrs_aa.f90
Re-structuring..Writing CHETRS_AA
Rewriting declarations
--------------------------------------------------------------------
Finished reading CHETRS from file chetrs.f90
Re-structuring..Writing CHETRS
Rewriting declarations
--------------------------------------------------------------------
Finished reading CHETRS_ROOK from file chetrs_rook.f90
Re-structuring..Writing CHETRS_ROOK
Rewriting declarations
--------------------------------------------------------------------
Finished reading CHFRK from file chfrk.f90
Re-structuring..Writing CHFRK
Rewriting declarations
--------------------------------------------------------------------
Finished reading CHGEQZ from file chgeqz.f90
Re-structuring..Writing CHGEQZ
Rewriting declarations
--------------------------------------------------------------------
Finished reading CHLA_TRANSTYPE from file chla_transtype.f90
Re-structuring..Writing CHLA_TRANSTYPE
Rewriting declarations
--------------------------------------------------------------------
Finished reading CHPCON from file chpcon.f90
Re-structuring..Writing CHPCON
Rewriting declarations
--------------------------------------------------------------------
Finished reading CHPEVD from file chpevd.f90
Re-structuring..Writing CHPEVD
Rewriting declarations
--------------------------------------------------------------------
Finished reading CHPEV from file chpev.f90
Re-structuring..Writing CHPEV
Rewriting declarations
--------------------------------------------------------------------
Finished reading CHPEVX from file chpevx.f90
<>I INTRINSIC functn name used for variable  RANGE
Re-structuring..Writing CHPEVX
Rewriting declarations
--------------------------------------------------------------------
Finished reading CHPGST from file chpgst.f90
Re-structuring..Writing CHPGST
Rewriting declarations
--------------------------------------------------------------------
Finished reading CHPGVD from file chpgvd.f90
Re-structuring..Writing CHPGVD
Rewriting declarations
--------------------------------------------------------------------
Finished reading CHPGV from file chpgv.f90
Re-structuring..Writing CHPGV
Rewriting declarations
--------------------------------------------------------------------
Finished reading CHPGVX from file chpgvx.f90
<>I INTRINSIC functn name used for variable  RANGE
Re-structuring..Writing CHPGVX
Rewriting declarations
--------------------------------------------------------------------
Finished reading CHPRFS from file chprfs.f90
<>I INTRINSIC functn name used for variable  COUNT
Re-structuring..Writing CHPRFS
Rewriting declarations
--------------------------------------------------------------------
Finished reading CHPSV from file chpsv.f90
Re-structuring..Writing CHPSV
Rewriting declarations
--------------------------------------------------------------------
Finished reading CHPSVX from file chpsvx.f90
Re-structuring..Writing CHPSVX
Rewriting declarations
--------------------------------------------------------------------
Finished reading CHPTRD from file chptrd.f90
Re-structuring..Writing CHPTRD
Rewriting declarations
--------------------------------------------------------------------
Finished reading CHPTRF from file chptrf.f90
Re-structuring..Writing CHPTRF
Rewriting declarations
--------------------------------------------------------------------
Finished reading CHPTRI from file chptri.f90
Re-structuring..Writing CHPTRI
Rewriting declarations
--------------------------------------------------------------------
Finished reading CHPTRS from file chptrs.f90
Re-structuring..Writing CHPTRS
Rewriting declarations
--------------------------------------------------------------------
Finished reading CHSEIN from file chsein.f90
Re-structuring..Writing CHSEIN
Rewriting declarations
--------------------------------------------------------------------
Finished reading CHSEQR from file chseqr.f90
Re-structuring..Writing CHSEQR
Rewriting declarations
--------------------------------------------------------------------
Finished reading CLABRD from file clabrd.f90
Re-structuring..Writing CLABRD
Rewriting declarations
--------------------------------------------------------------------
Finished reading CLACGV from file clacgv.f90
Re-structuring..Writing CLACGV
Rewriting declarations
--------------------------------------------------------------------
Finished reading CLACN2 from file clacn2.f90
Re-structuring..Writing CLACN2
Rewriting declarations
--------------------------------------------------------------------
Finished reading CLACON from file clacon.f90
Re-structuring..Writing CLACON
Rewriting declarations
--------------------------------------------------------------------
Finished reading CLACP2 from file clacp2.f90
Re-structuring..Writing CLACP2
Rewriting declarations
--------------------------------------------------------------------
Finished reading CLACPY from file clacpy.f90
Re-structuring..Writing CLACPY
Rewriting declarations
--------------------------------------------------------------------
Finished reading CLACRM from file clacrm.f90
Re-structuring..Writing CLACRM
Rewriting declarations
--------------------------------------------------------------------
Finished reading CLACRT from file clacrt.f90
Re-structuring..Writing CLACRT
Rewriting declarations
--------------------------------------------------------------------
Finished reading CLADIV from file cladiv.f90
Re-structuring..Writing CLADIV
Rewriting declarations
--------------------------------------------------------------------
Finished reading CLAED0 from file claed0.f90
Re-structuring..Writing CLAED0
Rewriting declarations
--------------------------------------------------------------------
Finished reading CLAED7 from file claed7.f90
Re-structuring..Writing CLAED7
Rewriting declarations
--------------------------------------------------------------------
Finished reading CLAED8 from file claed8.f90
Re-structuring..Writing CLAED8
Rewriting declarations
--------------------------------------------------------------------
Finished reading CLAEIN from file claein.f90
<>I INTRINSIC functn name used for variable  SCALE
Re-structuring..Writing CLAEIN
Rewriting declarations
--------------------------------------------------------------------
Finished reading CLAESY from file claesy.f90
Re-structuring..Writing CLAESY
Rewriting declarations
--------------------------------------------------------------------
Finished reading CLAEV2 from file claev2.f90
Re-structuring..Writing CLAEV2
Rewriting declarations
--------------------------------------------------------------------
Finished reading CLAG2Z from file clag2z.f90
Re-structuring..Writing CLAG2Z
Rewriting declarations
--------------------------------------------------------------------
Finished reading CLA_GBAMV from file cla_gbamv.f90
Re-structuring..Writing CLA_GBAMV
Rewriting declarations
--------------------------------------------------------------------
Finished reading CLA_GBRCOND_C from file cla_gbrcond_c.f90
Re-structuring..Writing CLA_GBRCOND_C
Rewriting declarations
--------------------------------------------------------------------
Finished reading CLA_GBRCOND_X from file cla_gbrcond_x.f90
Re-structuring..Writing CLA_GBRCOND_X
Rewriting declarations
--------------------------------------------------------------------
Finished reading CLA_GBRFSX_EXTENDED from file cla_gbrfsx_extended.f90
Re-structuring..Writing CLA_GBRFSX_EXTENDED
Rewriting declarations
--------------------------------------------------------------------
Finished reading CLA_GBRPVGRW from file cla_gbrpvgrw.f90
Re-structuring..Writing CLA_GBRPVGRW
Rewriting declarations
--------------------------------------------------------------------
Finished reading CLA_GEAMV from file cla_geamv.f90
Re-structuring..Writing CLA_GEAMV
Rewriting declarations
--------------------------------------------------------------------
Finished reading CLA_GERCOND_C from file cla_gercond_c.f90
Re-structuring..Writing CLA_GERCOND_C
Rewriting declarations
--------------------------------------------------------------------
Finished reading CLA_GERCOND_X from file cla_gercond_x.f90
Re-structuring..Writing CLA_GERCOND_X
Rewriting declarations
--------------------------------------------------------------------
Finished reading CLA_GERFSX_EXTENDED from file cla_gerfsx_extended.f90
Re-structuring..Writing CLA_GERFSX_EXTENDED
Rewriting declarations
--------------------------------------------------------------------
Finished reading CLA_GERPVGRW from file cla_gerpvgrw.f90
Re-structuring..Writing CLA_GERPVGRW
Rewriting declarations
--------------------------------------------------------------------
Finished reading CLAGS2 from file clags2.f90
Re-structuring..Writing CLAGS2
Rewriting declarations
--------------------------------------------------------------------
Finished reading CLAGTM from file clagtm.f90
Re-structuring..Writing CLAGTM
Rewriting declarations
--------------------------------------------------------------------
Finished reading CLA_HEAMV from file cla_heamv.f90
Re-structuring..Writing CLA_HEAMV
Rewriting declarations
--------------------------------------------------------------------
Finished reading CLAHEF_AA from file clahef_aa.f90
Re-structuring..Writing CLAHEF_AA
Rewriting declarations
--------------------------------------------------------------------
Finished reading CLAHEF from file clahef.f90
Re-structuring..Writing CLAHEF
Rewriting declarations
--------------------------------------------------------------------
Finished reading CLAHEF_RK from file clahef_rk.f90
Re-structuring..Writing CLAHEF_RK
Rewriting declarations
--------------------------------------------------------------------
Finished reading CLAHEF_ROOK from file clahef_rook.f90
Re-structuring..Writing CLAHEF_ROOK
Rewriting declarations
--------------------------------------------------------------------
Finished reading CLA_HERCOND_C from file cla_hercond_c.f90
Re-structuring..Writing CLA_HERCOND_C
Rewriting declarations
--------------------------------------------------------------------
Finished reading CLA_HERCOND_X from file cla_hercond_x.f90
Re-structuring..Writing CLA_HERCOND_X
Rewriting declarations
--------------------------------------------------------------------
Finished reading CLA_HERFSX_EXTENDED from file cla_herfsx_extended.f90
Re-structuring..Writing CLA_HERFSX_EXTENDED
Rewriting declarations
--------------------------------------------------------------------
Finished reading CLA_HERPVGRW from file cla_herpvgrw.f90
Re-structuring..Writing CLA_HERPVGRW
Rewriting declarations
--------------------------------------------------------------------
Finished reading CLAHQR from file clahqr.f90
<>I INTRINSIC functn name used for variable  SUM
Re-structuring..Writing CLAHQR
Rewriting declarations
--------------------------------------------------------------------
Finished reading CLAHR2 from file clahr2.f90
Re-structuring..Writing CLAHR2
Rewriting declarations
--------------------------------------------------------------------
Finished reading CLAIC1 from file claic1.f90
Re-structuring..Writing CLAIC1
Rewriting declarations
--------------------------------------------------------------------
Finished reading CLA_LIN_BERR from file cla_lin_berr.f90
Re-structuring..Writing CLA_LIN_BERR
Rewriting declarations
--------------------------------------------------------------------
Finished reading CLALS0 from file clals0.f90
Re-structuring..Writing CLALS0
Rewriting declarations
--------------------------------------------------------------------
Finished reading CLALSA from file clalsa.f90
Re-structuring..Writing CLALSA
Rewriting declarations
--------------------------------------------------------------------
Finished reading CLALSD from file clalsd.f90
Re-structuring..Writing CLALSD
Rewriting declarations
--------------------------------------------------------------------
Finished reading CLAMSWLQ from file clamswlq.f90
Re-structuring..Writing CLAMSWLQ
Rewriting declarations
--------------------------------------------------------------------
Finished reading CLAMTSQR from file clamtsqr.f90
Re-structuring..Writing CLAMTSQR
Rewriting declarations
--------------------------------------------------------------------
Finished reading CLANGB from file clangb.f90
<>I INTRINSIC functn name used for variable  SUM
Re-structuring..Writing CLANGB
Rewriting declarations
--------------------------------------------------------------------
Finished reading CLANGE from file clange.f90
<>I INTRINSIC functn name used for variable  SUM
Re-structuring..Writing CLANGE
Rewriting declarations
--------------------------------------------------------------------
Finished reading CLANGT from file clangt.f90
<>I INTRINSIC functn name used for variable  SCALE
<>I INTRINSIC functn name used for variable  SUM
Re-structuring..Writing CLANGT
Rewriting declarations
--------------------------------------------------------------------
Finished reading CLANHB from file clanhb.f90
<>I INTRINSIC functn name used for variable  SUM
Re-structuring..Writing CLANHB
Rewriting declarations
--------------------------------------------------------------------
Finished reading CLANHE from file clanhe.f90
<>I INTRINSIC functn name used for variable  SUM
Re-structuring..Writing CLANHE
Rewriting declarations
--------------------------------------------------------------------
Finished reading CLANHF from file clanhf.f90
<>I INTRINSIC functn name used for variable  SCALE
Re-structuring..Writing CLANHF
Rewriting declarations
--------------------------------------------------------------------
Finished reading CLANHP from file clanhp.f90
<>I INTRINSIC functn name used for variable  SUM
Re-structuring..Writing CLANHP
Rewriting declarations
--------------------------------------------------------------------
Finished reading CLANHS from file clanhs.f90
<>I INTRINSIC functn name used for variable  SUM
Re-structuring..Writing CLANHS
Rewriting declarations
--------------------------------------------------------------------
Finished reading CLANHT from file clanht.f90
<>I INTRINSIC functn name used for variable  SCALE
<>I INTRINSIC functn name used for variable  SUM
Re-structuring..Writing CLANHT
Rewriting declarations
--------------------------------------------------------------------
Finished reading CLANSB from file clansb.f90
<>I INTRINSIC functn name used for variable  SUM
Re-structuring..Writing CLANSB
Rewriting declarations
--------------------------------------------------------------------
Finished reading CLANSP from file clansp.f90
<>I INTRINSIC functn name used for variable  SUM
Re-structuring..Writing CLANSP
Rewriting declarations
--------------------------------------------------------------------
Finished reading CLANSY from file clansy.f90
<>I INTRINSIC functn name used for variable  SUM
Re-structuring..Writing CLANSY
Rewriting declarations
--------------------------------------------------------------------
Finished reading CLANTB from file clantb.f90
<>I INTRINSIC functn name used for variable  SUM
Re-structuring..Writing CLANTB
Rewriting declarations
--------------------------------------------------------------------
Finished reading CLANTP from file clantp.f90
<>I INTRINSIC functn name used for variable  SUM
Re-structuring..Writing CLANTP
Rewriting declarations
--------------------------------------------------------------------
Finished reading CLANTR from file clantr.f90
<>I INTRINSIC functn name used for variable  SUM
Re-structuring..Writing CLANTR
Rewriting declarations
--------------------------------------------------------------------
Finished reading CLAPLL from file clapll.f90
Re-structuring..Writing CLAPLL
Rewriting declarations
--------------------------------------------------------------------
Finished reading CLAPMR from file clapmr.f90
Re-structuring..Writing CLAPMR
Rewriting declarations
--------------------------------------------------------------------
Finished reading CLAPMT from file clapmt.f90
Re-structuring..Writing CLAPMT
Rewriting declarations
--------------------------------------------------------------------
Finished reading CLA_PORCOND_C from file cla_porcond_c.f90
Re-structuring..Writing CLA_PORCOND_C
Rewriting declarations
--------------------------------------------------------------------
Finished reading CLA_PORCOND_X from file cla_porcond_x.f90
Re-structuring..Writing CLA_PORCOND_X
Rewriting declarations
--------------------------------------------------------------------
Finished reading CLA_PORFSX_EXTENDED from file cla_porfsx_extended.f90
Re-structuring..Writing CLA_PORFSX_EXTENDED
Rewriting declarations
--------------------------------------------------------------------
Finished reading CLA_PORPVGRW from file cla_porpvgrw.f90
Re-structuring..Writing CLA_PORPVGRW
Rewriting declarations
--------------------------------------------------------------------
Finished reading CLAQGB from file claqgb.f90
Re-structuring..Writing CLAQGB
Rewriting declarations
--------------------------------------------------------------------
Finished reading CLAQGE from file claqge.f90
Re-structuring..Writing CLAQGE
Rewriting declarations
--------------------------------------------------------------------
Finished reading CLAQHB from file claqhb.f90
Re-structuring..Writing CLAQHB
Rewriting declarations
--------------------------------------------------------------------
Finished reading CLAQHE from file claqhe.f90
Re-structuring..Writing CLAQHE
Rewriting declarations
--------------------------------------------------------------------
Finished reading CLAQHP from file claqhp.f90
Re-structuring..Writing CLAQHP
Rewriting declarations
--------------------------------------------------------------------
Finished reading CLAQP2 from file claqp2.f90
Re-structuring..Writing CLAQP2
Rewriting declarations
--------------------------------------------------------------------
Finished reading CLAQPS from file claqps.f90
Re-structuring..Writing CLAQPS
Rewriting declarations
--------------------------------------------------------------------
Finished reading CLAQR0 from file claqr0.f90
Re-structuring..Writing CLAQR0
Rewriting declarations
--------------------------------------------------------------------
Finished reading CLAQR1 from file claqr1.f90
Re-structuring..Writing CLAQR1
Rewriting declarations
--------------------------------------------------------------------
Finished reading CLAQR2 from file claqr2.f90
Re-structuring..Writing CLAQR2
Rewriting declarations
--------------------------------------------------------------------
Finished reading CLAQR3 from file claqr3.f90
Re-structuring..Writing CLAQR3
Rewriting declarations
--------------------------------------------------------------------
Finished reading CLAQR4 from file claqr4.f90
Re-structuring..Writing CLAQR4
Rewriting declarations
--------------------------------------------------------------------
Finished reading CLAQR5 from file claqr5.f90
Re-structuring..Writing CLAQR5
Rewriting declarations
--------------------------------------------------------------------
Finished reading CLAQSB from file claqsb.f90
Re-structuring..Writing CLAQSB
Rewriting declarations
--------------------------------------------------------------------
Finished reading CLAQSP from file claqsp.f90
Re-structuring..Writing CLAQSP
Rewriting declarations
--------------------------------------------------------------------
Finished reading CLAQSY from file claqsy.f90
Re-structuring..Writing CLAQSY
Rewriting declarations
--------------------------------------------------------------------
Finished reading CLAR1V from file clar1v.f90
Re-structuring..Writing CLAR1V
Rewriting declarations
--------------------------------------------------------------------
Finished reading CLAR2V from file clar2v.f90
Re-structuring..Writing CLAR2V
Rewriting declarations
--------------------------------------------------------------------
Finished reading CLARCM from file clarcm.f90
Re-structuring..Writing CLARCM
Rewriting declarations
--------------------------------------------------------------------
Finished reading CLARFB from file clarfb.f90
Re-structuring..Writing CLARFB
Rewriting declarations
--------------------------------------------------------------------
Finished reading CLARFB_GETT from file clarfb_gett.f90
Re-structuring..Writing CLARFB_GETT
Rewriting declarations
--------------------------------------------------------------------
Finished reading CLARF from file clarf.f90
Re-structuring..Writing CLARF
Rewriting declarations
--------------------------------------------------------------------
Finished reading CLARFG from file clarfg.f90
Re-structuring..Writing CLARFG
Rewriting declarations
--------------------------------------------------------------------
Finished reading CLARFGP from file clarfgp.f90
Re-structuring..Writing CLARFGP
Rewriting declarations
--------------------------------------------------------------------
Finished reading CLARFT from file clarft.f90
Re-structuring..Writing CLARFT
Rewriting declarations
--------------------------------------------------------------------
Finished reading CLARFX from file clarfx.f90
<>I INTRINSIC functn name used for variable  SUM
Re-structuring..Writing CLARFX
Rewriting declarations
--------------------------------------------------------------------
Finished reading CLARFY from file clarfy.f90
Re-structuring..Writing CLARFY
Rewriting declarations
--------------------------------------------------------------------
Finished reading CLARGV from file clargv.f90
<>I INTRINSIC functn name used for variable  COUNT
<>I INTRINSIC functn name used for variable  SCALE
Re-structuring..Writing CLARGV
Rewriting declarations
--------------------------------------------------------------------
Finished reading CLARNV from file clarnv.f90
Re-structuring..Writing CLARNV
Rewriting declarations
--------------------------------------------------------------------
Finished reading CLARRV from file clarrv.f90
<>I Argument is not used                     VU
Re-structuring..Writing CLARRV
Rewriting declarations
--------------------------------------------------------------------
Finished reading CLARSCL2 from file clarscl2.f90
Re-structuring..Writing CLARSCL2
Rewriting declarations
--------------------------------------------------------------------
Finished reading CLARTG from file clartg.f90
<>I INTRINSIC functn name used for variable  COUNT
<>I INTRINSIC functn name used for variable  SCALE
Re-structuring..Writing CLARTG
Rewriting declarations
--------------------------------------------------------------------
Finished reading CLARTV from file clartv.f90
Re-structuring..Writing CLARTV
Rewriting declarations
--------------------------------------------------------------------
Finished reading CLARZB from file clarzb.f90
Re-structuring..Writing CLARZB
Rewriting declarations
--------------------------------------------------------------------
Finished reading CLARZ from file clarz.f90
Re-structuring..Writing CLARZ
Rewriting declarations
--------------------------------------------------------------------
Finished reading CLARZT from file clarzt.f90
Re-structuring..Writing CLARZT
Rewriting declarations
--------------------------------------------------------------------
Finished reading CLASCL2 from file clascl2.f90
Re-structuring..Writing CLASCL2
Rewriting declarations
--------------------------------------------------------------------
Finished reading CLASCL from file clascl.f90
Re-structuring..Writing CLASCL
Rewriting declarations
--------------------------------------------------------------------
Finished reading CLASET from file claset.f90
Re-structuring..Writing CLASET
Rewriting declarations
--------------------------------------------------------------------
Finished reading CLASR from file clasr.f90
Re-structuring..Writing CLASR
Rewriting declarations
--------------------------------------------------------------------
Finished reading CLASSQ from file classq.f90
<>I INTRINSIC functn name used for variable  SCALE
Re-structuring..Writing CLASSQ
Rewriting declarations
--------------------------------------------------------------------
Finished reading CLASWLQ from file claswlq.f90
Re-structuring..Writing CLASWLQ
Rewriting declarations
--------------------------------------------------------------------
Finished reading CLASWP from file claswp.f90
Re-structuring..Writing CLASWP
Rewriting declarations
--------------------------------------------------------------------
Finished reading CLA_SYAMV from file cla_syamv.f90
Re-structuring..Writing CLA_SYAMV
Rewriting declarations
--------------------------------------------------------------------
Finished reading CLASYF_AA from file clasyf_aa.f90
Re-structuring..Writing CLASYF_AA
Rewriting declarations
--------------------------------------------------------------------
Finished reading CLASYF from file clasyf.f90
Re-structuring..Writing CLASYF
Rewriting declarations
--------------------------------------------------------------------
Finished reading CLASYF_RK from file clasyf_rk.f90
Re-structuring..Writing CLASYF_RK
Rewriting declarations
--------------------------------------------------------------------
Finished reading CLASYF_ROOK from file clasyf_rook.f90
Re-structuring..Writing CLASYF_ROOK
Rewriting declarations
--------------------------------------------------------------------
Finished reading CLA_SYRCOND_C from file cla_syrcond_c.f90
Re-structuring..Writing CLA_SYRCOND_C
Rewriting declarations
--------------------------------------------------------------------
Finished reading CLA_SYRCOND_X from file cla_syrcond_x.f90
Re-structuring..Writing CLA_SYRCOND_X
Rewriting declarations
--------------------------------------------------------------------
Finished reading CLA_SYRFSX_EXTENDED from file cla_syrfsx_extended.f90
Re-structuring..Writing CLA_SYRFSX_EXTENDED
Rewriting declarations
--------------------------------------------------------------------
Finished reading CLA_SYRPVGRW from file cla_syrpvgrw.f90
Re-structuring..Writing CLA_SYRPVGRW
Rewriting declarations
--------------------------------------------------------------------
Finished reading CLATBS from file clatbs.f90
<>I INTRINSIC functn name used for variable  SCALE
Re-structuring..Writing CLATBS
Rewriting declarations
--------------------------------------------------------------------
Finished reading CLATDF from file clatdf.f90
<>I INTRINSIC functn name used for variable  SCALE
Re-structuring..Writing CLATDF
Rewriting declarations
--------------------------------------------------------------------
Finished reading CLATPS from file clatps.f90
<>I INTRINSIC functn name used for variable  SCALE
Re-structuring..Writing CLATPS
Rewriting declarations
--------------------------------------------------------------------
Finished reading CLATRD from file clatrd.f90
Re-structuring..Writing CLATRD
Rewriting declarations
--------------------------------------------------------------------
Finished reading CLATRS from file clatrs.f90
<>I INTRINSIC functn name used for variable  SCALE
Re-structuring..Writing CLATRS
Rewriting declarations
--------------------------------------------------------------------
Finished reading CLATRZ from file clatrz.f90
Re-structuring..Writing CLATRZ
Rewriting declarations
--------------------------------------------------------------------
Finished reading CLATSQR from file clatsqr.f90
Re-structuring..Writing CLATSQR
Rewriting declarations
--------------------------------------------------------------------
Finished reading CLAUNHR_COL_GETRFNP2 from file claunhr_col_getrfnp2.f90
Re-structuring..Writing CLAUNHR_COL_GETRFNP2
Rewriting declarations
--------------------------------------------------------------------
Finished reading CLAUNHR_COL_GETRFNP from file claunhr_col_getrfnp.f90
Re-structuring..Writing CLAUNHR_COL_GETRFNP
Rewriting declarations
--------------------------------------------------------------------
Finished reading CLAUU2 from file clauu2.f90
Re-structuring..Writing CLAUU2
Rewriting declarations
--------------------------------------------------------------------
Finished reading CLAUUM from file clauum.f90
Re-structuring..Writing CLAUUM
Rewriting declarations
--------------------------------------------------------------------
Finished reading CLA_WWADDW from file cla_wwaddw.f90
Re-structuring..Writing CLA_WWADDW
Rewriting declarations
--------------------------------------------------------------------
Finished reading CPBCON from file cpbcon.f90
<>I INTRINSIC functn name used for variable  SCALE
Re-structuring..Writing CPBCON
Rewriting declarations
--------------------------------------------------------------------
Finished reading CPBEQU from file cpbequ.f90
Re-structuring..Writing CPBEQU
Rewriting declarations
--------------------------------------------------------------------
Finished reading CPBRFS from file cpbrfs.f90
<>I INTRINSIC functn name used for variable  COUNT
Re-structuring..Writing CPBRFS
Rewriting declarations
--------------------------------------------------------------------
Finished reading CPBSTF from file cpbstf.f90
Re-structuring..Writing CPBSTF
Rewriting declarations
--------------------------------------------------------------------
Finished reading CPBSV from file cpbsv.f90
Re-structuring..Writing CPBSV
Rewriting declarations
--------------------------------------------------------------------
Finished reading CPBSVX from file cpbsvx.f90
Re-structuring..Writing CPBSVX
Rewriting declarations
--------------------------------------------------------------------
Finished reading CPBTF2 from file cpbtf2.f90
Re-structuring..Writing CPBTF2
Rewriting declarations
--------------------------------------------------------------------
Finished reading CPBTRF from file cpbtrf.f90
Re-structuring..Writing CPBTRF
Rewriting declarations
--------------------------------------------------------------------
Finished reading CPBTRS from file cpbtrs.f90
Re-structuring..Writing CPBTRS
Rewriting declarations
--------------------------------------------------------------------
Finished reading CPFTRF from file cpftrf.f90
Re-structuring..Writing CPFTRF
Rewriting declarations
--------------------------------------------------------------------
Finished reading CPFTRI from file cpftri.f90
Re-structuring..Writing CPFTRI
Rewriting declarations
--------------------------------------------------------------------
Finished reading CPFTRS from file cpftrs.f90
Re-structuring..Writing CPFTRS
Rewriting declarations
--------------------------------------------------------------------
Finished reading CPOCON from file cpocon.f90
<>I INTRINSIC functn name used for variable  SCALE
Re-structuring..Writing CPOCON
Rewriting declarations
--------------------------------------------------------------------
Finished reading CPOEQUB from file cpoequb.f90
Re-structuring..Writing CPOEQUB
Rewriting declarations
--------------------------------------------------------------------
Finished reading CPOEQU from file cpoequ.f90
Re-structuring..Writing CPOEQU
Rewriting declarations
--------------------------------------------------------------------
Finished reading CPORFS from file cporfs.f90
<>I INTRINSIC functn name used for variable  COUNT
Re-structuring..Writing CPORFS
Rewriting declarations
--------------------------------------------------------------------
Finished reading CPORFSX from file cporfsx.f90
Re-structuring..Writing CPORFSX
Rewriting declarations
--------------------------------------------------------------------
Finished reading CPOSV from file cposv.f90
Re-structuring..Writing CPOSV
Rewriting declarations
--------------------------------------------------------------------
Finished reading CPOSVX from file cposvx.f90
Re-structuring..Writing CPOSVX
Rewriting declarations
--------------------------------------------------------------------
Finished reading CPOSVXX from file cposvxx.f90
Re-structuring..Writing CPOSVXX
Rewriting declarations
--------------------------------------------------------------------
Finished reading CPOTF2 from file cpotf2.f90
Re-structuring..Writing CPOTF2
Rewriting declarations
--------------------------------------------------------------------
Finished reading CPOTRF2 from file cpotrf2.f90
Re-structuring..Writing CPOTRF2
Rewriting declarations
--------------------------------------------------------------------
Finished reading CPOTRF from file cpotrf.f90
Re-structuring..Writing CPOTRF
Rewriting declarations
--------------------------------------------------------------------
Finished reading CPOTRI from file cpotri.f90
Re-structuring..Writing CPOTRI
Rewriting declarations
--------------------------------------------------------------------
Finished reading CPOTRS from file cpotrs.f90
Re-structuring..Writing CPOTRS
Rewriting declarations
--------------------------------------------------------------------
Finished reading CPPCON from file cppcon.f90
<>I INTRINSIC functn name used for variable  SCALE
Re-structuring..Writing CPPCON
Rewriting declarations
--------------------------------------------------------------------
Finished reading CPPEQU from file cppequ.f90
Re-structuring..Writing CPPEQU
Rewriting declarations
--------------------------------------------------------------------
Finished reading CPPRFS from file cpprfs.f90
<>I INTRINSIC functn name used for variable  COUNT
Re-structuring..Writing CPPRFS
Rewriting declarations
--------------------------------------------------------------------
Finished reading CPPSV from file cppsv.f90
Re-structuring..Writing CPPSV
Rewriting declarations
--------------------------------------------------------------------
Finished reading CPPSVX from file cppsvx.f90
Re-structuring..Writing CPPSVX
Rewriting declarations
--------------------------------------------------------------------
Finished reading CPPTRF from file cpptrf.f90
Re-structuring..Writing CPPTRF
Rewriting declarations
--------------------------------------------------------------------
Finished reading CPPTRI from file cpptri.f90
Re-structuring..Writing CPPTRI
Rewriting declarations
--------------------------------------------------------------------
Finished reading CPPTRS from file cpptrs.f90
Re-structuring..Writing CPPTRS
Rewriting declarations
--------------------------------------------------------------------
Finished reading CPSTF2 from file cpstf2.f90
Re-structuring..Writing CPSTF2
Rewriting declarations
--------------------------------------------------------------------
Finished reading CPSTRF from file cpstrf.f90
Re-structuring..Writing CPSTRF
Rewriting declarations
--------------------------------------------------------------------
Finished reading CPTCON from file cptcon.f90
Re-structuring..Writing CPTCON
Rewriting declarations
--------------------------------------------------------------------
Finished reading CPTEQR from file cpteqr.f90
Re-structuring..Writing CPTEQR
Rewriting declarations
--------------------------------------------------------------------
Finished reading CPTRFS from file cptrfs.f90
<>I INTRINSIC functn name used for variable  COUNT
Re-structuring..Writing CPTRFS
Rewriting declarations
--------------------------------------------------------------------
Finished reading CPTSV from file cptsv.f90
Re-structuring..Writing CPTSV
Rewriting declarations
--------------------------------------------------------------------
Finished reading CPTSVX from file cptsvx.f90
Re-structuring..Writing CPTSVX
Rewriting declarations
--------------------------------------------------------------------
Finished reading CPTTRF from file cpttrf.f90
Re-structuring..Writing CPTTRF
Rewriting declarations
--------------------------------------------------------------------
Finished reading CPTTRS from file cpttrs.f90
Re-structuring..Writing CPTTRS
Rewriting declarations
--------------------------------------------------------------------
Finished reading CPTTS2 from file cptts2.f90
Re-structuring..Writing CPTTS2
Rewriting declarations
--------------------------------------------------------------------
Finished reading CROT from file crot.f90
Re-structuring..Writing CROT
Rewriting declarations
--------------------------------------------------------------------
Finished reading CSPCON from file cspcon.f90
Re-structuring..Writing CSPCON
Rewriting declarations
--------------------------------------------------------------------
Finished reading CSPMV from file cspmv.f90
Re-structuring..Writing CSPMV
Rewriting declarations
--------------------------------------------------------------------
Finished reading CSPR from file cspr.f90
Re-structuring..Writing CSPR
Rewriting declarations
--------------------------------------------------------------------
Finished reading CSPRFS from file csprfs.f90
<>I INTRINSIC functn name used for variable  COUNT
Re-structuring..Writing CSPRFS
Rewriting declarations
--------------------------------------------------------------------
Finished reading CSPSV from file cspsv.f90
Re-structuring..Writing CSPSV
Rewriting declarations
--------------------------------------------------------------------
Finished reading CSPSVX from file cspsvx.f90
Re-structuring..Writing CSPSVX
Rewriting declarations
--------------------------------------------------------------------
Finished reading CSPTRF from file csptrf.f90
Re-structuring..Writing CSPTRF
Rewriting declarations
--------------------------------------------------------------------
Finished reading CSPTRI from file csptri.f90
Re-structuring..Writing CSPTRI
Rewriting declarations
--------------------------------------------------------------------
Finished reading CSPTRS from file csptrs.f90
Re-structuring..Writing CSPTRS
Rewriting declarations
--------------------------------------------------------------------
Finished reading CSRSCL from file csrscl.f90
Re-structuring..Writing CSRSCL
Rewriting declarations
--------------------------------------------------------------------
Finished reading CSTEDC from file cstedc.f90
<>I INTRINSIC functn name used for variable  TINY
Re-structuring..Writing CSTEDC
Rewriting declarations
--------------------------------------------------------------------
Finished reading CSTEGR from file cstegr.f90
<>I Argument is not used                     ABSTOL
<>I INTRINSIC functn name used for variable  RANGE
Re-structuring..Writing CSTEGR
Rewriting declarations
--------------------------------------------------------------------
Finished reading CSTEIN from file cstein.f90
Re-structuring..Writing CSTEIN
Rewriting declarations
--------------------------------------------------------------------
Finished reading CSTEMR from file cstemr.f90
<>I INTRINSIC functn name used for variable  RANGE
<>I INTRINSIC functn name used for variable  SCALE
Re-structuring..Writing CSTEMR
Rewriting declarations
--------------------------------------------------------------------
Finished reading CSTEQR from file csteqr.f90
Re-structuring..Writing CSTEQR
Rewriting declarations
--------------------------------------------------------------------
Finished reading CSYCON_3 from file csycon_3.f90
Re-structuring..Writing CSYCON_3
Rewriting declarations
--------------------------------------------------------------------
Finished reading CSYCON from file csycon.f90
Re-structuring..Writing CSYCON
Rewriting declarations
--------------------------------------------------------------------
Finished reading CSYCON_ROOK from file csycon_rook.f90
Re-structuring..Writing CSYCON_ROOK
Rewriting declarations
--------------------------------------------------------------------
Finished reading CSYCONV from file csyconv.f90
Re-structuring..Writing CSYCONV
Rewriting declarations
--------------------------------------------------------------------
Finished reading CSYCONVF from file csyconvf.f90
Re-structuring..Writing CSYCONVF
Rewriting declarations
--------------------------------------------------------------------
Finished reading CSYCONVF_ROOK from file csyconvf_rook.f90
Re-structuring..Writing CSYCONVF_ROOK
Rewriting declarations
--------------------------------------------------------------------
Finished reading CSYEQUB from file csyequb.f90
<>I INTRINSIC functn name used for variable  SCALE
Re-structuring..Writing CSYEQUB
Rewriting declarations
--------------------------------------------------------------------
Finished reading CSYMV from file csymv.f90
Re-structuring..Writing CSYMV
Rewriting declarations
--------------------------------------------------------------------
Finished reading CSYR from file csyr.f90
Re-structuring..Writing CSYR
Rewriting declarations
--------------------------------------------------------------------
Finished reading CSYRFS from file csyrfs.f90
<>I INTRINSIC functn name used for variable  COUNT
Re-structuring..Writing CSYRFS
Rewriting declarations
--------------------------------------------------------------------
Finished reading CSYRFSX from file csyrfsx.f90
Re-structuring..Writing CSYRFSX
Rewriting declarations
--------------------------------------------------------------------
Finished reading CSYSV_AA_2STAGE from file csysv_aa_2stage.f90
Re-structuring..Writing CSYSV_AA_2STAGE
Rewriting declarations
--------------------------------------------------------------------
Finished reading CSYSV_AA from file csysv_aa.f90
Re-structuring..Writing CSYSV_AA
Rewriting declarations
--------------------------------------------------------------------
Finished reading CSYSV from file csysv.f90
Re-structuring..Writing CSYSV
Rewriting declarations
--------------------------------------------------------------------
Finished reading CSYSV_RK from file csysv_rk.f90
Re-structuring..Writing CSYSV_RK
Rewriting declarations
--------------------------------------------------------------------
Finished reading CSYSV_ROOK from file csysv_rook.f90
Re-structuring..Writing CSYSV_ROOK
Rewriting declarations
--------------------------------------------------------------------
Finished reading CSYSVX from file csysvx.f90
Re-structuring..Writing CSYSVX
Rewriting declarations
--------------------------------------------------------------------
Finished reading CSYSVXX from file csysvxx.f90
Re-structuring..Writing CSYSVXX
Rewriting declarations
--------------------------------------------------------------------
Finished reading CSYSWAPR from file csyswapr.f90
Re-structuring..Writing CSYSWAPR
Rewriting declarations
--------------------------------------------------------------------
Finished reading CSYTF2 from file csytf2.f90
Re-structuring..Writing CSYTF2
Rewriting declarations
--------------------------------------------------------------------
Finished reading CSYTF2_RK from file csytf2_rk.f90
Re-structuring..Writing CSYTF2_RK
Rewriting declarations
--------------------------------------------------------------------
Finished reading CSYTF2_ROOK from file csytf2_rook.f90
Re-structuring..Writing CSYTF2_ROOK
Rewriting declarations
--------------------------------------------------------------------
Finished reading CSYTRF_AA_2STAGE from file csytrf_aa_2stage.f90
Re-structuring..Writing CSYTRF_AA_2STAGE
Rewriting declarations
--------------------------------------------------------------------
Finished reading CSYTRF_AA from file csytrf_aa.f90
Re-structuring..Writing CSYTRF_AA
Rewriting declarations
--------------------------------------------------------------------
Finished reading CSYTRF from file csytrf.f90
Re-structuring..Writing CSYTRF
Rewriting declarations
--------------------------------------------------------------------
Finished reading CSYTRF_RK from file csytrf_rk.f90
Re-structuring..Writing CSYTRF_RK
Rewriting declarations
--------------------------------------------------------------------
Finished reading CSYTRF_ROOK from file csytrf_rook.f90
Re-structuring..Writing CSYTRF_ROOK
Rewriting declarations
--------------------------------------------------------------------
Finished reading CSYTRI2 from file csytri2.f90
Re-structuring..Writing CSYTRI2
Rewriting declarations
--------------------------------------------------------------------
Finished reading CSYTRI2X from file csytri2x.f90
<>I INTRINSIC functn name used for variable  COUNT
Re-structuring..Writing CSYTRI2X
Rewriting declarations
--------------------------------------------------------------------
Finished reading CSYTRI_3 from file csytri_3.f90
Re-structuring..Writing CSYTRI_3
Rewriting declarations
--------------------------------------------------------------------
Finished reading CSYTRI_3X from file csytri_3x.f90
Re-structuring..Writing CSYTRI_3X
Rewriting declarations
--------------------------------------------------------------------
Finished reading CSYTRI from file csytri.f90
Re-structuring..Writing CSYTRI
Rewriting declarations
--------------------------------------------------------------------
Finished reading CSYTRI_ROOK from file csytri_rook.f90
Re-structuring..Writing CSYTRI_ROOK
Rewriting declarations
--------------------------------------------------------------------
Finished reading CSYTRS2 from file csytrs2.f90
Re-structuring..Writing CSYTRS2
Rewriting declarations
--------------------------------------------------------------------
Finished reading CSYTRS_3 from file csytrs_3.f90
Re-structuring..Writing CSYTRS_3
Rewriting declarations
--------------------------------------------------------------------
Finished reading CSYTRS_AA_2STAGE from file csytrs_aa_2stage.f90
Re-structuring..Writing CSYTRS_AA_2STAGE
Rewriting declarations
--------------------------------------------------------------------
Finished reading CSYTRS_AA from file csytrs_aa.f90
Re-structuring..Writing CSYTRS_AA
Rewriting declarations
--------------------------------------------------------------------
Finished reading CSYTRS from file csytrs.f90
Re-structuring..Writing CSYTRS
Rewriting declarations
--------------------------------------------------------------------
Finished reading CSYTRS_ROOK from file csytrs_rook.f90
Re-structuring..Writing CSYTRS_ROOK
Rewriting declarations
--------------------------------------------------------------------
Finished reading CTBCON from file ctbcon.f90
<>I INTRINSIC functn name used for variable  SCALE
Re-structuring..Writing CTBCON
Rewriting declarations
--------------------------------------------------------------------
Finished reading CTBRFS from file ctbrfs.f90
Re-structuring..Writing CTBRFS
Rewriting declarations
--------------------------------------------------------------------
Finished reading CTBTRS from file ctbtrs.f90
Re-structuring..Writing CTBTRS
Rewriting declarations
--------------------------------------------------------------------
Finished reading CTFSM from file ctfsm.f90
Re-structuring..Writing CTFSM
Rewriting declarations
--------------------------------------------------------------------
Finished reading CTFTRI from file ctftri.f90
Re-structuring..Writing CTFTRI
Rewriting declarations
--------------------------------------------------------------------
Finished reading CTFTTP from file ctfttp.f90
<>I Variable assigned a value but not used   NT
Re-structuring..Writing CTFTTP
Rewriting declarations
--------------------------------------------------------------------
Finished reading CTFTTR from file ctfttr.f90
Re-structuring..Writing CTFTTR
Rewriting declarations
--------------------------------------------------------------------
Finished reading CTGEVC from file ctgevc.f90
<>I INTRINSIC functn name used for variable  SCALE
<>I INTRINSIC functn name used for variable  SUM
Re-structuring..Writing CTGEVC
Rewriting declarations
--------------------------------------------------------------------
Finished reading CTGEX2 from file ctgex2.f90
<>I INTRINSIC functn name used for variable  SCALE
<>I INTRINSIC functn name used for variable  SUM
Re-structuring..Writing CTGEX2
Rewriting declarations
--------------------------------------------------------------------
Finished reading CTGEXC from file ctgexc.f90
Re-structuring..Writing CTGEXC
Rewriting declarations
--------------------------------------------------------------------
Finished reading CTGSEN from file ctgsen.f90
Re-structuring..Writing CTGSEN
Rewriting declarations
--------------------------------------------------------------------
Finished reading CTGSJA from file ctgsja.f90
Re-structuring..Writing CTGSJA
Rewriting declarations
--------------------------------------------------------------------
Finished reading CTGSNA from file ctgsna.f90
<>I INTRINSIC functn name used for variable  SCALE
Re-structuring..Writing CTGSNA
Rewriting declarations
--------------------------------------------------------------------
Finished reading CTGSY2 from file ctgsy2.f90
<>I INTRINSIC functn name used for variable  SCALE
Re-structuring..Writing CTGSY2
Rewriting declarations
--------------------------------------------------------------------
Finished reading CTGSYL from file ctgsyl.f90
<>I INTRINSIC functn name used for variable  SCALE
Re-structuring..Writing CTGSYL
Rewriting declarations
--------------------------------------------------------------------
Finished reading CTPCON from file ctpcon.f90
<>I INTRINSIC functn name used for variable  SCALE
Re-structuring..Writing CTPCON
Rewriting declarations
--------------------------------------------------------------------
Finished reading CTPLQT2 from file ctplqt2.f90
Re-structuring..Writing CTPLQT2
Rewriting declarations
--------------------------------------------------------------------
Finished reading CTPLQT from file ctplqt.f90
Re-structuring..Writing CTPLQT
Rewriting declarations
--------------------------------------------------------------------
Finished reading CTPMLQT from file ctpmlqt.f90
Re-structuring..Writing CTPMLQT
Rewriting declarations
--------------------------------------------------------------------
Finished reading CTPMQRT from file ctpmqrt.f90
Re-structuring..Writing CTPMQRT
Rewriting declarations
--------------------------------------------------------------------
Finished reading CTPQRT2 from file ctpqrt2.f90
Re-structuring..Writing CTPQRT2
Rewriting declarations
--------------------------------------------------------------------
Finished reading CTPQRT from file ctpqrt.f90
Re-structuring..Writing CTPQRT
Rewriting declarations
--------------------------------------------------------------------
Finished reading CTPRFB from file ctprfb.f90
Re-structuring..Writing CTPRFB
Rewriting declarations
--------------------------------------------------------------------
Finished reading CTPRFS from file ctprfs.f90
Re-structuring..Writing CTPRFS
Rewriting declarations
--------------------------------------------------------------------
Finished reading CTPTRI from file ctptri.f90
Re-structuring..Writing CTPTRI
Rewriting declarations
--------------------------------------------------------------------
Finished reading CTPTRS from file ctptrs.f90
Re-structuring..Writing CTPTRS
Rewriting declarations
--------------------------------------------------------------------
Finished reading CTPTTF from file ctpttf.f90
<>I Variable assigned a value but not used   NT
Re-structuring..Writing CTPTTF
Rewriting declarations
--------------------------------------------------------------------
Finished reading CTPTTR from file ctpttr.f90
Re-structuring..Writing CTPTTR
Rewriting declarations
--------------------------------------------------------------------
Finished reading CTRCON from file ctrcon.f90
<>I INTRINSIC functn name used for variable  SCALE
Re-structuring..Writing CTRCON
Rewriting declarations
--------------------------------------------------------------------
Finished reading CTREVC3 from file ctrevc3.f90
<>I INTRINSIC functn name used for variable  SCALE
Re-structuring..Writing CTREVC3
Rewriting declarations
--------------------------------------------------------------------
Finished reading CTREVC from file ctrevc.f90
<>I INTRINSIC functn name used for variable  SCALE
Re-structuring..Writing CTREVC
Rewriting declarations
--------------------------------------------------------------------
Finished reading CTREXC from file ctrexc.f90
Re-structuring..Writing CTREXC
Rewriting declarations
--------------------------------------------------------------------
Finished reading CTRRFS from file ctrrfs.f90
Re-structuring..Writing CTRRFS
Rewriting declarations
--------------------------------------------------------------------
Finished reading CTRSEN from file ctrsen.f90
<>I INTRINSIC functn name used for variable  SCALE
Re-structuring..Writing CTRSEN
Rewriting declarations
--------------------------------------------------------------------
Finished reading CTRSNA from file ctrsna.f90
<>I INTRINSIC functn name used for variable  SCALE
Re-structuring..Writing CTRSNA
Rewriting declarations
--------------------------------------------------------------------
Finished reading CTRSYL from file ctrsyl.f90
<>I INTRINSIC functn name used for variable  SCALE
Re-structuring..Writing CTRSYL
Rewriting declarations
--------------------------------------------------------------------
Finished reading CTRTI2 from file ctrti2.f90
Re-structuring..Writing CTRTI2
Rewriting declarations
--------------------------------------------------------------------
Finished reading CTRTRI from file ctrtri.f90
Re-structuring..Writing CTRTRI
Rewriting declarations
--------------------------------------------------------------------
Finished reading CTRTRS from file ctrtrs.f90
Re-structuring..Writing CTRTRS
Rewriting declarations
--------------------------------------------------------------------
Finished reading CTRTTF from file ctrttf.f90
Re-structuring..Writing CTRTTF
Rewriting declarations
--------------------------------------------------------------------
Finished reading CTRTTP from file ctrttp.f90
Re-structuring..Writing CTRTTP
Rewriting declarations
--------------------------------------------------------------------
Finished reading CTZRZF from file ctzrzf.f90
Re-structuring..Writing CTZRZF
Rewriting declarations
--------------------------------------------------------------------
Finished reading CUNBDB1 from file cunbdb1.f90
Re-structuring..Writing CUNBDB1
Rewriting declarations
--------------------------------------------------------------------
Finished reading CUNBDB2 from file cunbdb2.f90
Re-structuring..Writing CUNBDB2
Rewriting declarations
--------------------------------------------------------------------
Finished reading CUNBDB3 from file cunbdb3.f90
Re-structuring..Writing CUNBDB3
Rewriting declarations
--------------------------------------------------------------------
Finished reading CUNBDB4 from file cunbdb4.f90
Re-structuring..Writing CUNBDB4
Rewriting declarations
--------------------------------------------------------------------
Finished reading CUNBDB5 from file cunbdb5.f90
Re-structuring..Writing CUNBDB5
Rewriting declarations
--------------------------------------------------------------------
Finished reading CUNBDB6 from file cunbdb6.f90
Re-structuring..Writing CUNBDB6
Rewriting declarations
--------------------------------------------------------------------
Finished reading CUNBDB from file cunbdb.f90
Re-structuring..Writing CUNBDB
Rewriting declarations
--------------------------------------------------------------------
Finished reading CUNCSD2BY1 from file cuncsd2by1.f90
Re-structuring..Writing CUNCSD2BY1
Rewriting declarations
--------------------------------------------------------------------
Finished reading CUNCSD from file cuncsd.f90
Re-structuring..Writing CUNCSD
Rewriting declarations
--------------------------------------------------------------------
Finished reading CUNG2L from file cung2l.f90
Re-structuring..Writing CUNG2L
Rewriting declarations
--------------------------------------------------------------------
Finished reading CUNG2R from file cung2r.f90
Re-structuring..Writing CUNG2R
Rewriting declarations
--------------------------------------------------------------------
Finished reading CUNGBR from file cungbr.f90
Re-structuring..Writing CUNGBR
Rewriting declarations
--------------------------------------------------------------------
Finished reading CUNGHR from file cunghr.f90
Re-structuring..Writing CUNGHR
Rewriting declarations
--------------------------------------------------------------------
Finished reading CUNGL2 from file cungl2.f90
Re-structuring..Writing CUNGL2
Rewriting declarations
--------------------------------------------------------------------
Finished reading CUNGLQ from file cunglq.f90
Re-structuring..Writing CUNGLQ
Rewriting declarations
--------------------------------------------------------------------
Finished reading CUNGQL from file cungql.f90
Re-structuring..Writing CUNGQL
Rewriting declarations
--------------------------------------------------------------------
Finished reading CUNGQR from file cungqr.f90
Re-structuring..Writing CUNGQR
Rewriting declarations
--------------------------------------------------------------------
Finished reading CUNGR2 from file cungr2.f90
Re-structuring..Writing CUNGR2
Rewriting declarations
--------------------------------------------------------------------
Finished reading CUNGRQ from file cungrq.f90
Re-structuring..Writing CUNGRQ
Rewriting declarations
--------------------------------------------------------------------
Finished reading CUNGTR from file cungtr.f90
Re-structuring..Writing CUNGTR
Rewriting declarations
--------------------------------------------------------------------
Finished reading CUNGTSQR from file cungtsqr.f90
Re-structuring..Writing CUNGTSQR
Rewriting declarations
--------------------------------------------------------------------
Finished reading CUNGTSQR_ROW from file cungtsqr_row.f90
Re-structuring..Writing CUNGTSQR_ROW
Rewriting declarations
--------------------------------------------------------------------
Finished reading CUNHR_COL from file cunhr_col.f90
Re-structuring..Writing CUNHR_COL
Rewriting declarations
--------------------------------------------------------------------
Finished reading CUNM22 from file cunm22.f90
<>I INTRINSIC functn name used for variable  LEN
Re-structuring..Writing CUNM22
Rewriting declarations
--------------------------------------------------------------------
Finished reading CUNM2L from file cunm2l.f90
Re-structuring..Writing CUNM2L
Rewriting declarations
--------------------------------------------------------------------
Finished reading CUNM2R from file cunm2r.f90
Re-structuring..Writing CUNM2R
Rewriting declarations
--------------------------------------------------------------------
Finished reading CUNMBR from file cunmbr.f90
Re-structuring..Writing CUNMBR
Rewriting declarations
--------------------------------------------------------------------
Finished reading CUNMHR from file cunmhr.f90
Re-structuring..Writing CUNMHR
Rewriting declarations
--------------------------------------------------------------------
Finished reading CUNML2 from file cunml2.f90
Re-structuring..Writing CUNML2
Rewriting declarations
--------------------------------------------------------------------
Finished reading CUNMLQ from file cunmlq.f90
Re-structuring..Writing CUNMLQ
Rewriting declarations
--------------------------------------------------------------------
Finished reading CUNMQL from file cunmql.f90
Re-structuring..Writing CUNMQL
Rewriting declarations
--------------------------------------------------------------------
Finished reading CUNMQR from file cunmqr.f90
Re-structuring..Writing CUNMQR
Rewriting declarations
--------------------------------------------------------------------
Finished reading CUNMR2 from file cunmr2.f90
Re-structuring..Writing CUNMR2
Rewriting declarations
--------------------------------------------------------------------
Finished reading CUNMR3 from file cunmr3.f90
Re-structuring..Writing CUNMR3
Rewriting declarations
--------------------------------------------------------------------
Finished reading CUNMRQ from file cunmrq.f90
Re-structuring..Writing CUNMRQ
Rewriting declarations
--------------------------------------------------------------------
Finished reading CUNMRZ from file cunmrz.f90
Re-structuring..Writing CUNMRZ
Rewriting declarations
--------------------------------------------------------------------
Finished reading CUNMTR from file cunmtr.f90
Re-structuring..Writing CUNMTR
Rewriting declarations
--------------------------------------------------------------------
Finished reading CUPGTR from file cupgtr.f90
Re-structuring..Writing CUPGTR
Rewriting declarations
--------------------------------------------------------------------
Finished reading CUPMTR from file cupmtr.f90
Re-structuring..Writing CUPMTR
Rewriting declarations
--------------------------------------------------------------------
 
End of input after 493 sub-programs (202396 lines)
 
   493 were re-structured
   493 were re-labelled
   493 were beautified
 
   100 diagnostics generated
 
     2 occurrences of Argument is not used
    10 occurrences of Variable assigned a value but not used
    88 occurrences of INTRINSIC functn name used for variable
 
SPAG finished normally
