SPAG - Version 7.51RB executing at 21:36 on  3 Mar 2022
Copyright (C) Polyhedron Solutions - 1987-2022 - All rights reserved
 
Licensee : fortran-lang.discourse.group - Windows, Mac or Linux
         : Valid until 31st March 2022
 
Licence data             read from /opt/plusfort_x64Linux_751/plusFORT.fig
Licence Expiry Date  Mar 2022
KIND information         read from /opt/plusfort_x64Linux_751/f77kinds.f90
INTRINSIC function names read from /opt/plusfort_x64Linux_751/f90func.txt
Output files will be written in directory /home/urbanjs/venus/V600/github/spag_lapack/src/doublecomplex/SPAGged/
Configuration data       read from spag.fig
Input Ordering Pre-scan
--------------------------------------------------------------------
Finished reading ZBBCSD from file zbbcsd.f90
Re-structuring..Writing ZBBCSD
Rewriting declarations
--------------------------------------------------------------------
Finished reading ZBDSQR from file zbdsqr.f90
Re-structuring..Writing ZBDSQR
Rewriting declarations
--------------------------------------------------------------------
Finished reading ZCGESV from file zcgesv.f90
Re-structuring..Writing ZCGESV
Rewriting declarations
--------------------------------------------------------------------
Finished reading ZCPOSV from file zcposv.f90
Re-structuring..Writing ZCPOSV
Rewriting declarations
--------------------------------------------------------------------
Finished reading ZDRSCL from file zdrscl.f90
Re-structuring..Writing ZDRSCL
Rewriting declarations
--------------------------------------------------------------------
Finished reading ZGBBRD from file zgbbrd.f90
Re-structuring..Writing ZGBBRD
Rewriting declarations
--------------------------------------------------------------------
Finished reading ZGBCON from file zgbcon.f90
<>I INTRINSIC functn name used for variable  SCALE
Re-structuring..Writing ZGBCON
Rewriting declarations
--------------------------------------------------------------------
Finished reading ZGBEQUB from file zgbequb.f90
<>I INTRINSIC functn name used for variable  RADIX
Re-structuring..Writing ZGBEQUB
Rewriting declarations
--------------------------------------------------------------------
Finished reading ZGBEQU from file zgbequ.f90
Re-structuring..Writing ZGBEQU
Rewriting declarations
--------------------------------------------------------------------
Finished reading ZGBRFS from file zgbrfs.f90
<>I INTRINSIC functn name used for variable  COUNT
Re-structuring..Writing ZGBRFS
Rewriting declarations
--------------------------------------------------------------------
Finished reading ZGBRFSX from file zgbrfsx.f90
Re-structuring..Writing ZGBRFSX
Rewriting declarations
--------------------------------------------------------------------
Finished reading ZGBSV from file zgbsv.f90
Re-structuring..Writing ZGBSV
Rewriting declarations
--------------------------------------------------------------------
Finished reading ZGBSVX from file zgbsvx.f90
Re-structuring..Writing ZGBSVX
Rewriting declarations
--------------------------------------------------------------------
Finished reading ZGBSVXX from file zgbsvxx.f90
Re-structuring..Writing ZGBSVXX
Rewriting declarations
--------------------------------------------------------------------
Finished reading ZGBTF2 from file zgbtf2.f90
Re-structuring..Writing ZGBTF2
Rewriting declarations
--------------------------------------------------------------------
Finished reading ZGBTRF from file zgbtrf.f90
Re-structuring..Writing ZGBTRF
Rewriting declarations
--------------------------------------------------------------------
Finished reading ZGBTRS from file zgbtrs.f90
Re-structuring..Writing ZGBTRS
Rewriting declarations
--------------------------------------------------------------------
Finished reading ZGEBAK from file zgebak.f90
<>I INTRINSIC functn name used for variable  SCALE
Re-structuring..Writing ZGEBAK
Rewriting declarations
--------------------------------------------------------------------
Finished reading ZGEBAL from file zgebal.f90
<>I INTRINSIC functn name used for variable  SCALE
Re-structuring..Writing ZGEBAL
Rewriting declarations
--------------------------------------------------------------------
Finished reading ZGEBD2 from file zgebd2.f90
Re-structuring..Writing ZGEBD2
Rewriting declarations
--------------------------------------------------------------------
Finished reading ZGEBRD from file zgebrd.f90
Re-structuring..Writing ZGEBRD
Rewriting declarations
--------------------------------------------------------------------
Finished reading ZGECON from file zgecon.f90
<>I INTRINSIC functn name used for variable  SCALE
Re-structuring..Writing ZGECON
Rewriting declarations
--------------------------------------------------------------------
Finished reading ZGEEQUB from file zgeequb.f90
<>I INTRINSIC functn name used for variable  RADIX
Re-structuring..Writing ZGEEQUB
Rewriting declarations
--------------------------------------------------------------------
Finished reading ZGEEQU from file zgeequ.f90
Re-structuring..Writing ZGEEQU
Rewriting declarations
--------------------------------------------------------------------
Finished reading ZGEES from file zgees.f90
Re-structuring..Writing ZGEES
Rewriting declarations
--------------------------------------------------------------------
Finished reading ZGEESX from file zgeesx.f90
Re-structuring..Writing ZGEESX
Rewriting declarations
--------------------------------------------------------------------
Finished reading ZGEEV from file zgeev.f90
Re-structuring..Writing ZGEEV
Rewriting declarations
--------------------------------------------------------------------
Finished reading ZGEEVX from file zgeevx.f90
<>I INTRINSIC functn name used for variable  SCALE
Re-structuring..Writing ZGEEVX
Rewriting declarations
--------------------------------------------------------------------
Finished reading ZGEHD2 from file zgehd2.f90
Re-structuring..Writing ZGEHD2
Rewriting declarations
--------------------------------------------------------------------
Finished reading ZGEHRD from file zgehrd.f90
Re-structuring..Writing ZGEHRD
Rewriting declarations
--------------------------------------------------------------------
Finished reading ZGEJSV from file zgejsv.f90
Re-structuring..Writing ZGEJSV
Rewriting declarations
--------------------------------------------------------------------
Finished reading ZGELQ2 from file zgelq2.f90
Re-structuring..Writing ZGELQ2
Rewriting declarations
--------------------------------------------------------------------
Finished reading ZGELQ from file zgelq.f90
Re-structuring..Writing ZGELQ
Rewriting declarations
--------------------------------------------------------------------
Finished reading ZGELQF from file zgelqf.f90
Re-structuring..Writing ZGELQF
Rewriting declarations
--------------------------------------------------------------------
Finished reading ZGELQT3 from file zgelqt3.f90
Re-structuring..Writing ZGELQT3
Rewriting declarations
--------------------------------------------------------------------
Finished reading ZGELQT from file zgelqt.f90
Re-structuring..Writing ZGELQT
Rewriting declarations
--------------------------------------------------------------------
Finished reading ZGELSD from file zgelsd.f90
Re-structuring..Writing ZGELSD
Rewriting declarations
--------------------------------------------------------------------
Finished reading ZGELS from file zgels.f90
Re-structuring..Writing ZGELS
Rewriting declarations
--------------------------------------------------------------------
Finished reading ZGELSS from file zgelss.f90
<>I Variable assigned a value but not used   LWORK_ZGEQRF
<>I Variable assigned a value but not used   LWORK_ZUNMQR
Re-structuring..Writing ZGELSS
Rewriting declarations
--------------------------------------------------------------------
Finished reading ZGELSY from file zgelsy.f90
Re-structuring..Writing ZGELSY
Rewriting declarations
--------------------------------------------------------------------
Finished reading ZGEMLQ from file zgemlq.f90
<>I Variable assigned a value but not used   NBLCKS
Re-structuring..Writing ZGEMLQ
Rewriting declarations
--------------------------------------------------------------------
Finished reading ZGEMLQT from file zgemlqt.f90
Re-structuring..Writing ZGEMLQT
Rewriting declarations
--------------------------------------------------------------------
Finished reading ZGEMQR from file zgemqr.f90
<>I Variable assigned a value but not used   NBLCKS
Re-structuring..Writing ZGEMQR
Rewriting declarations
--------------------------------------------------------------------
Finished reading ZGEMQRT from file zgemqrt.f90
Re-structuring..Writing ZGEMQRT
Rewriting declarations
--------------------------------------------------------------------
Finished reading ZGEQL2 from file zgeql2.f90
Re-structuring..Writing ZGEQL2
Rewriting declarations
--------------------------------------------------------------------
Finished reading ZGEQLF from file zgeqlf.f90
Re-structuring..Writing ZGEQLF
Rewriting declarations
--------------------------------------------------------------------
Finished reading ZGEQP3 from file zgeqp3.f90
Re-structuring..Writing ZGEQP3
Rewriting declarations
--------------------------------------------------------------------
Finished reading ZGEQR2 from file zgeqr2.f90
Re-structuring..Writing ZGEQR2
Rewriting declarations
--------------------------------------------------------------------
Finished reading ZGEQR2P from file zgeqr2p.f90
Re-structuring..Writing ZGEQR2P
Rewriting declarations
--------------------------------------------------------------------
Finished reading ZGEQR from file zgeqr.f90
Re-structuring..Writing ZGEQR
Rewriting declarations
--------------------------------------------------------------------
Finished reading ZGEQRF from file zgeqrf.f90
Re-structuring..Writing ZGEQRF
Rewriting declarations
--------------------------------------------------------------------
Finished reading ZGEQRFP from file zgeqrfp.f90
Re-structuring..Writing ZGEQRFP
Rewriting declarations
--------------------------------------------------------------------
Finished reading ZGEQRT2 from file zgeqrt2.f90
Re-structuring..Writing ZGEQRT2
Rewriting declarations
--------------------------------------------------------------------
Finished reading ZGEQRT3 from file zgeqrt3.f90
Re-structuring..Writing ZGEQRT3
Rewriting declarations
--------------------------------------------------------------------
Finished reading ZGEQRT from file zgeqrt.f90
Re-structuring..Writing ZGEQRT
Rewriting declarations
--------------------------------------------------------------------
Finished reading ZGERFS from file zgerfs.f90
<>I INTRINSIC functn name used for variable  COUNT
Re-structuring..Writing ZGERFS
Rewriting declarations
--------------------------------------------------------------------
Finished reading ZGERFSX from file zgerfsx.f90
Re-structuring..Writing ZGERFSX
Rewriting declarations
--------------------------------------------------------------------
Finished reading ZGERQ2 from file zgerq2.f90
Re-structuring..Writing ZGERQ2
Rewriting declarations
--------------------------------------------------------------------
Finished reading ZGERQF from file zgerqf.f90
Re-structuring..Writing ZGERQF
Rewriting declarations
--------------------------------------------------------------------
Finished reading ZGESC2 from file zgesc2.f90
<>I INTRINSIC functn name used for variable  SCALE
Re-structuring..Writing ZGESC2
Rewriting declarations
--------------------------------------------------------------------
Finished reading ZGESDD from file zgesdd.f90
Re-structuring..Writing ZGESDD
Rewriting declarations
--------------------------------------------------------------------
Finished reading ZGESVD from file zgesvd.f90
Re-structuring..Writing ZGESVD
Rewriting declarations
--------------------------------------------------------------------
Finished reading ZGESVDQ from file zgesvdq.f90
Re-structuring..Writing ZGESVDQ
Rewriting declarations
--------------------------------------------------------------------
Finished reading ZGESVDX from file zgesvdx.f90
<>I Variable assigned a value but not used   ABSTOL
<>I INTRINSIC functn name used for variable  RANGE
Re-structuring..Writing ZGESVDX
Rewriting declarations
--------------------------------------------------------------------
Finished reading ZGESV from file zgesv.f90
Re-structuring..Writing ZGESV
Rewriting declarations
--------------------------------------------------------------------
Finished reading ZGESVJ from file zgesvj.f90
<>I Subprogram argument inconsistency        arg  2 of ZAXPY                                        (XGE/X8E)
Re-structuring..Writing ZGESVJ
Rewriting declarations
--------------------------------------------------------------------
Finished reading ZGESVX from file zgesvx.f90
Re-structuring..Writing ZGESVX
Rewriting declarations
--------------------------------------------------------------------
Finished reading ZGESVXX from file zgesvxx.f90
Re-structuring..Writing ZGESVXX
Rewriting declarations
--------------------------------------------------------------------
Finished reading ZGETC2 from file zgetc2.f90
Re-structuring..Writing ZGETC2
Rewriting declarations
--------------------------------------------------------------------
Finished reading ZGETF2 from file zgetf2.f90
Re-structuring..Writing ZGETF2
Rewriting declarations
--------------------------------------------------------------------
Finished reading ZGETRF2 from file zgetrf2.f90
Re-structuring..Writing ZGETRF2
Rewriting declarations
--------------------------------------------------------------------
Finished reading ZGETRF from file zgetrf.f90
Re-structuring..Writing ZGETRF
Rewriting declarations
--------------------------------------------------------------------
Finished reading ZGETRI from file zgetri.f90
Re-structuring..Writing ZGETRI
Rewriting declarations
--------------------------------------------------------------------
Finished reading ZGETRS from file zgetrs.f90
Re-structuring..Writing ZGETRS
Rewriting declarations
--------------------------------------------------------------------
Finished reading ZGETSLS from file zgetsls.f90
<>I Variable assigned a value but not used   MNK
Re-structuring..Writing ZGETSLS
Rewriting declarations
--------------------------------------------------------------------
Finished reading ZGETSQRHRT from file zgetsqrhrt.f90
Re-structuring..Writing ZGETSQRHRT
Rewriting declarations
--------------------------------------------------------------------
Finished reading ZGGBAK from file zggbak.f90
Re-structuring..Writing ZGGBAK
Rewriting declarations
--------------------------------------------------------------------
Finished reading ZGGBAL from file zggbal.f90
<>I INTRINSIC functn name used for variable  SUM
Re-structuring..Writing ZGGBAL
Rewriting declarations
--------------------------------------------------------------------
Finished reading ZGGES3 from file zgges3.f90
Re-structuring..Writing ZGGES3
Rewriting declarations
--------------------------------------------------------------------
Finished reading ZGGES from file zgges.f90
Re-structuring..Writing ZGGES
Rewriting declarations
--------------------------------------------------------------------
Finished reading ZGGESX from file zggesx.f90
Re-structuring..Writing ZGGESX
Rewriting declarations
--------------------------------------------------------------------
Finished reading ZGGEV3 from file zggev3.f90
Re-structuring..Writing ZGGEV3
Rewriting declarations
--------------------------------------------------------------------
Finished reading ZGGEV from file zggev.f90
Re-structuring..Writing ZGGEV
Rewriting declarations
--------------------------------------------------------------------
Finished reading ZGGEVX from file zggevx.f90
Re-structuring..Writing ZGGEVX
Rewriting declarations
--------------------------------------------------------------------
Finished reading ZGGGLM from file zggglm.f90
Re-structuring..Writing ZGGGLM
Rewriting declarations
--------------------------------------------------------------------
Finished reading ZGGHD3 from file zgghd3.f90
<>I INTRINSIC functn name used for variable  LEN
Re-structuring..Writing ZGGHD3
Rewriting declarations
--------------------------------------------------------------------
Finished reading ZGGHRD from file zgghrd.f90
Re-structuring..Writing ZGGHRD
Rewriting declarations
--------------------------------------------------------------------
Finished reading ZGGLSE from file zgglse.f90
Re-structuring..Writing ZGGLSE
Rewriting declarations
--------------------------------------------------------------------
Finished reading ZGGQRF from file zggqrf.f90
Re-structuring..Writing ZGGQRF
Rewriting declarations
--------------------------------------------------------------------
Finished reading ZGGRQF from file zggrqf.f90
Re-structuring..Writing ZGGRQF
Rewriting declarations
--------------------------------------------------------------------
Finished reading ZGGSVD3 from file zggsvd3.f90
Re-structuring..Writing ZGGSVD3
Rewriting declarations
--------------------------------------------------------------------
Finished reading ZGGSVP3 from file zggsvp3.f90
Re-structuring..Writing ZGGSVP3
Rewriting declarations
--------------------------------------------------------------------
Finished reading ZGSVJ0 from file zgsvj0.f90
<>I Subprogram argument inconsistency        arg  2 of ZAXPY                                        (XGE/X8E)
Re-structuring..Writing ZGSVJ0
Rewriting declarations
--------------------------------------------------------------------
Finished reading ZGSVJ1 from file zgsvj1.f90
<>I Subprogram argument inconsistency        arg  2 of ZAXPY                                        (XGE/X8E)
Re-structuring..Writing ZGSVJ1
Rewriting declarations
--------------------------------------------------------------------
Finished reading ZGTCON from file zgtcon.f90
Re-structuring..Writing ZGTCON
Rewriting declarations
--------------------------------------------------------------------
Finished reading ZGTRFS from file zgtrfs.f90
<>I INTRINSIC functn name used for variable  COUNT
Re-structuring..Writing ZGTRFS
Rewriting declarations
--------------------------------------------------------------------
Finished reading ZGTSV from file zgtsv.f90
Re-structuring..Writing ZGTSV
Rewriting declarations
--------------------------------------------------------------------
Finished reading ZGTSVX from file zgtsvx.f90
Re-structuring..Writing ZGTSVX
Rewriting declarations
--------------------------------------------------------------------
Finished reading ZGTTRF from file zgttrf.f90
Re-structuring..Writing ZGTTRF
Rewriting declarations
--------------------------------------------------------------------
Finished reading ZGTTRS from file zgttrs.f90
Re-structuring..Writing ZGTTRS
Rewriting declarations
--------------------------------------------------------------------
Finished reading ZGTTS2 from file zgtts2.f90
Re-structuring..Writing ZGTTS2
Rewriting declarations
--------------------------------------------------------------------
Finished reading ZHB2ST_KERNELS from file zhb2st_kernels.f90
<>I Variable assigned a value but not used   AJETER
Re-structuring..Writing ZHB2ST_KERNELS
Rewriting declarations
--------------------------------------------------------------------
Finished reading ZHBEV_2STAGE from file zhbev_2stage.f90
Re-structuring..Writing ZHBEV_2STAGE
Rewriting declarations
--------------------------------------------------------------------
Finished reading ZHBEVD_2STAGE from file zhbevd_2stage.f90
Re-structuring..Writing ZHBEVD_2STAGE
Rewriting declarations
--------------------------------------------------------------------
Finished reading ZHBEVD from file zhbevd.f90
Re-structuring..Writing ZHBEVD
Rewriting declarations
--------------------------------------------------------------------
Finished reading ZHBEV from file zhbev.f90
Re-structuring..Writing ZHBEV
Rewriting declarations
--------------------------------------------------------------------
Finished reading ZHBEVX_2STAGE from file zhbevx_2stage.f90
<>I INTRINSIC functn name used for variable  RANGE
Re-structuring..Writing ZHBEVX_2STAGE
Rewriting declarations
--------------------------------------------------------------------
Finished reading ZHBEVX from file zhbevx.f90
<>I INTRINSIC functn name used for variable  RANGE
Re-structuring..Writing ZHBEVX
Rewriting declarations
--------------------------------------------------------------------
Finished reading ZHBGST from file zhbgst.f90
Re-structuring..Writing ZHBGST
Rewriting declarations
--------------------------------------------------------------------
Finished reading ZHBGVD from file zhbgvd.f90
Re-structuring..Writing ZHBGVD
Rewriting declarations
--------------------------------------------------------------------
Finished reading ZHBGV from file zhbgv.f90
Re-structuring..Writing ZHBGV
Rewriting declarations
--------------------------------------------------------------------
Finished reading ZHBGVX from file zhbgvx.f90
<>I INTRINSIC functn name used for variable  RANGE
Re-structuring..Writing ZHBGVX
Rewriting declarations
--------------------------------------------------------------------
Finished reading ZHBTRD from file zhbtrd.f90
Re-structuring..Writing ZHBTRD
Rewriting declarations
--------------------------------------------------------------------
Finished reading ZHECON_3 from file zhecon_3.f90
Re-structuring..Writing ZHECON_3
Rewriting declarations
--------------------------------------------------------------------
Finished reading ZHECON from file zhecon.f90
Re-structuring..Writing ZHECON
Rewriting declarations
--------------------------------------------------------------------
Finished reading ZHECON_ROOK from file zhecon_rook.f90
Re-structuring..Writing ZHECON_ROOK
Rewriting declarations
--------------------------------------------------------------------
Finished reading ZHEEQUB from file zheequb.f90
<>I INTRINSIC functn name used for variable  SCALE
Re-structuring..Writing ZHEEQUB
Rewriting declarations
--------------------------------------------------------------------
Finished reading ZHEEV_2STAGE from file zheev_2stage.f90
Re-structuring..Writing ZHEEV_2STAGE
Rewriting declarations
--------------------------------------------------------------------
Finished reading ZHEEVD_2STAGE from file zheevd_2stage.f90
Re-structuring..Writing ZHEEVD_2STAGE
Rewriting declarations
--------------------------------------------------------------------
Finished reading ZHEEVD from file zheevd.f90
Re-structuring..Writing ZHEEVD
Rewriting declarations
--------------------------------------------------------------------
Finished reading ZHEEV from file zheev.f90
Re-structuring..Writing ZHEEV
Rewriting declarations
--------------------------------------------------------------------
Finished reading ZHEEVR_2STAGE from file zheevr_2stage.f90
<>I INTRINSIC functn name used for variable  RANGE
Re-structuring..Writing ZHEEVR_2STAGE
Rewriting declarations
--------------------------------------------------------------------
Finished reading ZHEEVR from file zheevr.f90
<>I INTRINSIC functn name used for variable  RANGE
Re-structuring..Writing ZHEEVR
Rewriting declarations
--------------------------------------------------------------------
Finished reading ZHEEVX_2STAGE from file zheevx_2stage.f90
<>I INTRINSIC functn name used for variable  RANGE
Re-structuring..Writing ZHEEVX_2STAGE
Rewriting declarations
--------------------------------------------------------------------
Finished reading ZHEEVX from file zheevx.f90
<>I INTRINSIC functn name used for variable  RANGE
Re-structuring..Writing ZHEEVX
Rewriting declarations
--------------------------------------------------------------------
Finished reading ZHEGS2 from file zhegs2.f90
Re-structuring..Writing ZHEGS2
Rewriting declarations
--------------------------------------------------------------------
Finished reading ZHEGST from file zhegst.f90
Re-structuring..Writing ZHEGST
Rewriting declarations
--------------------------------------------------------------------
Finished reading ZHEGV_2STAGE from file zhegv_2stage.f90
Re-structuring..Writing ZHEGV_2STAGE
Rewriting declarations
--------------------------------------------------------------------
Finished reading ZHEGVD from file zhegvd.f90
Re-structuring..Writing ZHEGVD
Rewriting declarations
--------------------------------------------------------------------
Finished reading ZHEGV from file zhegv.f90
Re-structuring..Writing ZHEGV
Rewriting declarations
--------------------------------------------------------------------
Finished reading ZHEGVX from file zhegvx.f90
<>I INTRINSIC functn name used for variable  RANGE
Re-structuring..Writing ZHEGVX
Rewriting declarations
--------------------------------------------------------------------
Finished reading ZHERFS from file zherfs.f90
<>I INTRINSIC functn name used for variable  COUNT
Re-structuring..Writing ZHERFS
Rewriting declarations
--------------------------------------------------------------------
Finished reading ZHERFSX from file zherfsx.f90
Re-structuring..Writing ZHERFSX
Rewriting declarations
--------------------------------------------------------------------
Finished reading ZHESV_AA_2STAGE from file zhesv_aa_2stage.f90
Re-structuring..Writing ZHESV_AA_2STAGE
Rewriting declarations
--------------------------------------------------------------------
Finished reading ZHESV_AA from file zhesv_aa.f90
Re-structuring..Writing ZHESV_AA
Rewriting declarations
--------------------------------------------------------------------
Finished reading ZHESV from file zhesv.f90
Re-structuring..Writing ZHESV
Rewriting declarations
--------------------------------------------------------------------
Finished reading ZHESV_RK from file zhesv_rk.f90
Re-structuring..Writing ZHESV_RK
Rewriting declarations
--------------------------------------------------------------------
Finished reading ZHESV_ROOK from file zhesv_rook.f90
Re-structuring..Writing ZHESV_ROOK
Rewriting declarations
--------------------------------------------------------------------
Finished reading ZHESVX from file zhesvx.f90
Re-structuring..Writing ZHESVX
Rewriting declarations
--------------------------------------------------------------------
Finished reading ZHESVXX from file zhesvxx.f90
Re-structuring..Writing ZHESVXX
Rewriting declarations
--------------------------------------------------------------------
Finished reading ZHESWAPR from file zheswapr.f90
Re-structuring..Writing ZHESWAPR
Rewriting declarations
--------------------------------------------------------------------
Finished reading ZHETD2 from file zhetd2.f90
Re-structuring..Writing ZHETD2
Rewriting declarations
--------------------------------------------------------------------
Finished reading ZHETF2 from file zhetf2.f90
Re-structuring..Writing ZHETF2
Rewriting declarations
--------------------------------------------------------------------
Finished reading ZHETF2_RK from file zhetf2_rk.f90
Re-structuring..Writing ZHETF2_RK
Rewriting declarations
--------------------------------------------------------------------
Finished reading ZHETF2_ROOK from file zhetf2_rook.f90
Re-structuring..Writing ZHETF2_ROOK
Rewriting declarations
--------------------------------------------------------------------
Finished reading ZHETRD_2STAGE from file zhetrd_2stage.f90
<>I Variable assigned a value but not used   WANTQ
Re-structuring..Writing ZHETRD_2STAGE
Rewriting declarations
--------------------------------------------------------------------
Finished reading ZHETRD from file zhetrd.f90
Re-structuring..Writing ZHETRD
Rewriting declarations
--------------------------------------------------------------------
Finished reading ZHETRD_HE2HB from file zhetrd_he2hb.f90
Re-structuring..Writing ZHETRD_HE2HB
Rewriting declarations
--------------------------------------------------------------------
Finished reading ZHETRF_AA_2STAGE from file zhetrf_aa_2stage.f90
Re-structuring..Writing ZHETRF_AA_2STAGE
Rewriting declarations
--------------------------------------------------------------------
Finished reading ZHETRF_AA from file zhetrf_aa.f90
Re-structuring..Writing ZHETRF_AA
Rewriting declarations
--------------------------------------------------------------------
Finished reading ZHETRF from file zhetrf.f90
Re-structuring..Writing ZHETRF
Rewriting declarations
--------------------------------------------------------------------
Finished reading ZHETRF_RK from file zhetrf_rk.f90
Re-structuring..Writing ZHETRF_RK
Rewriting declarations
--------------------------------------------------------------------
Finished reading ZHETRF_ROOK from file zhetrf_rook.f90
Re-structuring..Writing ZHETRF_ROOK
Rewriting declarations
--------------------------------------------------------------------
Finished reading ZHETRI2 from file zhetri2.f90
Re-structuring..Writing ZHETRI2
Rewriting declarations
--------------------------------------------------------------------
Finished reading ZHETRI2X from file zhetri2x.f90
<>I INTRINSIC functn name used for variable  COUNT
Re-structuring..Writing ZHETRI2X
Rewriting declarations
--------------------------------------------------------------------
Finished reading ZHETRI_3 from file zhetri_3.f90
Re-structuring..Writing ZHETRI_3
Rewriting declarations
--------------------------------------------------------------------
Finished reading ZHETRI_3X from file zhetri_3x.f90
Re-structuring..Writing ZHETRI_3X
Rewriting declarations
--------------------------------------------------------------------
Finished reading ZHETRI from file zhetri.f90
Re-structuring..Writing ZHETRI
Rewriting declarations
--------------------------------------------------------------------
Finished reading ZHETRI_ROOK from file zhetri_rook.f90
Re-structuring..Writing ZHETRI_ROOK
Rewriting declarations
--------------------------------------------------------------------
Finished reading ZHETRS2 from file zhetrs2.f90
Re-structuring..Writing ZHETRS2
Rewriting declarations
--------------------------------------------------------------------
Finished reading ZHETRS_3 from file zhetrs_3.f90
Re-structuring..Writing ZHETRS_3
Rewriting declarations
--------------------------------------------------------------------
Finished reading ZHETRS_AA_2STAGE from file zhetrs_aa_2stage.f90
Re-structuring..Writing ZHETRS_AA_2STAGE
Rewriting declarations
--------------------------------------------------------------------
Finished reading ZHETRS_AA from file zhetrs_aa.f90
Re-structuring..Writing ZHETRS_AA
Rewriting declarations
--------------------------------------------------------------------
Finished reading ZHETRS from file zhetrs.f90
Re-structuring..Writing ZHETRS
Rewriting declarations
--------------------------------------------------------------------
Finished reading ZHETRS_ROOK from file zhetrs_rook.f90
Re-structuring..Writing ZHETRS_ROOK
Rewriting declarations
--------------------------------------------------------------------
Finished reading ZHFRK from file zhfrk.f90
Re-structuring..Writing ZHFRK
Rewriting declarations
--------------------------------------------------------------------
Finished reading ZHGEQZ from file zhgeqz.f90
Re-structuring..Writing ZHGEQZ
Rewriting declarations
--------------------------------------------------------------------
Finished reading ZHPCON from file zhpcon.f90
Re-structuring..Writing ZHPCON
Rewriting declarations
--------------------------------------------------------------------
Finished reading ZHPEVD from file zhpevd.f90
Re-structuring..Writing ZHPEVD
Rewriting declarations
--------------------------------------------------------------------
Finished reading ZHPEV from file zhpev.f90
Re-structuring..Writing ZHPEV
Rewriting declarations
--------------------------------------------------------------------
Finished reading ZHPEVX from file zhpevx.f90
<>I INTRINSIC functn name used for variable  RANGE
Re-structuring..Writing ZHPEVX
Rewriting declarations
--------------------------------------------------------------------
Finished reading ZHPGST from file zhpgst.f90
Re-structuring..Writing ZHPGST
Rewriting declarations
--------------------------------------------------------------------
Finished reading ZHPGVD from file zhpgvd.f90
Re-structuring..Writing ZHPGVD
Rewriting declarations
--------------------------------------------------------------------
Finished reading ZHPGV from file zhpgv.f90
Re-structuring..Writing ZHPGV
Rewriting declarations
--------------------------------------------------------------------
Finished reading ZHPGVX from file zhpgvx.f90
<>I INTRINSIC functn name used for variable  RANGE
Re-structuring..Writing ZHPGVX
Rewriting declarations
--------------------------------------------------------------------
Finished reading ZHPRFS from file zhprfs.f90
<>I INTRINSIC functn name used for variable  COUNT
Re-structuring..Writing ZHPRFS
Rewriting declarations
--------------------------------------------------------------------
Finished reading ZHPSV from file zhpsv.f90
Re-structuring..Writing ZHPSV
Rewriting declarations
--------------------------------------------------------------------
Finished reading ZHPSVX from file zhpsvx.f90
Re-structuring..Writing ZHPSVX
Rewriting declarations
--------------------------------------------------------------------
Finished reading ZHPTRD from file zhptrd.f90
Re-structuring..Writing ZHPTRD
Rewriting declarations
--------------------------------------------------------------------
Finished reading ZHPTRF from file zhptrf.f90
Re-structuring..Writing ZHPTRF
Rewriting declarations
--------------------------------------------------------------------
Finished reading ZHPTRI from file zhptri.f90
Re-structuring..Writing ZHPTRI
Rewriting declarations
--------------------------------------------------------------------
Finished reading ZHPTRS from file zhptrs.f90
Re-structuring..Writing ZHPTRS
Rewriting declarations
--------------------------------------------------------------------
Finished reading ZHSEIN from file zhsein.f90
Re-structuring..Writing ZHSEIN
Rewriting declarations
--------------------------------------------------------------------
Finished reading ZHSEQR from file zhseqr.f90
Re-structuring..Writing ZHSEQR
Rewriting declarations
--------------------------------------------------------------------
Finished reading ZLABRD from file zlabrd.f90
Re-structuring..Writing ZLABRD
Rewriting declarations
--------------------------------------------------------------------
Finished reading ZLACGV from file zlacgv.f90
Re-structuring..Writing ZLACGV
Rewriting declarations
--------------------------------------------------------------------
Finished reading ZLACN2 from file zlacn2.f90
Re-structuring..Writing ZLACN2
Rewriting declarations
--------------------------------------------------------------------
Finished reading ZLACON from file zlacon.f90
Re-structuring..Writing ZLACON
Rewriting declarations
--------------------------------------------------------------------
Finished reading ZLACP2 from file zlacp2.f90
Re-structuring..Writing ZLACP2
Rewriting declarations
--------------------------------------------------------------------
Finished reading ZLACPY from file zlacpy.f90
Re-structuring..Writing ZLACPY
Rewriting declarations
--------------------------------------------------------------------
Finished reading ZLACRM from file zlacrm.f90
Re-structuring..Writing ZLACRM
Rewriting declarations
--------------------------------------------------------------------
Finished reading ZLACRT from file zlacrt.f90
Re-structuring..Writing ZLACRT
Rewriting declarations
--------------------------------------------------------------------
Finished reading ZLADIV from file zladiv.f90
Re-structuring..Writing ZLADIV
Rewriting declarations
--------------------------------------------------------------------
Finished reading ZLAED0 from file zlaed0.f90
Re-structuring..Writing ZLAED0
Rewriting declarations
--------------------------------------------------------------------
Finished reading ZLAED7 from file zlaed7.f90
Re-structuring..Writing ZLAED7
Rewriting declarations
--------------------------------------------------------------------
Finished reading ZLAED8 from file zlaed8.f90
Re-structuring..Writing ZLAED8
Rewriting declarations
--------------------------------------------------------------------
Finished reading ZLAEIN from file zlaein.f90
<>I INTRINSIC functn name used for variable  SCALE
Re-structuring..Writing ZLAEIN
Rewriting declarations
--------------------------------------------------------------------
Finished reading ZLAESY from file zlaesy.f90
Re-structuring..Writing ZLAESY
Rewriting declarations
--------------------------------------------------------------------
Finished reading ZLAEV2 from file zlaev2.f90
Re-structuring..Writing ZLAEV2
Rewriting declarations
--------------------------------------------------------------------
Finished reading ZLAG2C from file zlag2c.f90
Re-structuring..Writing ZLAG2C
Rewriting declarations
--------------------------------------------------------------------
Finished reading ZLA_GBAMV from file zla_gbamv.f90
Re-structuring..Writing ZLA_GBAMV
Rewriting declarations
--------------------------------------------------------------------
Finished reading ZLA_GBRCOND_C from file zla_gbrcond_c.f90
Re-structuring..Writing ZLA_GBRCOND_C
Rewriting declarations
--------------------------------------------------------------------
Finished reading ZLA_GBRCOND_X from file zla_gbrcond_x.f90
Re-structuring..Writing ZLA_GBRCOND_X
Rewriting declarations
--------------------------------------------------------------------
Finished reading ZLA_GBRFSX_EXTENDED from file zla_gbrfsx_extended.f90
Re-structuring..Writing ZLA_GBRFSX_EXTENDED
Rewriting declarations
--------------------------------------------------------------------
Finished reading ZLA_GBRPVGRW from file zla_gbrpvgrw.f90
Re-structuring..Writing ZLA_GBRPVGRW
Rewriting declarations
--------------------------------------------------------------------
Finished reading ZLA_GEAMV from file zla_geamv.f90
Re-structuring..Writing ZLA_GEAMV
Rewriting declarations
--------------------------------------------------------------------
Finished reading ZLA_GERCOND_C from file zla_gercond_c.f90
Re-structuring..Writing ZLA_GERCOND_C
Rewriting declarations
--------------------------------------------------------------------
Finished reading ZLA_GERCOND_X from file zla_gercond_x.f90
Re-structuring..Writing ZLA_GERCOND_X
Rewriting declarations
--------------------------------------------------------------------
Finished reading ZLA_GERFSX_EXTENDED from file zla_gerfsx_extended.f90
Re-structuring..Writing ZLA_GERFSX_EXTENDED
Rewriting declarations
--------------------------------------------------------------------
Finished reading ZLA_GERPVGRW from file zla_gerpvgrw.f90
Re-structuring..Writing ZLA_GERPVGRW
Rewriting declarations
--------------------------------------------------------------------
Finished reading ZLAGS2 from file zlags2.f90
Re-structuring..Writing ZLAGS2
Rewriting declarations
--------------------------------------------------------------------
Finished reading ZLAGTM from file zlagtm.f90
Re-structuring..Writing ZLAGTM
Rewriting declarations
--------------------------------------------------------------------
Finished reading ZLA_HEAMV from file zla_heamv.f90
Re-structuring..Writing ZLA_HEAMV
Rewriting declarations
--------------------------------------------------------------------
Finished reading ZLAHEF_AA from file zlahef_aa.f90
Re-structuring..Writing ZLAHEF_AA
Rewriting declarations
--------------------------------------------------------------------
Finished reading ZLAHEF from file zlahef.f90
Re-structuring..Writing ZLAHEF
Rewriting declarations
--------------------------------------------------------------------
Finished reading ZLAHEF_RK from file zlahef_rk.f90
Re-structuring..Writing ZLAHEF_RK
Rewriting declarations
--------------------------------------------------------------------
Finished reading ZLAHEF_ROOK from file zlahef_rook.f90
Re-structuring..Writing ZLAHEF_ROOK
Rewriting declarations
--------------------------------------------------------------------
Finished reading ZLA_HERCOND_C from file zla_hercond_c.f90
Re-structuring..Writing ZLA_HERCOND_C
Rewriting declarations
--------------------------------------------------------------------
Finished reading ZLA_HERCOND_X from file zla_hercond_x.f90
Re-structuring..Writing ZLA_HERCOND_X
Rewriting declarations
--------------------------------------------------------------------
Finished reading ZLA_HERFSX_EXTENDED from file zla_herfsx_extended.f90
Re-structuring..Writing ZLA_HERFSX_EXTENDED
Rewriting declarations
--------------------------------------------------------------------
Finished reading ZLA_HERPVGRW from file zla_herpvgrw.f90
Re-structuring..Writing ZLA_HERPVGRW
Rewriting declarations
--------------------------------------------------------------------
Finished reading ZLAHQR from file zlahqr.f90
<>I INTRINSIC functn name used for variable  SUM
Re-structuring..Writing ZLAHQR
Rewriting declarations
--------------------------------------------------------------------
Finished reading ZLAHR2 from file zlahr2.f90
Re-structuring..Writing ZLAHR2
Rewriting declarations
--------------------------------------------------------------------
Finished reading ZLAIC1 from file zlaic1.f90
Re-structuring..Writing ZLAIC1
Rewriting declarations
--------------------------------------------------------------------
Finished reading ZLA_LIN_BERR from file zla_lin_berr.f90
Re-structuring..Writing ZLA_LIN_BERR
Rewriting declarations
--------------------------------------------------------------------
Finished reading ZLALS0 from file zlals0.f90
Re-structuring..Writing ZLALS0
Rewriting declarations
--------------------------------------------------------------------
Finished reading ZLALSA from file zlalsa.f90
Re-structuring..Writing ZLALSA
Rewriting declarations
--------------------------------------------------------------------
Finished reading ZLALSD from file zlalsd.f90
Re-structuring..Writing ZLALSD
Rewriting declarations
--------------------------------------------------------------------
Finished reading ZLAMSWLQ from file zlamswlq.f90
Re-structuring..Writing ZLAMSWLQ
Rewriting declarations
--------------------------------------------------------------------
Finished reading ZLAMTSQR from file zlamtsqr.f90
Re-structuring..Writing ZLAMTSQR
Rewriting declarations
--------------------------------------------------------------------
Finished reading ZLANGB from file zlangb.f90
<>I INTRINSIC functn name used for variable  SUM
Re-structuring..Writing ZLANGB
Rewriting declarations
--------------------------------------------------------------------
Finished reading ZLANGE from file zlange.f90
<>I INTRINSIC functn name used for variable  SUM
Re-structuring..Writing ZLANGE
Rewriting declarations
--------------------------------------------------------------------
Finished reading ZLANGT from file zlangt.f90
<>I INTRINSIC functn name used for variable  SCALE
<>I INTRINSIC functn name used for variable  SUM
Re-structuring..Writing ZLANGT
Rewriting declarations
--------------------------------------------------------------------
Finished reading ZLANHB from file zlanhb.f90
<>I INTRINSIC functn name used for variable  SUM
Re-structuring..Writing ZLANHB
Rewriting declarations
--------------------------------------------------------------------
Finished reading ZLANHE from file zlanhe.f90
<>I INTRINSIC functn name used for variable  SUM
Re-structuring..Writing ZLANHE
Rewriting declarations
--------------------------------------------------------------------
Finished reading ZLANHF from file zlanhf.f90
<>I INTRINSIC functn name used for variable  SCALE
Re-structuring..Writing ZLANHF
Rewriting declarations
--------------------------------------------------------------------
Finished reading ZLANHP from file zlanhp.f90
<>I INTRINSIC functn name used for variable  SUM
Re-structuring..Writing ZLANHP
Rewriting declarations
--------------------------------------------------------------------
Finished reading ZLANHS from file zlanhs.f90
<>I INTRINSIC functn name used for variable  SUM
Re-structuring..Writing ZLANHS
Rewriting declarations
--------------------------------------------------------------------
Finished reading ZLANHT from file zlanht.f90
<>I INTRINSIC functn name used for variable  SCALE
<>I INTRINSIC functn name used for variable  SUM
Re-structuring..Writing ZLANHT
Rewriting declarations
--------------------------------------------------------------------
Finished reading ZLANSB from file zlansb.f90
<>I INTRINSIC functn name used for variable  SUM
Re-structuring..Writing ZLANSB
Rewriting declarations
--------------------------------------------------------------------
Finished reading ZLANSP from file zlansp.f90
<>I INTRINSIC functn name used for variable  SUM
Re-structuring..Writing ZLANSP
Rewriting declarations
--------------------------------------------------------------------
Finished reading ZLANSY from file zlansy.f90
<>I INTRINSIC functn name used for variable  SUM
Re-structuring..Writing ZLANSY
Rewriting declarations
--------------------------------------------------------------------
Finished reading ZLANTB from file zlantb.f90
<>I INTRINSIC functn name used for variable  SUM
Re-structuring..Writing ZLANTB
Rewriting declarations
--------------------------------------------------------------------
Finished reading ZLANTP from file zlantp.f90
<>I INTRINSIC functn name used for variable  SUM
Re-structuring..Writing ZLANTP
Rewriting declarations
--------------------------------------------------------------------
Finished reading ZLANTR from file zlantr.f90
<>I INTRINSIC functn name used for variable  SUM
Re-structuring..Writing ZLANTR
Rewriting declarations
--------------------------------------------------------------------
Finished reading ZLAPLL from file zlapll.f90
Re-structuring..Writing ZLAPLL
Rewriting declarations
--------------------------------------------------------------------
Finished reading ZLAPMR from file zlapmr.f90
Re-structuring..Writing ZLAPMR
Rewriting declarations
--------------------------------------------------------------------
Finished reading ZLAPMT from file zlapmt.f90
Re-structuring..Writing ZLAPMT
Rewriting declarations
--------------------------------------------------------------------
Finished reading ZLA_PORCOND_C from file zla_porcond_c.f90
Re-structuring..Writing ZLA_PORCOND_C
Rewriting declarations
--------------------------------------------------------------------
Finished reading ZLA_PORCOND_X from file zla_porcond_x.f90
Re-structuring..Writing ZLA_PORCOND_X
Rewriting declarations
--------------------------------------------------------------------
Finished reading ZLA_PORFSX_EXTENDED from file zla_porfsx_extended.f90
Re-structuring..Writing ZLA_PORFSX_EXTENDED
Rewriting declarations
--------------------------------------------------------------------
Finished reading ZLA_PORPVGRW from file zla_porpvgrw.f90
Re-structuring..Writing ZLA_PORPVGRW
Rewriting declarations
--------------------------------------------------------------------
Finished reading ZLAQGB from file zlaqgb.f90
Re-structuring..Writing ZLAQGB
Rewriting declarations
--------------------------------------------------------------------
Finished reading ZLAQGE from file zlaqge.f90
Re-structuring..Writing ZLAQGE
Rewriting declarations
--------------------------------------------------------------------
Finished reading ZLAQHB from file zlaqhb.f90
Re-structuring..Writing ZLAQHB
Rewriting declarations
--------------------------------------------------------------------
Finished reading ZLAQHE from file zlaqhe.f90
Re-structuring..Writing ZLAQHE
Rewriting declarations
--------------------------------------------------------------------
Finished reading ZLAQHP from file zlaqhp.f90
Re-structuring..Writing ZLAQHP
Rewriting declarations
--------------------------------------------------------------------
Finished reading ZLAQP2 from file zlaqp2.f90
Re-structuring..Writing ZLAQP2
Rewriting declarations
--------------------------------------------------------------------
Finished reading ZLAQPS from file zlaqps.f90
Re-structuring..Writing ZLAQPS
Rewriting declarations
--------------------------------------------------------------------
Finished reading ZLAQR0 from file zlaqr0.f90
Re-structuring..Writing ZLAQR0
Rewriting declarations
--------------------------------------------------------------------
Finished reading ZLAQR1 from file zlaqr1.f90
Re-structuring..Writing ZLAQR1
Rewriting declarations
--------------------------------------------------------------------
Finished reading ZLAQR2 from file zlaqr2.f90
Re-structuring..Writing ZLAQR2
Rewriting declarations
--------------------------------------------------------------------
Finished reading ZLAQR3 from file zlaqr3.f90
Re-structuring..Writing ZLAQR3
Rewriting declarations
--------------------------------------------------------------------
Finished reading ZLAQR4 from file zlaqr4.f90
Re-structuring..Writing ZLAQR4
Rewriting declarations
--------------------------------------------------------------------
Finished reading ZLAQR5 from file zlaqr5.f90
Re-structuring..Writing ZLAQR5
Rewriting declarations
--------------------------------------------------------------------
Finished reading ZLAQSB from file zlaqsb.f90
Re-structuring..Writing ZLAQSB
Rewriting declarations
--------------------------------------------------------------------
Finished reading ZLAQSP from file zlaqsp.f90
Re-structuring..Writing ZLAQSP
Rewriting declarations
--------------------------------------------------------------------
Finished reading ZLAQSY from file zlaqsy.f90
Re-structuring..Writing ZLAQSY
Rewriting declarations
--------------------------------------------------------------------
Finished reading ZLAR1V from file zlar1v.f90
Re-structuring..Writing ZLAR1V
Rewriting declarations
--------------------------------------------------------------------
Finished reading ZLAR2V from file zlar2v.f90
Re-structuring..Writing ZLAR2V
Rewriting declarations
--------------------------------------------------------------------
Finished reading ZLARCM from file zlarcm.f90
Re-structuring..Writing ZLARCM
Rewriting declarations
--------------------------------------------------------------------
Finished reading ZLARFB from file zlarfb.f90
Re-structuring..Writing ZLARFB
Rewriting declarations
--------------------------------------------------------------------
Finished reading ZLARFB_GETT from file zlarfb_gett.f90
Re-structuring..Writing ZLARFB_GETT
Rewriting declarations
--------------------------------------------------------------------
Finished reading ZLARF from file zlarf.f90
Re-structuring..Writing ZLARF
Rewriting declarations
--------------------------------------------------------------------
Finished reading ZLARFG from file zlarfg.f90
Re-structuring..Writing ZLARFG
Rewriting declarations
--------------------------------------------------------------------
Finished reading ZLARFGP from file zlarfgp.f90
Re-structuring..Writing ZLARFGP
Rewriting declarations
--------------------------------------------------------------------
Finished reading ZLARFT from file zlarft.f90
Re-structuring..Writing ZLARFT
Rewriting declarations
--------------------------------------------------------------------
Finished reading ZLARFX from file zlarfx.f90
<>I INTRINSIC functn name used for variable  SUM
Re-structuring..Writing ZLARFX
Rewriting declarations
--------------------------------------------------------------------
Finished reading ZLARFY from file zlarfy.f90
Re-structuring..Writing ZLARFY
Rewriting declarations
--------------------------------------------------------------------
Finished reading ZLARGV from file zlargv.f90
<>I INTRINSIC functn name used for variable  COUNT
<>I INTRINSIC functn name used for variable  SCALE
Re-structuring..Writing ZLARGV
Rewriting declarations
--------------------------------------------------------------------
Finished reading ZLARNV from file zlarnv.f90
Re-structuring..Writing ZLARNV
Rewriting declarations
--------------------------------------------------------------------
Finished reading ZLARRV from file zlarrv.f90
<>I Argument is not used                     VU
Re-structuring..Writing ZLARRV
Rewriting declarations
--------------------------------------------------------------------
Finished reading ZLARSCL2 from file zlarscl2.f90
Re-structuring..Writing ZLARSCL2
Rewriting declarations
--------------------------------------------------------------------
Finished reading ZLARTG from file zlartg.f90
<>I INTRINSIC functn name used for variable  COUNT
<>I INTRINSIC functn name used for variable  SCALE
Re-structuring..Writing ZLARTG
Rewriting declarations
--------------------------------------------------------------------
Finished reading ZLARTV from file zlartv.f90
Re-structuring..Writing ZLARTV
Rewriting declarations
--------------------------------------------------------------------
Finished reading ZLARZB from file zlarzb.f90
Re-structuring..Writing ZLARZB
Rewriting declarations
--------------------------------------------------------------------
Finished reading ZLARZ from file zlarz.f90
Re-structuring..Writing ZLARZ
Rewriting declarations
--------------------------------------------------------------------
Finished reading ZLARZT from file zlarzt.f90
Re-structuring..Writing ZLARZT
Rewriting declarations
--------------------------------------------------------------------
Finished reading ZLASCL2 from file zlascl2.f90
Re-structuring..Writing ZLASCL2
Rewriting declarations
--------------------------------------------------------------------
Finished reading ZLASCL from file zlascl.f90
Re-structuring..Writing ZLASCL
Rewriting declarations
--------------------------------------------------------------------
Finished reading ZLASET from file zlaset.f90
Re-structuring..Writing ZLASET
Rewriting declarations
--------------------------------------------------------------------
Finished reading ZLASR from file zlasr.f90
Re-structuring..Writing ZLASR
Rewriting declarations
--------------------------------------------------------------------
Finished reading ZLASSQ from file zlassq.f90
<>I INTRINSIC functn name used for variable  SCALE
Re-structuring..Writing ZLASSQ
Rewriting declarations
--------------------------------------------------------------------
Finished reading ZLASWLQ from file zlaswlq.f90
Re-structuring..Writing ZLASWLQ
Rewriting declarations
--------------------------------------------------------------------
Finished reading ZLASWP from file zlaswp.f90
Re-structuring..Writing ZLASWP
Rewriting declarations
--------------------------------------------------------------------
Finished reading ZLA_SYAMV from file zla_syamv.f90
Re-structuring..Writing ZLA_SYAMV
Rewriting declarations
--------------------------------------------------------------------
Finished reading ZLASYF_AA from file zlasyf_aa.f90
Re-structuring..Writing ZLASYF_AA
Rewriting declarations
--------------------------------------------------------------------
Finished reading ZLASYF from file zlasyf.f90
Re-structuring..Writing ZLASYF
Rewriting declarations
--------------------------------------------------------------------
Finished reading ZLASYF_RK from file zlasyf_rk.f90
Re-structuring..Writing ZLASYF_RK
Rewriting declarations
--------------------------------------------------------------------
Finished reading ZLASYF_ROOK from file zlasyf_rook.f90
Re-structuring..Writing ZLASYF_ROOK
Rewriting declarations
--------------------------------------------------------------------
Finished reading ZLA_SYRCOND_C from file zla_syrcond_c.f90
Re-structuring..Writing ZLA_SYRCOND_C
Rewriting declarations
--------------------------------------------------------------------
Finished reading ZLA_SYRCOND_X from file zla_syrcond_x.f90
Re-structuring..Writing ZLA_SYRCOND_X
Rewriting declarations
--------------------------------------------------------------------
Finished reading ZLA_SYRFSX_EXTENDED from file zla_syrfsx_extended.f90
Re-structuring..Writing ZLA_SYRFSX_EXTENDED
Rewriting declarations
--------------------------------------------------------------------
Finished reading ZLA_SYRPVGRW from file zla_syrpvgrw.f90
Re-structuring..Writing ZLA_SYRPVGRW
Rewriting declarations
--------------------------------------------------------------------
Finished reading ZLAT2C from file zlat2c.f90
Re-structuring..Writing ZLAT2C
Rewriting declarations
--------------------------------------------------------------------
Finished reading ZLATBS from file zlatbs.f90
<>I INTRINSIC functn name used for variable  SCALE
Re-structuring..Writing ZLATBS
Rewriting declarations
--------------------------------------------------------------------
Finished reading ZLATDF from file zlatdf.f90
<>I INTRINSIC functn name used for variable  SCALE
Re-structuring..Writing ZLATDF
Rewriting declarations
--------------------------------------------------------------------
Finished reading ZLATPS from file zlatps.f90
<>I INTRINSIC functn name used for variable  SCALE
Re-structuring..Writing ZLATPS
Rewriting declarations
--------------------------------------------------------------------
Finished reading ZLATRD from file zlatrd.f90
Re-structuring..Writing ZLATRD
Rewriting declarations
--------------------------------------------------------------------
Finished reading ZLATRS from file zlatrs.f90
<>I INTRINSIC functn name used for variable  SCALE
Re-structuring..Writing ZLATRS
Rewriting declarations
--------------------------------------------------------------------
Finished reading ZLATRZ from file zlatrz.f90
Re-structuring..Writing ZLATRZ
Rewriting declarations
--------------------------------------------------------------------
Finished reading ZLATSQR from file zlatsqr.f90
Re-structuring..Writing ZLATSQR
Rewriting declarations
--------------------------------------------------------------------
Finished reading ZLAUNHR_COL_GETRFNP2 from file zlaunhr_col_getrfnp2.f90
Re-structuring..Writing ZLAUNHR_COL_GETRFNP2
Rewriting declarations
--------------------------------------------------------------------
Finished reading ZLAUNHR_COL_GETRFNP from file zlaunhr_col_getrfnp.f90
Re-structuring..Writing ZLAUNHR_COL_GETRFNP
Rewriting declarations
--------------------------------------------------------------------
Finished reading ZLAUU2 from file zlauu2.f90
Re-structuring..Writing ZLAUU2
Rewriting declarations
--------------------------------------------------------------------
Finished reading ZLAUUM from file zlauum.f90
Re-structuring..Writing ZLAUUM
Rewriting declarations
--------------------------------------------------------------------
Finished reading ZLA_WWADDW from file zla_wwaddw.f90
Re-structuring..Writing ZLA_WWADDW
Rewriting declarations
--------------------------------------------------------------------
Finished reading ZPBCON from file zpbcon.f90
<>I INTRINSIC functn name used for variable  SCALE
Re-structuring..Writing ZPBCON
Rewriting declarations
--------------------------------------------------------------------
Finished reading ZPBEQU from file zpbequ.f90
Re-structuring..Writing ZPBEQU
Rewriting declarations
--------------------------------------------------------------------
Finished reading ZPBRFS from file zpbrfs.f90
<>I INTRINSIC functn name used for variable  COUNT
Re-structuring..Writing ZPBRFS
Rewriting declarations
--------------------------------------------------------------------
Finished reading ZPBSTF from file zpbstf.f90
Re-structuring..Writing ZPBSTF
Rewriting declarations
--------------------------------------------------------------------
Finished reading ZPBSV from file zpbsv.f90
Re-structuring..Writing ZPBSV
Rewriting declarations
--------------------------------------------------------------------
Finished reading ZPBSVX from file zpbsvx.f90
Re-structuring..Writing ZPBSVX
Rewriting declarations
--------------------------------------------------------------------
Finished reading ZPBTF2 from file zpbtf2.f90
Re-structuring..Writing ZPBTF2
Rewriting declarations
--------------------------------------------------------------------
Finished reading ZPBTRF from file zpbtrf.f90
Re-structuring..Writing ZPBTRF
Rewriting declarations
--------------------------------------------------------------------
Finished reading ZPBTRS from file zpbtrs.f90
Re-structuring..Writing ZPBTRS
Rewriting declarations
--------------------------------------------------------------------
Finished reading ZPFTRF from file zpftrf.f90
Re-structuring..Writing ZPFTRF
Rewriting declarations
--------------------------------------------------------------------
Finished reading ZPFTRI from file zpftri.f90
Re-structuring..Writing ZPFTRI
Rewriting declarations
--------------------------------------------------------------------
Finished reading ZPFTRS from file zpftrs.f90
Re-structuring..Writing ZPFTRS
Rewriting declarations
--------------------------------------------------------------------
Finished reading ZPOCON from file zpocon.f90
<>I INTRINSIC functn name used for variable  SCALE
Re-structuring..Writing ZPOCON
Rewriting declarations
--------------------------------------------------------------------
Finished reading ZPOEQUB from file zpoequb.f90
Re-structuring..Writing ZPOEQUB
Rewriting declarations
--------------------------------------------------------------------
Finished reading ZPOEQU from file zpoequ.f90
Re-structuring..Writing ZPOEQU
Rewriting declarations
--------------------------------------------------------------------
Finished reading ZPORFS from file zporfs.f90
<>I INTRINSIC functn name used for variable  COUNT
Re-structuring..Writing ZPORFS
Rewriting declarations
--------------------------------------------------------------------
Finished reading ZPORFSX from file zporfsx.f90
Re-structuring..Writing ZPORFSX
Rewriting declarations
--------------------------------------------------------------------
Finished reading ZPOSV from file zposv.f90
Re-structuring..Writing ZPOSV
Rewriting declarations
--------------------------------------------------------------------
Finished reading ZPOSVX from file zposvx.f90
Re-structuring..Writing ZPOSVX
Rewriting declarations
--------------------------------------------------------------------
Finished reading ZPOSVXX from file zposvxx.f90
Re-structuring..Writing ZPOSVXX
Rewriting declarations
--------------------------------------------------------------------
Finished reading ZPOTF2 from file zpotf2.f90
Re-structuring..Writing ZPOTF2
Rewriting declarations
--------------------------------------------------------------------
Finished reading ZPOTRF2 from file zpotrf2.f90
Re-structuring..Writing ZPOTRF2
Rewriting declarations
--------------------------------------------------------------------
Finished reading ZPOTRF from file zpotrf.f90
Re-structuring..Writing ZPOTRF
Rewriting declarations
--------------------------------------------------------------------
Finished reading ZPOTRI from file zpotri.f90
Re-structuring..Writing ZPOTRI
Rewriting declarations
--------------------------------------------------------------------
Finished reading ZPOTRS from file zpotrs.f90
Re-structuring..Writing ZPOTRS
Rewriting declarations
--------------------------------------------------------------------
Finished reading ZPPCON from file zppcon.f90
<>I INTRINSIC functn name used for variable  SCALE
Re-structuring..Writing ZPPCON
Rewriting declarations
--------------------------------------------------------------------
Finished reading ZPPEQU from file zppequ.f90
Re-structuring..Writing ZPPEQU
Rewriting declarations
--------------------------------------------------------------------
Finished reading ZPPRFS from file zpprfs.f90
<>I INTRINSIC functn name used for variable  COUNT
Re-structuring..Writing ZPPRFS
Rewriting declarations
--------------------------------------------------------------------
Finished reading ZPPSV from file zppsv.f90
Re-structuring..Writing ZPPSV
Rewriting declarations
--------------------------------------------------------------------
Finished reading ZPPSVX from file zppsvx.f90
Re-structuring..Writing ZPPSVX
Rewriting declarations
--------------------------------------------------------------------
Finished reading ZPPTRF from file zpptrf.f90
Re-structuring..Writing ZPPTRF
Rewriting declarations
--------------------------------------------------------------------
Finished reading ZPPTRI from file zpptri.f90
Re-structuring..Writing ZPPTRI
Rewriting declarations
--------------------------------------------------------------------
Finished reading ZPPTRS from file zpptrs.f90
Re-structuring..Writing ZPPTRS
Rewriting declarations
--------------------------------------------------------------------
Finished reading ZPSTF2 from file zpstf2.f90
Re-structuring..Writing ZPSTF2
Rewriting declarations
--------------------------------------------------------------------
Finished reading ZPSTRF from file zpstrf.f90
Re-structuring..Writing ZPSTRF
Rewriting declarations
--------------------------------------------------------------------
Finished reading ZPTCON from file zptcon.f90
Re-structuring..Writing ZPTCON
Rewriting declarations
--------------------------------------------------------------------
Finished reading ZPTEQR from file zpteqr.f90
Re-structuring..Writing ZPTEQR
Rewriting declarations
--------------------------------------------------------------------
Finished reading ZPTRFS from file zptrfs.f90
<>I INTRINSIC functn name used for variable  COUNT
Re-structuring..Writing ZPTRFS
Rewriting declarations
--------------------------------------------------------------------
Finished reading ZPTSV from file zptsv.f90
Re-structuring..Writing ZPTSV
Rewriting declarations
--------------------------------------------------------------------
Finished reading ZPTSVX from file zptsvx.f90
Re-structuring..Writing ZPTSVX
Rewriting declarations
--------------------------------------------------------------------
Finished reading ZPTTRF from file zpttrf.f90
Re-structuring..Writing ZPTTRF
Rewriting declarations
--------------------------------------------------------------------
Finished reading ZPTTRS from file zpttrs.f90
Re-structuring..Writing ZPTTRS
Rewriting declarations
--------------------------------------------------------------------
Finished reading ZPTTS2 from file zptts2.f90
Re-structuring..Writing ZPTTS2
Rewriting declarations
--------------------------------------------------------------------
Finished reading ZROT from file zrot.f90
Re-structuring..Writing ZROT
Rewriting declarations
--------------------------------------------------------------------
Finished reading ZSPCON from file zspcon.f90
Re-structuring..Writing ZSPCON
Rewriting declarations
--------------------------------------------------------------------
Finished reading ZSPMV from file zspmv.f90
Re-structuring..Writing ZSPMV
Rewriting declarations
--------------------------------------------------------------------
Finished reading ZSPR from file zspr.f90
Re-structuring..Writing ZSPR
Rewriting declarations
--------------------------------------------------------------------
Finished reading ZSPRFS from file zsprfs.f90
<>I INTRINSIC functn name used for variable  COUNT
Re-structuring..Writing ZSPRFS
Rewriting declarations
--------------------------------------------------------------------
Finished reading ZSPSV from file zspsv.f90
Re-structuring..Writing ZSPSV
Rewriting declarations
--------------------------------------------------------------------
Finished reading ZSPSVX from file zspsvx.f90
Re-structuring..Writing ZSPSVX
Rewriting declarations
--------------------------------------------------------------------
Finished reading ZSPTRF from file zsptrf.f90
Re-structuring..Writing ZSPTRF
Rewriting declarations
--------------------------------------------------------------------
Finished reading ZSPTRI from file zsptri.f90
Re-structuring..Writing ZSPTRI
Rewriting declarations
--------------------------------------------------------------------
Finished reading ZSPTRS from file zsptrs.f90
Re-structuring..Writing ZSPTRS
Rewriting declarations
--------------------------------------------------------------------
Finished reading ZSTEDC from file zstedc.f90
<>I INTRINSIC functn name used for variable  TINY
Re-structuring..Writing ZSTEDC
Rewriting declarations
--------------------------------------------------------------------
Finished reading ZSTEGR from file zstegr.f90
<>I Argument is not used                     ABSTOL
<>I INTRINSIC functn name used for variable  RANGE
Re-structuring..Writing ZSTEGR
Rewriting declarations
--------------------------------------------------------------------
Finished reading ZSTEIN from file zstein.f90
Re-structuring..Writing ZSTEIN
Rewriting declarations
--------------------------------------------------------------------
Finished reading ZSTEMR from file zstemr.f90
<>I INTRINSIC functn name used for variable  RANGE
<>I INTRINSIC functn name used for variable  SCALE
Re-structuring..Writing ZSTEMR
Rewriting declarations
--------------------------------------------------------------------
Finished reading ZSTEQR from file zsteqr.f90
Re-structuring..Writing ZSTEQR
Rewriting declarations
--------------------------------------------------------------------
Finished reading ZSYCON_3 from file zsycon_3.f90
Re-structuring..Writing ZSYCON_3
Rewriting declarations
--------------------------------------------------------------------
Finished reading ZSYCON from file zsycon.f90
Re-structuring..Writing ZSYCON
Rewriting declarations
--------------------------------------------------------------------
Finished reading ZSYCON_ROOK from file zsycon_rook.f90
Re-structuring..Writing ZSYCON_ROOK
Rewriting declarations
--------------------------------------------------------------------
Finished reading ZSYCONV from file zsyconv.f90
Re-structuring..Writing ZSYCONV
Rewriting declarations
--------------------------------------------------------------------
Finished reading ZSYCONVF from file zsyconvf.f90
Re-structuring..Writing ZSYCONVF
Rewriting declarations
--------------------------------------------------------------------
Finished reading ZSYCONVF_ROOK from file zsyconvf_rook.f90
Re-structuring..Writing ZSYCONVF_ROOK
Rewriting declarations
--------------------------------------------------------------------
Finished reading ZSYEQUB from file zsyequb.f90
<>I INTRINSIC functn name used for variable  SCALE
Re-structuring..Writing ZSYEQUB
Rewriting declarations
--------------------------------------------------------------------
Finished reading ZSYMV from file zsymv.f90
Re-structuring..Writing ZSYMV
Rewriting declarations
--------------------------------------------------------------------
Finished reading ZSYR from file zsyr.f90
Re-structuring..Writing ZSYR
Rewriting declarations
--------------------------------------------------------------------
Finished reading ZSYRFS from file zsyrfs.f90
<>I INTRINSIC functn name used for variable  COUNT
Re-structuring..Writing ZSYRFS
Rewriting declarations
--------------------------------------------------------------------
Finished reading ZSYRFSX from file zsyrfsx.f90
Re-structuring..Writing ZSYRFSX
Rewriting declarations
--------------------------------------------------------------------
Finished reading ZSYSV_AA_2STAGE from file zsysv_aa_2stage.f90
Re-structuring..Writing ZSYSV_AA_2STAGE
Rewriting declarations
--------------------------------------------------------------------
Finished reading ZSYSV_AA from file zsysv_aa.f90
Re-structuring..Writing ZSYSV_AA
Rewriting declarations
--------------------------------------------------------------------
Finished reading ZSYSV from file zsysv.f90
Re-structuring..Writing ZSYSV
Rewriting declarations
--------------------------------------------------------------------
Finished reading ZSYSV_RK from file zsysv_rk.f90
Re-structuring..Writing ZSYSV_RK
Rewriting declarations
--------------------------------------------------------------------
Finished reading ZSYSV_ROOK from file zsysv_rook.f90
Re-structuring..Writing ZSYSV_ROOK
Rewriting declarations
--------------------------------------------------------------------
Finished reading ZSYSVX from file zsysvx.f90
Re-structuring..Writing ZSYSVX
Rewriting declarations
--------------------------------------------------------------------
Finished reading ZSYSVXX from file zsysvxx.f90
Re-structuring..Writing ZSYSVXX
Rewriting declarations
--------------------------------------------------------------------
Finished reading ZSYSWAPR from file zsyswapr.f90
Re-structuring..Writing ZSYSWAPR
Rewriting declarations
--------------------------------------------------------------------
Finished reading ZSYTF2 from file zsytf2.f90
Re-structuring..Writing ZSYTF2
Rewriting declarations
--------------------------------------------------------------------
Finished reading ZSYTF2_RK from file zsytf2_rk.f90
Re-structuring..Writing ZSYTF2_RK
Rewriting declarations
--------------------------------------------------------------------
Finished reading ZSYTF2_ROOK from file zsytf2_rook.f90
Re-structuring..Writing ZSYTF2_ROOK
Rewriting declarations
--------------------------------------------------------------------
Finished reading ZSYTRF_AA_2STAGE from file zsytrf_aa_2stage.f90
Re-structuring..Writing ZSYTRF_AA_2STAGE
Rewriting declarations
--------------------------------------------------------------------
Finished reading ZSYTRF_AA from file zsytrf_aa.f90
Re-structuring..Writing ZSYTRF_AA
Rewriting declarations
--------------------------------------------------------------------
Finished reading ZSYTRF from file zsytrf.f90
Re-structuring..Writing ZSYTRF
Rewriting declarations
--------------------------------------------------------------------
Finished reading ZSYTRF_RK from file zsytrf_rk.f90
Re-structuring..Writing ZSYTRF_RK
Rewriting declarations
--------------------------------------------------------------------
Finished reading ZSYTRF_ROOK from file zsytrf_rook.f90
Re-structuring..Writing ZSYTRF_ROOK
Rewriting declarations
--------------------------------------------------------------------
Finished reading ZSYTRI2 from file zsytri2.f90
Re-structuring..Writing ZSYTRI2
Rewriting declarations
--------------------------------------------------------------------
Finished reading ZSYTRI2X from file zsytri2x.f90
<>I INTRINSIC functn name used for variable  COUNT
Re-structuring..Writing ZSYTRI2X
Rewriting declarations
--------------------------------------------------------------------
Finished reading ZSYTRI_3 from file zsytri_3.f90
Re-structuring..Writing ZSYTRI_3
Rewriting declarations
--------------------------------------------------------------------
Finished reading ZSYTRI_3X from file zsytri_3x.f90
Re-structuring..Writing ZSYTRI_3X
Rewriting declarations
--------------------------------------------------------------------
Finished reading ZSYTRI from file zsytri.f90
Re-structuring..Writing ZSYTRI
Rewriting declarations
--------------------------------------------------------------------
Finished reading ZSYTRI_ROOK from file zsytri_rook.f90
Re-structuring..Writing ZSYTRI_ROOK
Rewriting declarations
--------------------------------------------------------------------
Finished reading ZSYTRS2 from file zsytrs2.f90
Re-structuring..Writing ZSYTRS2
Rewriting declarations
--------------------------------------------------------------------
Finished reading ZSYTRS_3 from file zsytrs_3.f90
Re-structuring..Writing ZSYTRS_3
Rewriting declarations
--------------------------------------------------------------------
Finished reading ZSYTRS_AA_2STAGE from file zsytrs_aa_2stage.f90
Re-structuring..Writing ZSYTRS_AA_2STAGE
Rewriting declarations
--------------------------------------------------------------------
Finished reading ZSYTRS_AA from file zsytrs_aa.f90
Re-structuring..Writing ZSYTRS_AA
Rewriting declarations
--------------------------------------------------------------------
Finished reading ZSYTRS from file zsytrs.f90
Re-structuring..Writing ZSYTRS
Rewriting declarations
--------------------------------------------------------------------
Finished reading ZSYTRS_ROOK from file zsytrs_rook.f90
Re-structuring..Writing ZSYTRS_ROOK
Rewriting declarations
--------------------------------------------------------------------
Finished reading ZTBCON from file ztbcon.f90
<>I INTRINSIC functn name used for variable  SCALE
Re-structuring..Writing ZTBCON
Rewriting declarations
--------------------------------------------------------------------
Finished reading ZTBRFS from file ztbrfs.f90
Re-structuring..Writing ZTBRFS
Rewriting declarations
--------------------------------------------------------------------
Finished reading ZTBTRS from file ztbtrs.f90
Re-structuring..Writing ZTBTRS
Rewriting declarations
--------------------------------------------------------------------
Finished reading ZTFSM from file ztfsm.f90
Re-structuring..Writing ZTFSM
Rewriting declarations
--------------------------------------------------------------------
Finished reading ZTFTRI from file ztftri.f90
Re-structuring..Writing ZTFTRI
Rewriting declarations
--------------------------------------------------------------------
Finished reading ZTFTTP from file ztfttp.f90
<>I Variable assigned a value but not used   NT
Re-structuring..Writing ZTFTTP
Rewriting declarations
--------------------------------------------------------------------
Finished reading ZTFTTR from file ztfttr.f90
Re-structuring..Writing ZTFTTR
Rewriting declarations
--------------------------------------------------------------------
Finished reading ZTGEVC from file ztgevc.f90
<>I INTRINSIC functn name used for variable  SCALE
<>I INTRINSIC functn name used for variable  SUM
Re-structuring..Writing ZTGEVC
Rewriting declarations
--------------------------------------------------------------------
Finished reading ZTGEX2 from file ztgex2.f90
<>I INTRINSIC functn name used for variable  SCALE
<>I INTRINSIC functn name used for variable  SUM
Re-structuring..Writing ZTGEX2
Rewriting declarations
--------------------------------------------------------------------
Finished reading ZTGEXC from file ztgexc.f90
Re-structuring..Writing ZTGEXC
Rewriting declarations
--------------------------------------------------------------------
Finished reading ZTGSEN from file ztgsen.f90
Re-structuring..Writing ZTGSEN
Rewriting declarations
--------------------------------------------------------------------
Finished reading ZTGSJA from file ztgsja.f90
Re-structuring..Writing ZTGSJA
Rewriting declarations
--------------------------------------------------------------------
Finished reading ZTGSNA from file ztgsna.f90
<>I INTRINSIC functn name used for variable  SCALE
Re-structuring..Writing ZTGSNA
Rewriting declarations
--------------------------------------------------------------------
Finished reading ZTGSY2 from file ztgsy2.f90
<>I INTRINSIC functn name used for variable  SCALE
Re-structuring..Writing ZTGSY2
Rewriting declarations
--------------------------------------------------------------------
Finished reading ZTGSYL from file ztgsyl.f90
<>I INTRINSIC functn name used for variable  SCALE
Re-structuring..Writing ZTGSYL
Rewriting declarations
--------------------------------------------------------------------
Finished reading ZTPCON from file ztpcon.f90
<>I INTRINSIC functn name used for variable  SCALE
Re-structuring..Writing ZTPCON
Rewriting declarations
--------------------------------------------------------------------
Finished reading ZTPLQT2 from file ztplqt2.f90
Re-structuring..Writing ZTPLQT2
Rewriting declarations
--------------------------------------------------------------------
Finished reading ZTPLQT from file ztplqt.f90
Re-structuring..Writing ZTPLQT
Rewriting declarations
--------------------------------------------------------------------
Finished reading ZTPMLQT from file ztpmlqt.f90
Re-structuring..Writing ZTPMLQT
Rewriting declarations
--------------------------------------------------------------------
Finished reading ZTPMQRT from file ztpmqrt.f90
Re-structuring..Writing ZTPMQRT
Rewriting declarations
--------------------------------------------------------------------
Finished reading ZTPQRT2 from file ztpqrt2.f90
Re-structuring..Writing ZTPQRT2
Rewriting declarations
--------------------------------------------------------------------
Finished reading ZTPQRT from file ztpqrt.f90
Re-structuring..Writing ZTPQRT
Rewriting declarations
--------------------------------------------------------------------
Finished reading ZTPRFB from file ztprfb.f90
Re-structuring..Writing ZTPRFB
Rewriting declarations
--------------------------------------------------------------------
Finished reading ZTPRFS from file ztprfs.f90
Re-structuring..Writing ZTPRFS
Rewriting declarations
--------------------------------------------------------------------
Finished reading ZTPTRI from file ztptri.f90
Re-structuring..Writing ZTPTRI
Rewriting declarations
--------------------------------------------------------------------
Finished reading ZTPTRS from file ztptrs.f90
Re-structuring..Writing ZTPTRS
Rewriting declarations
--------------------------------------------------------------------
Finished reading ZTPTTF from file ztpttf.f90
<>I Variable assigned a value but not used   NT
Re-structuring..Writing ZTPTTF
Rewriting declarations
--------------------------------------------------------------------
Finished reading ZTPTTR from file ztpttr.f90
Re-structuring..Writing ZTPTTR
Rewriting declarations
--------------------------------------------------------------------
Finished reading ZTRCON from file ztrcon.f90
<>I INTRINSIC functn name used for variable  SCALE
Re-structuring..Writing ZTRCON
Rewriting declarations
--------------------------------------------------------------------
Finished reading ZTREVC3 from file ztrevc3.f90
<>I INTRINSIC functn name used for variable  SCALE
Re-structuring..Writing ZTREVC3
Rewriting declarations
--------------------------------------------------------------------
Finished reading ZTREVC from file ztrevc.f90
<>I INTRINSIC functn name used for variable  SCALE
Re-structuring..Writing ZTREVC
Rewriting declarations
--------------------------------------------------------------------
Finished reading ZTREXC from file ztrexc.f90
Re-structuring..Writing ZTREXC
Rewriting declarations
--------------------------------------------------------------------
Finished reading ZTRRFS from file ztrrfs.f90
Re-structuring..Writing ZTRRFS
Rewriting declarations
--------------------------------------------------------------------
Finished reading ZTRSEN from file ztrsen.f90
<>I INTRINSIC functn name used for variable  SCALE
Re-structuring..Writing ZTRSEN
Rewriting declarations
--------------------------------------------------------------------
Finished reading ZTRSNA from file ztrsna.f90
<>I INTRINSIC functn name used for variable  SCALE
Re-structuring..Writing ZTRSNA
Rewriting declarations
--------------------------------------------------------------------
Finished reading ZTRSYL from file ztrsyl.f90
<>I INTRINSIC functn name used for variable  SCALE
Re-structuring..Writing ZTRSYL
Rewriting declarations
--------------------------------------------------------------------
Finished reading ZTRTI2 from file ztrti2.f90
Re-structuring..Writing ZTRTI2
Rewriting declarations
--------------------------------------------------------------------
Finished reading ZTRTRI from file ztrtri.f90
Re-structuring..Writing ZTRTRI
Rewriting declarations
--------------------------------------------------------------------
Finished reading ZTRTRS from file ztrtrs.f90
Re-structuring..Writing ZTRTRS
Rewriting declarations
--------------------------------------------------------------------
Finished reading ZTRTTF from file ztrttf.f90
Re-structuring..Writing ZTRTTF
Rewriting declarations
--------------------------------------------------------------------
Finished reading ZTRTTP from file ztrttp.f90
Re-structuring..Writing ZTRTTP
Rewriting declarations
--------------------------------------------------------------------
Finished reading ZTZRZF from file ztzrzf.f90
Re-structuring..Writing ZTZRZF
Rewriting declarations
--------------------------------------------------------------------
Finished reading ZUNBDB1 from file zunbdb1.f90
Re-structuring..Writing ZUNBDB1
Rewriting declarations
--------------------------------------------------------------------
Finished reading ZUNBDB2 from file zunbdb2.f90
Re-structuring..Writing ZUNBDB2
Rewriting declarations
--------------------------------------------------------------------
Finished reading ZUNBDB3 from file zunbdb3.f90
Re-structuring..Writing ZUNBDB3
Rewriting declarations
--------------------------------------------------------------------
Finished reading ZUNBDB4 from file zunbdb4.f90
Re-structuring..Writing ZUNBDB4
Rewriting declarations
--------------------------------------------------------------------
Finished reading ZUNBDB5 from file zunbdb5.f90
Re-structuring..Writing ZUNBDB5
Rewriting declarations
--------------------------------------------------------------------
Finished reading ZUNBDB6 from file zunbdb6.f90
Re-structuring..Writing ZUNBDB6
Rewriting declarations
--------------------------------------------------------------------
Finished reading ZUNBDB from file zunbdb.f90
Re-structuring..Writing ZUNBDB
Rewriting declarations
--------------------------------------------------------------------
Finished reading ZUNCSD2BY1 from file zuncsd2by1.f90
Re-structuring..Writing ZUNCSD2BY1
Rewriting declarations
--------------------------------------------------------------------
Finished reading ZUNCSD from file zuncsd.f90
Re-structuring..Writing ZUNCSD
Rewriting declarations
--------------------------------------------------------------------
Finished reading ZUNG2L from file zung2l.f90
Re-structuring..Writing ZUNG2L
Rewriting declarations
--------------------------------------------------------------------
Finished reading ZUNG2R from file zung2r.f90
Re-structuring..Writing ZUNG2R
Rewriting declarations
--------------------------------------------------------------------
Finished reading ZUNGBR from file zungbr.f90
Re-structuring..Writing ZUNGBR
Rewriting declarations
--------------------------------------------------------------------
Finished reading ZUNGHR from file zunghr.f90
Re-structuring..Writing ZUNGHR
Rewriting declarations
--------------------------------------------------------------------
Finished reading ZUNGL2 from file zungl2.f90
Re-structuring..Writing ZUNGL2
Rewriting declarations
--------------------------------------------------------------------
Finished reading ZUNGLQ from file zunglq.f90
Re-structuring..Writing ZUNGLQ
Rewriting declarations
--------------------------------------------------------------------
Finished reading ZUNGQL from file zungql.f90
Re-structuring..Writing ZUNGQL
Rewriting declarations
--------------------------------------------------------------------
Finished reading ZUNGQR from file zungqr.f90
Re-structuring..Writing ZUNGQR
Rewriting declarations
--------------------------------------------------------------------
Finished reading ZUNGR2 from file zungr2.f90
Re-structuring..Writing ZUNGR2
Rewriting declarations
--------------------------------------------------------------------
Finished reading ZUNGRQ from file zungrq.f90
Re-structuring..Writing ZUNGRQ
Rewriting declarations
--------------------------------------------------------------------
Finished reading ZUNGTR from file zungtr.f90
Re-structuring..Writing ZUNGTR
Rewriting declarations
--------------------------------------------------------------------
Finished reading ZUNGTSQR from file zungtsqr.f90
Re-structuring..Writing ZUNGTSQR
Rewriting declarations
--------------------------------------------------------------------
Finished reading ZUNGTSQR_ROW from file zungtsqr_row.f90
Re-structuring..Writing ZUNGTSQR_ROW
Rewriting declarations
--------------------------------------------------------------------
Finished reading ZUNHR_COL from file zunhr_col.f90
Re-structuring..Writing ZUNHR_COL
Rewriting declarations
--------------------------------------------------------------------
Finished reading ZUNM22 from file zunm22.f90
<>I INTRINSIC functn name used for variable  LEN
Re-structuring..Writing ZUNM22
Rewriting declarations
--------------------------------------------------------------------
Finished reading ZUNM2L from file zunm2l.f90
Re-structuring..Writing ZUNM2L
Rewriting declarations
--------------------------------------------------------------------
Finished reading ZUNM2R from file zunm2r.f90
Re-structuring..Writing ZUNM2R
Rewriting declarations
--------------------------------------------------------------------
Finished reading ZUNMBR from file zunmbr.f90
Re-structuring..Writing ZUNMBR
Rewriting declarations
--------------------------------------------------------------------
Finished reading ZUNMHR from file zunmhr.f90
Re-structuring..Writing ZUNMHR
Rewriting declarations
--------------------------------------------------------------------
Finished reading ZUNML2 from file zunml2.f90
Re-structuring..Writing ZUNML2
Rewriting declarations
--------------------------------------------------------------------
Finished reading ZUNMLQ from file zunmlq.f90
Re-structuring..Writing ZUNMLQ
Rewriting declarations
--------------------------------------------------------------------
Finished reading ZUNMQL from file zunmql.f90
Re-structuring..Writing ZUNMQL
Rewriting declarations
--------------------------------------------------------------------
Finished reading ZUNMQR from file zunmqr.f90
Re-structuring..Writing ZUNMQR
Rewriting declarations
--------------------------------------------------------------------
Finished reading ZUNMR2 from file zunmr2.f90
Re-structuring..Writing ZUNMR2
Rewriting declarations
--------------------------------------------------------------------
Finished reading ZUNMR3 from file zunmr3.f90
Re-structuring..Writing ZUNMR3
Rewriting declarations
--------------------------------------------------------------------
Finished reading ZUNMRQ from file zunmrq.f90
Re-structuring..Writing ZUNMRQ
Rewriting declarations
--------------------------------------------------------------------
Finished reading ZUNMRZ from file zunmrz.f90
Re-structuring..Writing ZUNMRZ
Rewriting declarations
--------------------------------------------------------------------
Finished reading ZUNMTR from file zunmtr.f90
Re-structuring..Writing ZUNMTR
Rewriting declarations
--------------------------------------------------------------------
Finished reading ZUPGTR from file zupgtr.f90
Re-structuring..Writing ZUPGTR
Rewriting declarations
--------------------------------------------------------------------
Finished reading ZUPMTR from file zupmtr.f90
Re-structuring..Writing ZUPMTR
Rewriting declarations
--------------------------------------------------------------------
 
End of input after 495 sub-programs (203555 lines)
 
   495 were re-structured
   495 were re-labelled
   495 were beautified
 
   103 diagnostics generated
 
     3 occurrences of Subprogram argument inconsistency
     2 occurrences of Argument is not used
    10 occurrences of Variable assigned a value but not used
    88 occurrences of INTRINSIC functn name used for variable
 
SPAG finished normally
