SPAG - Version 7.51RB executing at 21:36 on  3 Mar 2022
Copyright (C) Polyhedron Solutions - 1987-2022 - All rights reserved
 
Licensee : fortran-lang.discourse.group - Windows, Mac or Linux
         : Valid until 31st March 2022
 
Licence data             read from /opt/plusfort_x64Linux_751/plusFORT.fig
Licence Expiry Date  Mar 2022
KIND information         read from /opt/plusfort_x64Linux_751/f77kinds.f90
INTRINSIC function names read from /opt/plusfort_x64Linux_751/f90func.txt
Output files will be written in directory /home/urbanjs/venus/V600/github/spag_lapack/src/xerbla/SPAGged/
Configuration data       read from spag.fig
Input Ordering Pre-scan
--------------------------------------------------------------------
Finished reading XERBLA_ARRAY from file xerbla_array.f90
Re-structuring..Writing XERBLA_ARRAY
Rewriting declarations
--------------------------------------------------------------------
Finished reading XERBLA from file xerbla.f90
Re-structuring..Writing XERBLA
Rewriting declarations
--------------------------------------------------------------------
 
End of input after 2 sub-programs (233 lines)
 
     2 were re-structured
     2 were re-labelled
     2 were beautified
 
No diagnostics generated
 
SPAG finished normally
