SPAG - Version 7.51RB executing at 21:36 on  3 Mar 2022
Copyright (C) Polyhedron Solutions - 1987-2022 - All rights reserved
 
Licensee : fortran-lang.discourse.group - Windows, Mac or Linux
         : Valid until 31st March 2022
 
Licence data             read from /opt/plusfort_x64Linux_751/plusFORT.fig
Licence Expiry Date  Mar 2022
KIND information         read from /opt/plusfort_x64Linux_751/f77kinds.f90
INTRINSIC function names read from /opt/plusfort_x64Linux_751/f90func.txt
Output files will be written in directory /home/urbanjs/venus/V600/github/spag_lapack/src/single/SPAGged/
Configuration data       read from spag.fig
Input Ordering Pre-scan
--------------------------------------------------------------------
Finished reading SBBCSD from file sbbcsd.f90
Re-structuring..Writing SBBCSD
Rewriting declarations
--------------------------------------------------------------------
Finished reading SBDSDC from file sbdsdc.f90
Re-structuring..Writing SBDSDC
Rewriting declarations
--------------------------------------------------------------------
Finished reading SBDSQR from file sbdsqr.f90
Re-structuring..Writing SBDSQR
Rewriting declarations
--------------------------------------------------------------------
Finished reading SBDSVDX from file sbdsvdx.f90
<>I INTRINSIC functn name used for variable  RANGE
Re-structuring..Writing SBDSVDX
Rewriting declarations
--------------------------------------------------------------------
Finished reading SCOMBSSQ from file scombssq.f90
Re-structuring..Writing SCOMBSSQ
Rewriting declarations
--------------------------------------------------------------------
Finished reading SCSUM1 from file scsum1.f90
Re-structuring..Writing SCSUM1
Rewriting declarations
--------------------------------------------------------------------
Finished reading SDISNA from file sdisna.f90
Re-structuring..Writing SDISNA
Rewriting declarations
--------------------------------------------------------------------
Finished reading SGBBRD from file sgbbrd.f90
Re-structuring..Writing SGBBRD
Rewriting declarations
--------------------------------------------------------------------
Finished reading SGBCON from file sgbcon.f90
<>I INTRINSIC functn name used for variable  SCALE
Re-structuring..Writing SGBCON
Rewriting declarations
--------------------------------------------------------------------
Finished reading SGBEQUB from file sgbequb.f90
<>I INTRINSIC functn name used for variable  RADIX
Re-structuring..Writing SGBEQUB
Rewriting declarations
--------------------------------------------------------------------
Finished reading SGBEQU from file sgbequ.f90
Re-structuring..Writing SGBEQU
Rewriting declarations
--------------------------------------------------------------------
Finished reading SGBRFS from file sgbrfs.f90
<>I INTRINSIC functn name used for variable  COUNT
Re-structuring..Writing SGBRFS
Rewriting declarations
--------------------------------------------------------------------
Finished reading SGBRFSX from file sgbrfsx.f90
Re-structuring..Writing SGBRFSX
Rewriting declarations
--------------------------------------------------------------------
Finished reading SGBSV from file sgbsv.f90
Re-structuring..Writing SGBSV
Rewriting declarations
--------------------------------------------------------------------
Finished reading SGBSVX from file sgbsvx.f90
Re-structuring..Writing SGBSVX
Rewriting declarations
--------------------------------------------------------------------
Finished reading SGBSVXX from file sgbsvxx.f90
Re-structuring..Writing SGBSVXX
Rewriting declarations
--------------------------------------------------------------------
Finished reading SGBTF2 from file sgbtf2.f90
Re-structuring..Writing SGBTF2
Rewriting declarations
--------------------------------------------------------------------
Finished reading SGBTRF from file sgbtrf.f90
Re-structuring..Writing SGBTRF
Rewriting declarations
--------------------------------------------------------------------
Finished reading SGBTRS from file sgbtrs.f90
Re-structuring..Writing SGBTRS
Rewriting declarations
--------------------------------------------------------------------
Finished reading SGEBAK from file sgebak.f90
<>I INTRINSIC functn name used for variable  SCALE
Re-structuring..Writing SGEBAK
Rewriting declarations
--------------------------------------------------------------------
Finished reading SGEBAL from file sgebal.f90
<>I INTRINSIC functn name used for variable  SCALE
Re-structuring..Writing SGEBAL
Rewriting declarations
--------------------------------------------------------------------
Finished reading SGEBD2 from file sgebd2.f90
Re-structuring..Writing SGEBD2
Rewriting declarations
--------------------------------------------------------------------
Finished reading SGEBRD from file sgebrd.f90
Re-structuring..Writing SGEBRD
Rewriting declarations
--------------------------------------------------------------------
Finished reading SGECON from file sgecon.f90
<>I INTRINSIC functn name used for variable  SCALE
Re-structuring..Writing SGECON
Rewriting declarations
--------------------------------------------------------------------
Finished reading SGEEQUB from file sgeequb.f90
<>I INTRINSIC functn name used for variable  RADIX
Re-structuring..Writing SGEEQUB
Rewriting declarations
--------------------------------------------------------------------
Finished reading SGEEQU from file sgeequ.f90
Re-structuring..Writing SGEEQU
Rewriting declarations
--------------------------------------------------------------------
Finished reading SGEES from file sgees.f90
Re-structuring..Writing SGEES
Rewriting declarations
--------------------------------------------------------------------
Finished reading SGEESX from file sgeesx.f90
Re-structuring..Writing SGEESX
Rewriting declarations
--------------------------------------------------------------------
Finished reading SGEEV from file sgeev.f90
Re-structuring..Writing SGEEV
Rewriting declarations
--------------------------------------------------------------------
Finished reading SGEEVX from file sgeevx.f90
<>I INTRINSIC functn name used for variable  SCALE
Re-structuring..Writing SGEEVX
Rewriting declarations
--------------------------------------------------------------------
Finished reading SGEHD2 from file sgehd2.f90
Re-structuring..Writing SGEHD2
Rewriting declarations
--------------------------------------------------------------------
Finished reading SGEHRD from file sgehrd.f90
Re-structuring..Writing SGEHRD
Rewriting declarations
--------------------------------------------------------------------
Finished reading SGEJSV from file sgejsv.f90
Re-structuring..Writing SGEJSV
Rewriting declarations
--------------------------------------------------------------------
Finished reading SGELQ2 from file sgelq2.f90
Re-structuring..Writing SGELQ2
Rewriting declarations
--------------------------------------------------------------------
Finished reading SGELQ from file sgelq.f90
Re-structuring..Writing SGELQ
Rewriting declarations
--------------------------------------------------------------------
Finished reading SGELQF from file sgelqf.f90
Re-structuring..Writing SGELQF
Rewriting declarations
--------------------------------------------------------------------
Finished reading SGELQT3 from file sgelqt3.f90
Re-structuring..Writing SGELQT3
Rewriting declarations
--------------------------------------------------------------------
Finished reading SGELQT from file sgelqt.f90
Re-structuring..Writing SGELQT
Rewriting declarations
--------------------------------------------------------------------
Finished reading SGELSD from file sgelsd.f90
Re-structuring..Writing SGELSD
Rewriting declarations
--------------------------------------------------------------------
Finished reading SGELS from file sgels.f90
Re-structuring..Writing SGELS
Rewriting declarations
--------------------------------------------------------------------
Finished reading SGELSS from file sgelss.f90
Re-structuring..Writing SGELSS
Rewriting declarations
--------------------------------------------------------------------
Finished reading SGELSY from file sgelsy.f90
Re-structuring..Writing SGELSY
Rewriting declarations
--------------------------------------------------------------------
Finished reading SGEMLQ from file sgemlq.f90
<>I Variable assigned a value but not used   NBLCKS
Re-structuring..Writing SGEMLQ
Rewriting declarations
--------------------------------------------------------------------
Finished reading SGEMLQT from file sgemlqt.f90
Re-structuring..Writing SGEMLQT
Rewriting declarations
--------------------------------------------------------------------
Finished reading SGEMQR from file sgemqr.f90
<>I Variable assigned a value but not used   NBLCKS
Re-structuring..Writing SGEMQR
Rewriting declarations
--------------------------------------------------------------------
Finished reading SGEMQRT from file sgemqrt.f90
Re-structuring..Writing SGEMQRT
Rewriting declarations
--------------------------------------------------------------------
Finished reading SGEQL2 from file sgeql2.f90
Re-structuring..Writing SGEQL2
Rewriting declarations
--------------------------------------------------------------------
Finished reading SGEQLF from file sgeqlf.f90
Re-structuring..Writing SGEQLF
Rewriting declarations
--------------------------------------------------------------------
Finished reading SGEQP3 from file sgeqp3.f90
Re-structuring..Writing SGEQP3
Rewriting declarations
--------------------------------------------------------------------
Finished reading SGEQR2 from file sgeqr2.f90
Re-structuring..Writing SGEQR2
Rewriting declarations
--------------------------------------------------------------------
Finished reading SGEQR2P from file sgeqr2p.f90
Re-structuring..Writing SGEQR2P
Rewriting declarations
--------------------------------------------------------------------
Finished reading SGEQR from file sgeqr.f90
Re-structuring..Writing SGEQR
Rewriting declarations
--------------------------------------------------------------------
Finished reading SGEQRF from file sgeqrf.f90
Re-structuring..Writing SGEQRF
Rewriting declarations
--------------------------------------------------------------------
Finished reading SGEQRFP from file sgeqrfp.f90
Re-structuring..Writing SGEQRFP
Rewriting declarations
--------------------------------------------------------------------
Finished reading SGEQRT2 from file sgeqrt2.f90
Re-structuring..Writing SGEQRT2
Rewriting declarations
--------------------------------------------------------------------
Finished reading SGEQRT3 from file sgeqrt3.f90
Re-structuring..Writing SGEQRT3
Rewriting declarations
--------------------------------------------------------------------
Finished reading SGEQRT from file sgeqrt.f90
Re-structuring..Writing SGEQRT
Rewriting declarations
--------------------------------------------------------------------
Finished reading SGERFS from file sgerfs.f90
<>I INTRINSIC functn name used for variable  COUNT
Re-structuring..Writing SGERFS
Rewriting declarations
--------------------------------------------------------------------
Finished reading SGERFSX from file sgerfsx.f90
Re-structuring..Writing SGERFSX
Rewriting declarations
--------------------------------------------------------------------
Finished reading SGERQ2 from file sgerq2.f90
Re-structuring..Writing SGERQ2
Rewriting declarations
--------------------------------------------------------------------
Finished reading SGERQF from file sgerqf.f90
Re-structuring..Writing SGERQF
Rewriting declarations
--------------------------------------------------------------------
Finished reading SGESC2 from file sgesc2.f90
<>I INTRINSIC functn name used for variable  SCALE
Re-structuring..Writing SGESC2
Rewriting declarations
--------------------------------------------------------------------
Finished reading SGESDD from file sgesdd.f90
<>I Variable assigned a value but not used   LWORK_SORGBR_P_MM
<>I Variable assigned a value but not used   LWORK_SORGBR_Q_NN
Re-structuring..Writing SGESDD
Rewriting declarations
--------------------------------------------------------------------
Finished reading SGESVD from file sgesvd.f90
Re-structuring..Writing SGESVD
Rewriting declarations
--------------------------------------------------------------------
Finished reading SGESVDQ from file sgesvdq.f90
Re-structuring..Writing SGESVDQ
Rewriting declarations
--------------------------------------------------------------------
Finished reading SGESVDX from file sgesvdx.f90
<>I Variable assigned a value but not used   ABSTOL
<>I INTRINSIC functn name used for variable  RANGE
Re-structuring..Writing SGESVDX
Rewriting declarations
--------------------------------------------------------------------
Finished reading SGESV from file sgesv.f90
Re-structuring..Writing SGESV
Rewriting declarations
--------------------------------------------------------------------
Finished reading SGESVJ from file sgesvj.f90
<>I Variable assigned a value but not used   LARGE
Re-structuring..Writing SGESVJ
Rewriting declarations
--------------------------------------------------------------------
Finished reading SGESVX from file sgesvx.f90
Re-structuring..Writing SGESVX
Rewriting declarations
--------------------------------------------------------------------
Finished reading SGESVXX from file sgesvxx.f90
Re-structuring..Writing SGESVXX
Rewriting declarations
--------------------------------------------------------------------
Finished reading SGETC2 from file sgetc2.f90
Re-structuring..Writing SGETC2
Rewriting declarations
--------------------------------------------------------------------
Finished reading SGETF2 from file sgetf2.f90
Re-structuring..Writing SGETF2
Rewriting declarations
--------------------------------------------------------------------
Finished reading SGETRF2 from file sgetrf2.f90
Re-structuring..Writing SGETRF2
Rewriting declarations
--------------------------------------------------------------------
Finished reading SGETRF from file sgetrf.f90
Re-structuring..Writing SGETRF
Rewriting declarations
--------------------------------------------------------------------
Finished reading SGETRI from file sgetri.f90
Re-structuring..Writing SGETRI
Rewriting declarations
--------------------------------------------------------------------
Finished reading SGETRS from file sgetrs.f90
Re-structuring..Writing SGETRS
Rewriting declarations
--------------------------------------------------------------------
Finished reading SGETSLS from file sgetsls.f90
<>I Variable assigned a value but not used   MNK
Re-structuring..Writing SGETSLS
Rewriting declarations
--------------------------------------------------------------------
Finished reading SGETSQRHRT from file sgetsqrhrt.f90
Re-structuring..Writing SGETSQRHRT
Rewriting declarations
--------------------------------------------------------------------
Finished reading SGGBAK from file sggbak.f90
Re-structuring..Writing SGGBAK
Rewriting declarations
--------------------------------------------------------------------
Finished reading SGGBAL from file sggbal.f90
<>I INTRINSIC functn name used for variable  SUM
Re-structuring..Writing SGGBAL
Rewriting declarations
--------------------------------------------------------------------
Finished reading SGGES3 from file sgges3.f90
Re-structuring..Writing SGGES3
Rewriting declarations
--------------------------------------------------------------------
Finished reading SGGES from file sgges.f90
Re-structuring..Writing SGGES
Rewriting declarations
--------------------------------------------------------------------
Finished reading SGGESX from file sggesx.f90
Re-structuring..Writing SGGESX
Rewriting declarations
--------------------------------------------------------------------
Finished reading SGGEV3 from file sggev3.f90
Re-structuring..Writing SGGEV3
Rewriting declarations
--------------------------------------------------------------------
Finished reading SGGEV from file sggev.f90
Re-structuring..Writing SGGEV
Rewriting declarations
--------------------------------------------------------------------
Finished reading SGGEVX from file sggevx.f90
Re-structuring..Writing SGGEVX
Rewriting declarations
--------------------------------------------------------------------
Finished reading SGGGLM from file sggglm.f90
Re-structuring..Writing SGGGLM
Rewriting declarations
--------------------------------------------------------------------
Finished reading SGGHD3 from file sgghd3.f90
<>I INTRINSIC functn name used for variable  LEN
Re-structuring..Writing SGGHD3
Rewriting declarations
--------------------------------------------------------------------
Finished reading SGGHRD from file sgghrd.f90
Re-structuring..Writing SGGHRD
Rewriting declarations
--------------------------------------------------------------------
Finished reading SGGLSE from file sgglse.f90
Re-structuring..Writing SGGLSE
Rewriting declarations
--------------------------------------------------------------------
Finished reading SGGQRF from file sggqrf.f90
Re-structuring..Writing SGGQRF
Rewriting declarations
--------------------------------------------------------------------
Finished reading SGGRQF from file sggrqf.f90
Re-structuring..Writing SGGRQF
Rewriting declarations
--------------------------------------------------------------------
Finished reading SGGSVD3 from file sggsvd3.f90
Re-structuring..Writing SGGSVD3
Rewriting declarations
--------------------------------------------------------------------
Finished reading SGGSVP3 from file sggsvp3.f90
Re-structuring..Writing SGGSVP3
Rewriting declarations
--------------------------------------------------------------------
Finished reading SGSVJ0 from file sgsvj0.f90
Re-structuring..Writing SGSVJ0
Rewriting declarations
--------------------------------------------------------------------
Finished reading SGSVJ1 from file sgsvj1.f90
<>I Variable assigned a value but not used   LARGE
Re-structuring..Writing SGSVJ1
Rewriting declarations
--------------------------------------------------------------------
Finished reading SGTCON from file sgtcon.f90
Re-structuring..Writing SGTCON
Rewriting declarations
--------------------------------------------------------------------
Finished reading SGTRFS from file sgtrfs.f90
<>I INTRINSIC functn name used for variable  COUNT
Re-structuring..Writing SGTRFS
Rewriting declarations
--------------------------------------------------------------------
Finished reading SGTSV from file sgtsv.f90
Re-structuring..Writing SGTSV
Rewriting declarations
--------------------------------------------------------------------
Finished reading SGTSVX from file sgtsvx.f90
Re-structuring..Writing SGTSVX
Rewriting declarations
--------------------------------------------------------------------
Finished reading SGTTRF from file sgttrf.f90
Re-structuring..Writing SGTTRF
Rewriting declarations
--------------------------------------------------------------------
Finished reading SGTTRS from file sgttrs.f90
Re-structuring..Writing SGTTRS
Rewriting declarations
--------------------------------------------------------------------
Finished reading SGTTS2 from file sgtts2.f90
Re-structuring..Writing SGTTS2
Rewriting declarations
--------------------------------------------------------------------
Finished reading SHGEQZ from file shgeqz.f90
<>I INTRINSIC functn name used for variable  SCALE
Re-structuring..Writing SHGEQZ
Rewriting declarations
--------------------------------------------------------------------
Finished reading SHSEIN from file shsein.f90
Re-structuring..Writing SHSEIN
Rewriting declarations
--------------------------------------------------------------------
Finished reading SHSEQR from file shseqr.f90
Re-structuring..Writing SHSEQR
Rewriting declarations
--------------------------------------------------------------------
Finished reading SISNAN from file sisnan.f90
<>I INTRINSIC functn name used for variable  SIN
Re-structuring..Writing SISNAN
Rewriting declarations
--------------------------------------------------------------------
Finished reading SLABAD from file slabad.f90
Re-structuring..Writing SLABAD
Rewriting declarations
--------------------------------------------------------------------
Finished reading SLABRD from file slabrd.f90
Re-structuring..Writing SLABRD
Rewriting declarations
--------------------------------------------------------------------
Finished reading SLACN2 from file slacn2.f90
Re-structuring..Writing SLACN2
Rewriting declarations
--------------------------------------------------------------------
Finished reading SLACON from file slacon.f90
Re-structuring..Writing SLACON
Rewriting declarations
--------------------------------------------------------------------
Finished reading SLACPY from file slacpy.f90
Re-structuring..Writing SLACPY
Rewriting declarations
--------------------------------------------------------------------
Finished reading SLADIV from file sladiv.f90
Re-structuring..Writing SLADIV
Rewriting declarations
--------------------------------------------------------------------
Finished reading SLADIV1 from file sladiv.f90
Re-structuring..Writing SLADIV1
Rewriting declarations
--------------------------------------------------------------------
Finished reading SLADIV2 from file sladiv.f90
Re-structuring..Writing SLADIV2
Rewriting declarations
--------------------------------------------------------------------
Finished reading SLAE2 from file slae2.f90
Re-structuring..Writing SLAE2
Rewriting declarations
--------------------------------------------------------------------
Finished reading SLAEBZ from file slaebz.f90
<>I Argument is not used                     E
Re-structuring..Writing SLAEBZ
Rewriting declarations
--------------------------------------------------------------------
Finished reading SLAED0 from file slaed0.f90
Re-structuring..Writing SLAED0
Rewriting declarations
--------------------------------------------------------------------
Finished reading SLAED1 from file slaed1.f90
Re-structuring..Writing SLAED1
Rewriting declarations
--------------------------------------------------------------------
Finished reading SLAED2 from file slaed2.f90
Re-structuring..Writing SLAED2
Rewriting declarations
--------------------------------------------------------------------
Finished reading SLAED3 from file slaed3.f90
Re-structuring..Writing SLAED3
Rewriting declarations
--------------------------------------------------------------------
Finished reading SLAED4 from file slaed4.f90
Re-structuring..Writing SLAED4
Rewriting declarations
--------------------------------------------------------------------
Finished reading SLAED5 from file slaed5.f90
Re-structuring..Writing SLAED5
Rewriting declarations
--------------------------------------------------------------------
Finished reading SLAED6 from file slaed6.f90
<>I INTRINSIC functn name used for variable  SCALE
Re-structuring..Writing SLAED6
Rewriting declarations
--------------------------------------------------------------------
Finished reading SLAED7 from file slaed7.f90
Re-structuring..Writing SLAED7
Rewriting declarations
--------------------------------------------------------------------
Finished reading SLAED8 from file slaed8.f90
Re-structuring..Writing SLAED8
Rewriting declarations
--------------------------------------------------------------------
Finished reading SLAED9 from file slaed9.f90
Re-structuring..Writing SLAED9
Rewriting declarations
--------------------------------------------------------------------
Finished reading SLAEDA from file slaeda.f90
Re-structuring..Writing SLAEDA
Rewriting declarations
--------------------------------------------------------------------
Finished reading SLAEIN from file slaein.f90
<>I INTRINSIC functn name used for variable  SCALE
Re-structuring..Writing SLAEIN
Rewriting declarations
--------------------------------------------------------------------
Finished reading SLAEV2 from file slaev2.f90
Re-structuring..Writing SLAEV2
Rewriting declarations
--------------------------------------------------------------------
Finished reading SLAEXC from file slaexc.f90
<>I INTRINSIC functn name used for variable  SCALE
Re-structuring..Writing SLAEXC
Rewriting declarations
--------------------------------------------------------------------
Finished reading SLAG2D from file slag2d.f90
Re-structuring..Writing SLAG2D
Rewriting declarations
--------------------------------------------------------------------
Finished reading SLAG2 from file slag2.f90
<>I INTRINSIC functn name used for variable  SUM
Re-structuring..Writing SLAG2
Rewriting declarations
--------------------------------------------------------------------
Finished reading SLA_GBAMV from file sla_gbamv.f90
Re-structuring..Writing SLA_GBAMV
Rewriting declarations
--------------------------------------------------------------------
Finished reading SLA_GBRCOND from file sla_gbrcond.f90
Re-structuring..Writing SLA_GBRCOND
Rewriting declarations
--------------------------------------------------------------------
Finished reading SLA_GBRFSX_EXTENDED from file sla_gbrfsx_extended.f90
Re-structuring..Writing SLA_GBRFSX_EXTENDED
Rewriting declarations
--------------------------------------------------------------------
Finished reading SLA_GBRPVGRW from file sla_gbrpvgrw.f90
Re-structuring..Writing SLA_GBRPVGRW
Rewriting declarations
--------------------------------------------------------------------
Finished reading SLA_GEAMV from file sla_geamv.f90
Re-structuring..Writing SLA_GEAMV
Rewriting declarations
--------------------------------------------------------------------
Finished reading SLA_GERCOND from file sla_gercond.f90
Re-structuring..Writing SLA_GERCOND
Rewriting declarations
--------------------------------------------------------------------
Finished reading SLA_GERFSX_EXTENDED from file sla_gerfsx_extended.f90
Re-structuring..Writing SLA_GERFSX_EXTENDED
Rewriting declarations
--------------------------------------------------------------------
Finished reading SLA_GERPVGRW from file sla_gerpvgrw.f90
Re-structuring..Writing SLA_GERPVGRW
Rewriting declarations
--------------------------------------------------------------------
Finished reading SLAGS2 from file slags2.f90
Re-structuring..Writing SLAGS2
Rewriting declarations
--------------------------------------------------------------------
Finished reading SLAGTF from file slagtf.f90
Re-structuring..Writing SLAGTF
Rewriting declarations
--------------------------------------------------------------------
Finished reading SLAGTM from file slagtm.f90
Re-structuring..Writing SLAGTM
Rewriting declarations
--------------------------------------------------------------------
Finished reading SLAGTS from file slagts.f90
Re-structuring..Writing SLAGTS
Rewriting declarations
--------------------------------------------------------------------
Finished reading SLAGV2 from file slagv2.f90
Re-structuring..Writing SLAGV2
Rewriting declarations
--------------------------------------------------------------------
Finished reading SLAHQR from file slahqr.f90
<>I INTRINSIC functn name used for variable  SUM
Re-structuring..Writing SLAHQR
Rewriting declarations
--------------------------------------------------------------------
Finished reading SLAHR2 from file slahr2.f90
Re-structuring..Writing SLAHR2
Rewriting declarations
--------------------------------------------------------------------
Finished reading SLAIC1 from file slaic1.f90
Re-structuring..Writing SLAIC1
Rewriting declarations
--------------------------------------------------------------------
Finished reading SLAISNAN from file slaisnan.f90
Re-structuring..Writing SLAISNAN
Rewriting declarations
--------------------------------------------------------------------
Finished reading SLA_LIN_BERR from file sla_lin_berr.f90
Re-structuring..Writing SLA_LIN_BERR
Rewriting declarations
--------------------------------------------------------------------
Finished reading SLALN2 from file slaln2.f90
<>I INTRINSIC functn name used for variable  SCALE
Re-structuring..Writing SLALN2
Rewriting declarations
--------------------------------------------------------------------
Finished reading SLALS0 from file slals0.f90
Re-structuring..Writing SLALS0
Rewriting declarations
--------------------------------------------------------------------
Finished reading SLALSA from file slalsa.f90
Re-structuring..Writing SLALSA
Rewriting declarations
--------------------------------------------------------------------
Finished reading SLALSD from file slalsd.f90
Re-structuring..Writing SLALSD
Rewriting declarations
--------------------------------------------------------------------
Finished reading SLAMRG from file slamrg.f90
<>I INTRINSIC functn name used for variable  INDEX
Re-structuring..Writing SLAMRG
Rewriting declarations
--------------------------------------------------------------------
Finished reading SLAMSWLQ from file slamswlq.f90
Re-structuring..Writing SLAMSWLQ
Rewriting declarations
--------------------------------------------------------------------
Finished reading SLAMTSQR from file slamtsqr.f90
Re-structuring..Writing SLAMTSQR
Rewriting declarations
--------------------------------------------------------------------
Finished reading SLANEG from file slaneg.f90
<>I Argument is not used                     PIVMIN
Re-structuring..Writing SLANEG
Rewriting declarations
--------------------------------------------------------------------
Finished reading SLANGB from file slangb.f90
<>I INTRINSIC functn name used for variable  SUM
Re-structuring..Writing SLANGB
Rewriting declarations
--------------------------------------------------------------------
Finished reading SLANGE from file slange.f90
<>I INTRINSIC functn name used for variable  SUM
Re-structuring..Writing SLANGE
Rewriting declarations
--------------------------------------------------------------------
Finished reading SLANGT from file slangt.f90
<>I INTRINSIC functn name used for variable  SCALE
<>I INTRINSIC functn name used for variable  SUM
Re-structuring..Writing SLANGT
Rewriting declarations
--------------------------------------------------------------------
Finished reading SLANHS from file slanhs.f90
<>I INTRINSIC functn name used for variable  SUM
Re-structuring..Writing SLANHS
Rewriting declarations
--------------------------------------------------------------------
Finished reading SLANSB from file slansb.f90
<>I INTRINSIC functn name used for variable  SUM
Re-structuring..Writing SLANSB
Rewriting declarations
--------------------------------------------------------------------
Finished reading SLANSF from file slansf.f90
<>I INTRINSIC functn name used for variable  SCALE
Re-structuring..Writing SLANSF
Rewriting declarations
--------------------------------------------------------------------
Finished reading SLANSP from file slansp.f90
<>I INTRINSIC functn name used for variable  SUM
Re-structuring..Writing SLANSP
Rewriting declarations
--------------------------------------------------------------------
Finished reading SLANST from file slanst.f90
<>I INTRINSIC functn name used for variable  SCALE
<>I INTRINSIC functn name used for variable  SUM
Re-structuring..Writing SLANST
Rewriting declarations
--------------------------------------------------------------------
Finished reading SLANSY from file slansy.f90
<>I INTRINSIC functn name used for variable  SUM
Re-structuring..Writing SLANSY
Rewriting declarations
--------------------------------------------------------------------
Finished reading SLANTB from file slantb.f90
<>I INTRINSIC functn name used for variable  SUM
Re-structuring..Writing SLANTB
Rewriting declarations
--------------------------------------------------------------------
Finished reading SLANTP from file slantp.f90
<>I INTRINSIC functn name used for variable  SUM
Re-structuring..Writing SLANTP
Rewriting declarations
--------------------------------------------------------------------
Finished reading SLANTR from file slantr.f90
<>I INTRINSIC functn name used for variable  SUM
Re-structuring..Writing SLANTR
Rewriting declarations
--------------------------------------------------------------------
Finished reading SLANV2 from file slanv2.f90
<>I INTRINSIC functn name used for variable  COUNT
<>I INTRINSIC functn name used for variable  SCALE
Re-structuring..Writing SLANV2
Rewriting declarations
--------------------------------------------------------------------
Finished reading SLAORHR_COL_GETRFNP2 from file slaorhr_col_getrfnp2.f90
Re-structuring..Writing SLAORHR_COL_GETRFNP2
Rewriting declarations
--------------------------------------------------------------------
Finished reading SLAORHR_COL_GETRFNP from file slaorhr_col_getrfnp.f90
Re-structuring..Writing SLAORHR_COL_GETRFNP
Rewriting declarations
--------------------------------------------------------------------
Finished reading SLAPLL from file slapll.f90
Re-structuring..Writing SLAPLL
Rewriting declarations
--------------------------------------------------------------------
Finished reading SLAPMR from file slapmr.f90
Re-structuring..Writing SLAPMR
Rewriting declarations
--------------------------------------------------------------------
Finished reading SLAPMT from file slapmt.f90
Re-structuring..Writing SLAPMT
Rewriting declarations
--------------------------------------------------------------------
Finished reading SLA_PORCOND from file sla_porcond.f90
Re-structuring..Writing SLA_PORCOND
Rewriting declarations
--------------------------------------------------------------------
Finished reading SLA_PORFSX_EXTENDED from file sla_porfsx_extended.f90
Re-structuring..Writing SLA_PORFSX_EXTENDED
Rewriting declarations
--------------------------------------------------------------------
Finished reading SLA_PORPVGRW from file sla_porpvgrw.f90
Re-structuring..Writing SLA_PORPVGRW
Rewriting declarations
--------------------------------------------------------------------
Finished reading SLAPY2 from file slapy2.f90
Re-structuring..Writing SLAPY2
Rewriting declarations
--------------------------------------------------------------------
Finished reading SLAPY3 from file slapy3.f90
Re-structuring..Writing SLAPY3
Rewriting declarations
--------------------------------------------------------------------
Finished reading SLAQGB from file slaqgb.f90
Re-structuring..Writing SLAQGB
Rewriting declarations
--------------------------------------------------------------------
Finished reading SLAQGE from file slaqge.f90
Re-structuring..Writing SLAQGE
Rewriting declarations
--------------------------------------------------------------------
Finished reading SLAQP2 from file slaqp2.f90
Re-structuring..Writing SLAQP2
Rewriting declarations
--------------------------------------------------------------------
Finished reading SLAQPS from file slaqps.f90
Re-structuring..Writing SLAQPS
Rewriting declarations
--------------------------------------------------------------------
Finished reading SLAQR0 from file slaqr0.f90
Re-structuring..Writing SLAQR0
Rewriting declarations
--------------------------------------------------------------------
Finished reading SLAQR1 from file slaqr1.f90
Re-structuring..Writing SLAQR1
Rewriting declarations
--------------------------------------------------------------------
Finished reading SLAQR2 from file slaqr2.f90
Re-structuring..Writing SLAQR2
Rewriting declarations
--------------------------------------------------------------------
Finished reading SLAQR3 from file slaqr3.f90
Re-structuring..Writing SLAQR3
Rewriting declarations
--------------------------------------------------------------------
Finished reading SLAQR4 from file slaqr4.f90
Re-structuring..Writing SLAQR4
Rewriting declarations
--------------------------------------------------------------------
Finished reading SLAQR5 from file slaqr5.f90
Re-structuring..Writing SLAQR5
Rewriting declarations
--------------------------------------------------------------------
Finished reading SLAQSB from file slaqsb.f90
Re-structuring..Writing SLAQSB
Rewriting declarations
--------------------------------------------------------------------
Finished reading SLAQSP from file slaqsp.f90
Re-structuring..Writing SLAQSP
Rewriting declarations
--------------------------------------------------------------------
Finished reading SLAQSY from file slaqsy.f90
Re-structuring..Writing SLAQSY
Rewriting declarations
--------------------------------------------------------------------
Finished reading SLAQTR from file slaqtr.f90
<>I INTRINSIC functn name used for variable  SCALE
Re-structuring..Writing SLAQTR
Rewriting declarations
--------------------------------------------------------------------
Finished reading SLAR1V from file slar1v.f90
Re-structuring..Writing SLAR1V
Rewriting declarations
--------------------------------------------------------------------
Finished reading SLAR2V from file slar2v.f90
Re-structuring..Writing SLAR2V
Rewriting declarations
--------------------------------------------------------------------
Finished reading SLARFB from file slarfb.f90
Re-structuring..Writing SLARFB
Rewriting declarations
--------------------------------------------------------------------
Finished reading SLARFB_GETT from file slarfb_gett.f90
Re-structuring..Writing SLARFB_GETT
Rewriting declarations
--------------------------------------------------------------------
Finished reading SLARF from file slarf.f90
Re-structuring..Writing SLARF
Rewriting declarations
--------------------------------------------------------------------
Finished reading SLARFG from file slarfg.f90
Re-structuring..Writing SLARFG
Rewriting declarations
--------------------------------------------------------------------
Finished reading SLARFGP from file slarfgp.f90
Re-structuring..Writing SLARFGP
Rewriting declarations
--------------------------------------------------------------------
Finished reading SLARFT from file slarft.f90
Re-structuring..Writing SLARFT
Rewriting declarations
--------------------------------------------------------------------
Finished reading SLARFX from file slarfx.f90
<>I INTRINSIC functn name used for variable  SUM
Re-structuring..Writing SLARFX
Rewriting declarations
--------------------------------------------------------------------
Finished reading SLARFY from file slarfy.f90
Re-structuring..Writing SLARFY
Rewriting declarations
--------------------------------------------------------------------
Finished reading SLARGV from file slargv.f90
Re-structuring..Writing SLARGV
Rewriting declarations
--------------------------------------------------------------------
Finished reading SLARNV from file slarnv.f90
Re-structuring..Writing SLARNV
Rewriting declarations
--------------------------------------------------------------------
Finished reading SLARRA from file slarra.f90
Re-structuring..Writing SLARRA
Rewriting declarations
--------------------------------------------------------------------
Finished reading SLARRB from file slarrb.f90
<>I INTRINSIC functn name used for variable  NINT
Re-structuring..Writing SLARRB
Rewriting declarations
--------------------------------------------------------------------
Finished reading SLARRC from file slarrc.f90
<>I Argument is not used                     PIVMIN
Re-structuring..Writing SLARRC
Rewriting declarations
--------------------------------------------------------------------
Finished reading SLARRD from file slarrd.f90
<>I INTRINSIC functn name used for variable  RANGE
Re-structuring..Writing SLARRD
Rewriting declarations
--------------------------------------------------------------------
Finished reading SLARRE from file slarre.f90
<>I INTRINSIC functn name used for variable  RANGE
Re-structuring..Writing SLARRE
Rewriting declarations
--------------------------------------------------------------------
Finished reading SLARRF from file slarrf.f90
<>I INTRINSIC functn name used for variable  MAX1
Re-structuring..Writing SLARRF
Rewriting declarations
--------------------------------------------------------------------
Finished reading SLARRJ from file slarrj.f90
<>I INTRINSIC functn name used for variable  NINT
Re-structuring..Writing SLARRJ
Rewriting declarations
--------------------------------------------------------------------
Finished reading SLARRK from file slarrk.f90
Re-structuring..Writing SLARRK
Rewriting declarations
--------------------------------------------------------------------
Finished reading SLARRR from file slarrr.f90
Re-structuring..Writing SLARRR
Rewriting declarations
--------------------------------------------------------------------
Finished reading SLARRV from file slarrv.f90
<>I Argument is not used                     VU
Re-structuring..Writing SLARRV
Rewriting declarations
--------------------------------------------------------------------
Finished reading SLARSCL2 from file slarscl2.f90
Re-structuring..Writing SLARSCL2
Rewriting declarations
--------------------------------------------------------------------
Finished reading SLARTG from file slartg.f90
<>I INTRINSIC functn name used for variable  COUNT
<>I INTRINSIC functn name used for variable  SCALE
Re-structuring..Writing SLARTG
Rewriting declarations
--------------------------------------------------------------------
Finished reading SLARTGP from file slartgp.f90
<>I INTRINSIC functn name used for variable  COUNT
<>I INTRINSIC functn name used for variable  SCALE
Re-structuring..Writing SLARTGP
Rewriting declarations
--------------------------------------------------------------------
Finished reading SLARTGS from file slartgs.f90
Re-structuring..Writing SLARTGS
Rewriting declarations
--------------------------------------------------------------------
Finished reading SLARTV from file slartv.f90
Re-structuring..Writing SLARTV
Rewriting declarations
--------------------------------------------------------------------
Finished reading SLARUV from file slaruv.f90
Re-structuring..Writing SLARUV
Rewriting declarations
--------------------------------------------------------------------
Finished reading SLARZB from file slarzb.f90
Re-structuring..Writing SLARZB
Rewriting declarations
--------------------------------------------------------------------
Finished reading SLARZ from file slarz.f90
Re-structuring..Writing SLARZ
Rewriting declarations
--------------------------------------------------------------------
Finished reading SLARZT from file slarzt.f90
Re-structuring..Writing SLARZT
Rewriting declarations
--------------------------------------------------------------------
Finished reading SLAS2 from file slas2.f90
Re-structuring..Writing SLAS2
Rewriting declarations
--------------------------------------------------------------------
Finished reading SLASCL2 from file slascl2.f90
Re-structuring..Writing SLASCL2
Rewriting declarations
--------------------------------------------------------------------
Finished reading SLASCL from file slascl.f90
Re-structuring..Writing SLASCL
Rewriting declarations
--------------------------------------------------------------------
Finished reading SLASD0 from file slasd0.f90
Re-structuring..Writing SLASD0
Rewriting declarations
--------------------------------------------------------------------
Finished reading SLASD1 from file slasd1.f90
Re-structuring..Writing SLASD1
Rewriting declarations
--------------------------------------------------------------------
Finished reading SLASD2 from file slasd2.f90
Re-structuring..Writing SLASD2
Rewriting declarations
--------------------------------------------------------------------
Finished reading SLASD3 from file slasd3.f90
Re-structuring..Writing SLASD3
Rewriting declarations
--------------------------------------------------------------------
Finished reading SLASD4 from file slasd4.f90
Re-structuring..Writing SLASD4
Rewriting declarations
--------------------------------------------------------------------
Finished reading SLASD5 from file slasd5.f90
Re-structuring..Writing SLASD5
Rewriting declarations
--------------------------------------------------------------------
Finished reading SLASD6 from file slasd6.f90
Re-structuring..Writing SLASD6
Rewriting declarations
--------------------------------------------------------------------
Finished reading SLASD7 from file slasd7.f90
Re-structuring..Writing SLASD7
Rewriting declarations
--------------------------------------------------------------------
Finished reading SLASD8 from file slasd8.f90
Re-structuring..Writing SLASD8
Rewriting declarations
--------------------------------------------------------------------
Finished reading SLASDA from file slasda.f90
Re-structuring..Writing SLASDA
Rewriting declarations
--------------------------------------------------------------------
Finished reading SLASDQ from file slasdq.f90
Re-structuring..Writing SLASDQ
Rewriting declarations
--------------------------------------------------------------------
Finished reading SLASDT from file slasdt.f90
Re-structuring..Writing SLASDT
Rewriting declarations
--------------------------------------------------------------------
Finished reading SLASET from file slaset.f90
Re-structuring..Writing SLASET
Rewriting declarations
--------------------------------------------------------------------
Finished reading SLASQ1 from file slasq1.f90
<>I INTRINSIC functn name used for variable  SCALE
Re-structuring..Writing SLASQ1
Rewriting declarations
--------------------------------------------------------------------
Finished reading SLASQ2 from file slasq2.f90
<>I INTRINSIC functn name used for variable  DMIN1
Re-structuring..Writing SLASQ2
Rewriting declarations
--------------------------------------------------------------------
Finished reading SLASQ3 from file slasq3.f90
<>I INTRINSIC functn name used for variable  DMIN1
Re-structuring..Writing SLASQ3
Rewriting declarations
--------------------------------------------------------------------
Finished reading SLASQ4 from file slasq4.f90
<>I INTRINSIC functn name used for variable  DMIN1
Re-structuring..Writing SLASQ4
Rewriting declarations
--------------------------------------------------------------------
Finished reading SLASQ5 from file slasq5.f90
<>I INTRINSIC functn name used for variable  DMIN1
Re-structuring..Writing SLASQ5
Rewriting declarations
--------------------------------------------------------------------
Finished reading SLASQ6 from file slasq6.f90
<>I INTRINSIC functn name used for variable  DMIN1
Re-structuring..Writing SLASQ6
Rewriting declarations
--------------------------------------------------------------------
Finished reading SLASR from file slasr.f90
Re-structuring..Writing SLASR
Rewriting declarations
--------------------------------------------------------------------
Finished reading SLASRT from file slasrt.f90
Re-structuring..Writing SLASRT
Rewriting declarations
--------------------------------------------------------------------
Finished reading SLASSQ from file slassq.f90
<>I INTRINSIC functn name used for variable  SCALE
Re-structuring..Writing SLASSQ
Rewriting declarations
--------------------------------------------------------------------
Finished reading SLASV2 from file slasv2.f90
Re-structuring..Writing SLASV2
Rewriting declarations
--------------------------------------------------------------------
Finished reading SLASWLQ from file slaswlq.f90
Re-structuring..Writing SLASWLQ
Rewriting declarations
--------------------------------------------------------------------
Finished reading SLASWP from file slaswp.f90
Re-structuring..Writing SLASWP
Rewriting declarations
--------------------------------------------------------------------
Finished reading SLASY2 from file slasy2.f90
<>I INTRINSIC functn name used for variable  SCALE
Re-structuring..Writing SLASY2
Rewriting declarations
--------------------------------------------------------------------
Finished reading SLA_SYAMV from file sla_syamv.f90
Re-structuring..Writing SLA_SYAMV
Rewriting declarations
--------------------------------------------------------------------
Finished reading SLASYF_AA from file slasyf_aa.f90
Re-structuring..Writing SLASYF_AA
Rewriting declarations
--------------------------------------------------------------------
Finished reading SLASYF from file slasyf.f90
Re-structuring..Writing SLASYF
Rewriting declarations
--------------------------------------------------------------------
Finished reading SLASYF_RK from file slasyf_rk.f90
Re-structuring..Writing SLASYF_RK
Rewriting declarations
--------------------------------------------------------------------
Finished reading SLASYF_ROOK from file slasyf_rook.f90
Re-structuring..Writing SLASYF_ROOK
Rewriting declarations
--------------------------------------------------------------------
Finished reading SLA_SYRCOND from file sla_syrcond.f90
<>I Variable assigned a value but not used   NORMIN
<>I Variable assigned a value but not used   SMLNUM
Re-structuring..Writing SLA_SYRCOND
Rewriting declarations
--------------------------------------------------------------------
Finished reading SLA_SYRFSX_EXTENDED from file sla_syrfsx_extended.f90
Re-structuring..Writing SLA_SYRFSX_EXTENDED
Rewriting declarations
--------------------------------------------------------------------
Finished reading SLA_SYRPVGRW from file sla_syrpvgrw.f90
Re-structuring..Writing SLA_SYRPVGRW
Rewriting declarations
--------------------------------------------------------------------
Finished reading SLATBS from file slatbs.f90
<>I INTRINSIC functn name used for variable  SCALE
Re-structuring..Writing SLATBS
Rewriting declarations
--------------------------------------------------------------------
Finished reading SLATDF from file slatdf.f90
Re-structuring..Writing SLATDF
Rewriting declarations
--------------------------------------------------------------------
Finished reading SLATPS from file slatps.f90
<>I INTRINSIC functn name used for variable  SCALE
Re-structuring..Writing SLATPS
Rewriting declarations
--------------------------------------------------------------------
Finished reading SLATRD from file slatrd.f90
Re-structuring..Writing SLATRD
Rewriting declarations
--------------------------------------------------------------------
Finished reading SLATRS from file slatrs.f90
<>I INTRINSIC functn name used for variable  SCALE
Re-structuring..Writing SLATRS
Rewriting declarations
--------------------------------------------------------------------
Finished reading SLATRZ from file slatrz.f90
Re-structuring..Writing SLATRZ
Rewriting declarations
--------------------------------------------------------------------
Finished reading SLATSQR from file slatsqr.f90
Re-structuring..Writing SLATSQR
Rewriting declarations
--------------------------------------------------------------------
Finished reading SLAUU2 from file slauu2.f90
Re-structuring..Writing SLAUU2
Rewriting declarations
--------------------------------------------------------------------
Finished reading SLAUUM from file slauum.f90
Re-structuring..Writing SLAUUM
Rewriting declarations
--------------------------------------------------------------------
Finished reading SLA_WWADDW from file sla_wwaddw.f90
Re-structuring..Writing SLA_WWADDW
Rewriting declarations
--------------------------------------------------------------------
Finished reading SOPGTR from file sopgtr.f90
Re-structuring..Writing SOPGTR
Rewriting declarations
--------------------------------------------------------------------
Finished reading SOPMTR from file sopmtr.f90
Re-structuring..Writing SOPMTR
Rewriting declarations
--------------------------------------------------------------------
Finished reading SORBDB1 from file sorbdb1.f90
Re-structuring..Writing SORBDB1
Rewriting declarations
--------------------------------------------------------------------
Finished reading SORBDB2 from file sorbdb2.f90
Re-structuring..Writing SORBDB2
Rewriting declarations
--------------------------------------------------------------------
Finished reading SORBDB3 from file sorbdb3.f90
Re-structuring..Writing SORBDB3
Rewriting declarations
--------------------------------------------------------------------
Finished reading SORBDB4 from file sorbdb4.f90
Re-structuring..Writing SORBDB4
Rewriting declarations
--------------------------------------------------------------------
Finished reading SORBDB5 from file sorbdb5.f90
Re-structuring..Writing SORBDB5
Rewriting declarations
--------------------------------------------------------------------
Finished reading SORBDB6 from file sorbdb6.f90
Re-structuring..Writing SORBDB6
Rewriting declarations
--------------------------------------------------------------------
Finished reading SORBDB from file sorbdb.f90
Re-structuring..Writing SORBDB
Rewriting declarations
--------------------------------------------------------------------
Finished reading SORCSD2BY1 from file sorcsd2by1.f90
Re-structuring..Writing SORCSD2BY1
Rewriting declarations
--------------------------------------------------------------------
Finished reading SORCSD from file sorcsd.f90
<>I Variable assigned a value but not used   LORBDBWORKMIN
Re-structuring..Writing SORCSD
Rewriting declarations
--------------------------------------------------------------------
Finished reading SORG2L from file sorg2l.f90
Re-structuring..Writing SORG2L
Rewriting declarations
--------------------------------------------------------------------
Finished reading SORG2R from file sorg2r.f90
Re-structuring..Writing SORG2R
Rewriting declarations
--------------------------------------------------------------------
Finished reading SORGBR from file sorgbr.f90
Re-structuring..Writing SORGBR
Rewriting declarations
--------------------------------------------------------------------
Finished reading SORGHR from file sorghr.f90
Re-structuring..Writing SORGHR
Rewriting declarations
--------------------------------------------------------------------
Finished reading SORGL2 from file sorgl2.f90
Re-structuring..Writing SORGL2
Rewriting declarations
--------------------------------------------------------------------
Finished reading SORGLQ from file sorglq.f90
Re-structuring..Writing SORGLQ
Rewriting declarations
--------------------------------------------------------------------
Finished reading SORGQL from file sorgql.f90
Re-structuring..Writing SORGQL
Rewriting declarations
--------------------------------------------------------------------
Finished reading SORGQR from file sorgqr.f90
Re-structuring..Writing SORGQR
Rewriting declarations
--------------------------------------------------------------------
Finished reading SORGR2 from file sorgr2.f90
Re-structuring..Writing SORGR2
Rewriting declarations
--------------------------------------------------------------------
Finished reading SORGRQ from file sorgrq.f90
Re-structuring..Writing SORGRQ
Rewriting declarations
--------------------------------------------------------------------
Finished reading SORGTR from file sorgtr.f90
Re-structuring..Writing SORGTR
Rewriting declarations
--------------------------------------------------------------------
Finished reading SORGTSQR from file sorgtsqr.f90
Re-structuring..Writing SORGTSQR
Rewriting declarations
--------------------------------------------------------------------
Finished reading SORGTSQR_ROW from file sorgtsqr_row.f90
Re-structuring..Writing SORGTSQR_ROW
Rewriting declarations
--------------------------------------------------------------------
Finished reading SORHR_COL from file sorhr_col.f90
Re-structuring..Writing SORHR_COL
Rewriting declarations
--------------------------------------------------------------------
Finished reading SORM22 from file sorm22.f90
<>I INTRINSIC functn name used for variable  LEN
Re-structuring..Writing SORM22
Rewriting declarations
--------------------------------------------------------------------
Finished reading SORM2L from file sorm2l.f90
Re-structuring..Writing SORM2L
Rewriting declarations
--------------------------------------------------------------------
Finished reading SORM2R from file sorm2r.f90
Re-structuring..Writing SORM2R
Rewriting declarations
--------------------------------------------------------------------
Finished reading SORMBR from file sormbr.f90
Re-structuring..Writing SORMBR
Rewriting declarations
--------------------------------------------------------------------
Finished reading SORMHR from file sormhr.f90
Re-structuring..Writing SORMHR
Rewriting declarations
--------------------------------------------------------------------
Finished reading SORML2 from file sorml2.f90
Re-structuring..Writing SORML2
Rewriting declarations
--------------------------------------------------------------------
Finished reading SORMLQ from file sormlq.f90
Re-structuring..Writing SORMLQ
Rewriting declarations
--------------------------------------------------------------------
Finished reading SORMQL from file sormql.f90
Re-structuring..Writing SORMQL
Rewriting declarations
--------------------------------------------------------------------
Finished reading SORMQR from file sormqr.f90
Re-structuring..Writing SORMQR
Rewriting declarations
--------------------------------------------------------------------
Finished reading SORMR2 from file sormr2.f90
Re-structuring..Writing SORMR2
Rewriting declarations
--------------------------------------------------------------------
Finished reading SORMR3 from file sormr3.f90
Re-structuring..Writing SORMR3
Rewriting declarations
--------------------------------------------------------------------
Finished reading SORMRQ from file sormrq.f90
Re-structuring..Writing SORMRQ
Rewriting declarations
--------------------------------------------------------------------
Finished reading SORMRZ from file sormrz.f90
Re-structuring..Writing SORMRZ
Rewriting declarations
--------------------------------------------------------------------
Finished reading SORMTR from file sormtr.f90
Re-structuring..Writing SORMTR
Rewriting declarations
--------------------------------------------------------------------
Finished reading SPBCON from file spbcon.f90
<>I INTRINSIC functn name used for variable  SCALE
Re-structuring..Writing SPBCON
Rewriting declarations
--------------------------------------------------------------------
Finished reading SPBEQU from file spbequ.f90
Re-structuring..Writing SPBEQU
Rewriting declarations
--------------------------------------------------------------------
Finished reading SPBRFS from file spbrfs.f90
<>I INTRINSIC functn name used for variable  COUNT
Re-structuring..Writing SPBRFS
Rewriting declarations
--------------------------------------------------------------------
Finished reading SPBSTF from file spbstf.f90
Re-structuring..Writing SPBSTF
Rewriting declarations
--------------------------------------------------------------------
Finished reading SPBSV from file spbsv.f90
Re-structuring..Writing SPBSV
Rewriting declarations
--------------------------------------------------------------------
Finished reading SPBSVX from file spbsvx.f90
Re-structuring..Writing SPBSVX
Rewriting declarations
--------------------------------------------------------------------
Finished reading SPBTF2 from file spbtf2.f90
Re-structuring..Writing SPBTF2
Rewriting declarations
--------------------------------------------------------------------
Finished reading SPBTRF from file spbtrf.f90
Re-structuring..Writing SPBTRF
Rewriting declarations
--------------------------------------------------------------------
Finished reading SPBTRS from file spbtrs.f90
Re-structuring..Writing SPBTRS
Rewriting declarations
--------------------------------------------------------------------
Finished reading SPFTRF from file spftrf.f90
Re-structuring..Writing SPFTRF
Rewriting declarations
--------------------------------------------------------------------
Finished reading SPFTRI from file spftri.f90
Re-structuring..Writing SPFTRI
Rewriting declarations
--------------------------------------------------------------------
Finished reading SPFTRS from file spftrs.f90
Re-structuring..Writing SPFTRS
Rewriting declarations
--------------------------------------------------------------------
Finished reading SPOCON from file spocon.f90
<>I INTRINSIC functn name used for variable  SCALE
Re-structuring..Writing SPOCON
Rewriting declarations
--------------------------------------------------------------------
Finished reading SPOEQUB from file spoequb.f90
Re-structuring..Writing SPOEQUB
Rewriting declarations
--------------------------------------------------------------------
Finished reading SPOEQU from file spoequ.f90
Re-structuring..Writing SPOEQU
Rewriting declarations
--------------------------------------------------------------------
Finished reading SPORFS from file sporfs.f90
<>I INTRINSIC functn name used for variable  COUNT
Re-structuring..Writing SPORFS
Rewriting declarations
--------------------------------------------------------------------
Finished reading SPORFSX from file sporfsx.f90
Re-structuring..Writing SPORFSX
Rewriting declarations
--------------------------------------------------------------------
Finished reading SPOSV from file sposv.f90
Re-structuring..Writing SPOSV
Rewriting declarations
--------------------------------------------------------------------
Finished reading SPOSVX from file sposvx.f90
Re-structuring..Writing SPOSVX
Rewriting declarations
--------------------------------------------------------------------
Finished reading SPOSVXX from file sposvxx.f90
Re-structuring..Writing SPOSVXX
Rewriting declarations
--------------------------------------------------------------------
Finished reading SPOTF2 from file spotf2.f90
Re-structuring..Writing SPOTF2
Rewriting declarations
--------------------------------------------------------------------
Finished reading SPOTRF2 from file spotrf2.f90
Re-structuring..Writing SPOTRF2
Rewriting declarations
--------------------------------------------------------------------
Finished reading SPOTRF from file spotrf.f90
Re-structuring..Writing SPOTRF
Rewriting declarations
--------------------------------------------------------------------
Finished reading SPOTRI from file spotri.f90
Re-structuring..Writing SPOTRI
Rewriting declarations
--------------------------------------------------------------------
Finished reading SPOTRS from file spotrs.f90
Re-structuring..Writing SPOTRS
Rewriting declarations
--------------------------------------------------------------------
Finished reading SPPCON from file sppcon.f90
<>I INTRINSIC functn name used for variable  SCALE
Re-structuring..Writing SPPCON
Rewriting declarations
--------------------------------------------------------------------
Finished reading SPPEQU from file sppequ.f90
Re-structuring..Writing SPPEQU
Rewriting declarations
--------------------------------------------------------------------
Finished reading SPPRFS from file spprfs.f90
<>I INTRINSIC functn name used for variable  COUNT
Re-structuring..Writing SPPRFS
Rewriting declarations
--------------------------------------------------------------------
Finished reading SPPSV from file sppsv.f90
Re-structuring..Writing SPPSV
Rewriting declarations
--------------------------------------------------------------------
Finished reading SPPSVX from file sppsvx.f90
Re-structuring..Writing SPPSVX
Rewriting declarations
--------------------------------------------------------------------
Finished reading SPPTRF from file spptrf.f90
Re-structuring..Writing SPPTRF
Rewriting declarations
--------------------------------------------------------------------
Finished reading SPPTRI from file spptri.f90
Re-structuring..Writing SPPTRI
Rewriting declarations
--------------------------------------------------------------------
Finished reading SPPTRS from file spptrs.f90
Re-structuring..Writing SPPTRS
Rewriting declarations
--------------------------------------------------------------------
Finished reading SPSTF2 from file spstf2.f90
Re-structuring..Writing SPSTF2
Rewriting declarations
--------------------------------------------------------------------
Finished reading SPSTRF from file spstrf.f90
Re-structuring..Writing SPSTRF
Rewriting declarations
--------------------------------------------------------------------
Finished reading SPTCON from file sptcon.f90
Re-structuring..Writing SPTCON
Rewriting declarations
--------------------------------------------------------------------
Finished reading SPTEQR from file spteqr.f90
Re-structuring..Writing SPTEQR
Rewriting declarations
--------------------------------------------------------------------
Finished reading SPTRFS from file sptrfs.f90
<>I INTRINSIC functn name used for variable  COUNT
Re-structuring..Writing SPTRFS
Rewriting declarations
--------------------------------------------------------------------
Finished reading SPTSV from file sptsv.f90
Re-structuring..Writing SPTSV
Rewriting declarations
--------------------------------------------------------------------
Finished reading SPTSVX from file sptsvx.f90
Re-structuring..Writing SPTSVX
Rewriting declarations
--------------------------------------------------------------------
Finished reading SPTTRF from file spttrf.f90
Re-structuring..Writing SPTTRF
Rewriting declarations
--------------------------------------------------------------------
Finished reading SPTTRS from file spttrs.f90
Re-structuring..Writing SPTTRS
Rewriting declarations
--------------------------------------------------------------------
Finished reading SPTTS2 from file sptts2.f90
Re-structuring..Writing SPTTS2
Rewriting declarations
--------------------------------------------------------------------
Finished reading SRSCL from file srscl.f90
Re-structuring..Writing SRSCL
Rewriting declarations
--------------------------------------------------------------------
Finished reading SSB2ST_KERNELS from file ssb2st_kernels.f90
<>I Variable assigned a value but not used   AJETER
Re-structuring..Writing SSB2ST_KERNELS
Rewriting declarations
--------------------------------------------------------------------
Finished reading SSBEV_2STAGE from file ssbev_2stage.f90
Re-structuring..Writing SSBEV_2STAGE
Rewriting declarations
--------------------------------------------------------------------
Finished reading SSBEVD_2STAGE from file ssbevd_2stage.f90
Re-structuring..Writing SSBEVD_2STAGE
Rewriting declarations
--------------------------------------------------------------------
Finished reading SSBEVD from file ssbevd.f90
Re-structuring..Writing SSBEVD
Rewriting declarations
--------------------------------------------------------------------
Finished reading SSBEV from file ssbev.f90
Re-structuring..Writing SSBEV
Rewriting declarations
--------------------------------------------------------------------
Finished reading SSBEVX_2STAGE from file ssbevx_2stage.f90
<>I INTRINSIC functn name used for variable  RANGE
Re-structuring..Writing SSBEVX_2STAGE
Rewriting declarations
--------------------------------------------------------------------
Finished reading SSBEVX from file ssbevx.f90
<>I INTRINSIC functn name used for variable  RANGE
Re-structuring..Writing SSBEVX
Rewriting declarations
--------------------------------------------------------------------
Finished reading SSBGST from file ssbgst.f90
Re-structuring..Writing SSBGST
Rewriting declarations
--------------------------------------------------------------------
Finished reading SSBGVD from file ssbgvd.f90
Re-structuring..Writing SSBGVD
Rewriting declarations
--------------------------------------------------------------------
Finished reading SSBGV from file ssbgv.f90
Re-structuring..Writing SSBGV
Rewriting declarations
--------------------------------------------------------------------
Finished reading SSBGVX from file ssbgvx.f90
<>I INTRINSIC functn name used for variable  RANGE
Re-structuring..Writing SSBGVX
Rewriting declarations
--------------------------------------------------------------------
Finished reading SSBTRD from file ssbtrd.f90
Re-structuring..Writing SSBTRD
Rewriting declarations
--------------------------------------------------------------------
Finished reading SSFRK from file ssfrk.f90
Re-structuring..Writing SSFRK
Rewriting declarations
--------------------------------------------------------------------
Finished reading SSPCON from file sspcon.f90
Re-structuring..Writing SSPCON
Rewriting declarations
--------------------------------------------------------------------
Finished reading SSPEVD from file sspevd.f90
Re-structuring..Writing SSPEVD
Rewriting declarations
--------------------------------------------------------------------
Finished reading SSPEV from file sspev.f90
Re-structuring..Writing SSPEV
Rewriting declarations
--------------------------------------------------------------------
Finished reading SSPEVX from file sspevx.f90
<>I INTRINSIC functn name used for variable  RANGE
Re-structuring..Writing SSPEVX
Rewriting declarations
--------------------------------------------------------------------
Finished reading SSPGST from file sspgst.f90
Re-structuring..Writing SSPGST
Rewriting declarations
--------------------------------------------------------------------
Finished reading SSPGVD from file sspgvd.f90
Re-structuring..Writing SSPGVD
Rewriting declarations
--------------------------------------------------------------------
Finished reading SSPGV from file sspgv.f90
Re-structuring..Writing SSPGV
Rewriting declarations
--------------------------------------------------------------------
Finished reading SSPGVX from file sspgvx.f90
<>I INTRINSIC functn name used for variable  RANGE
Re-structuring..Writing SSPGVX
Rewriting declarations
--------------------------------------------------------------------
Finished reading SSPRFS from file ssprfs.f90
<>I INTRINSIC functn name used for variable  COUNT
Re-structuring..Writing SSPRFS
Rewriting declarations
--------------------------------------------------------------------
Finished reading SSPSV from file sspsv.f90
Re-structuring..Writing SSPSV
Rewriting declarations
--------------------------------------------------------------------
Finished reading SSPSVX from file sspsvx.f90
Re-structuring..Writing SSPSVX
Rewriting declarations
--------------------------------------------------------------------
Finished reading SSPTRD from file ssptrd.f90
Re-structuring..Writing SSPTRD
Rewriting declarations
--------------------------------------------------------------------
Finished reading SSPTRF from file ssptrf.f90
Re-structuring..Writing SSPTRF
Rewriting declarations
--------------------------------------------------------------------
Finished reading SSPTRI from file ssptri.f90
Re-structuring..Writing SSPTRI
Rewriting declarations
--------------------------------------------------------------------
Finished reading SSPTRS from file ssptrs.f90
Re-structuring..Writing SSPTRS
Rewriting declarations
--------------------------------------------------------------------
Finished reading SSTEBZ from file sstebz.f90
<>I INTRINSIC functn name used for variable  RANGE
Re-structuring..Writing SSTEBZ
Rewriting declarations
--------------------------------------------------------------------
Finished reading SSTEDC from file sstedc.f90
<>I INTRINSIC functn name used for variable  TINY
Re-structuring..Writing SSTEDC
Rewriting declarations
--------------------------------------------------------------------
Finished reading SSTEGR from file sstegr.f90
<>I Argument is not used                     ABSTOL
<>I INTRINSIC functn name used for variable  RANGE
Re-structuring..Writing SSTEGR
Rewriting declarations
--------------------------------------------------------------------
Finished reading SSTEIN from file sstein.f90
Re-structuring..Writing SSTEIN
Rewriting declarations
--------------------------------------------------------------------
Finished reading SSTEMR from file sstemr.f90
<>I INTRINSIC functn name used for variable  RANGE
<>I INTRINSIC functn name used for variable  SCALE
Re-structuring..Writing SSTEMR
Rewriting declarations
--------------------------------------------------------------------
Finished reading SSTEQR from file ssteqr.f90
Re-structuring..Writing SSTEQR
Rewriting declarations
--------------------------------------------------------------------
Finished reading SSTERF from file ssterf.f90
Re-structuring..Writing SSTERF
Rewriting declarations
--------------------------------------------------------------------
Finished reading SSTEVD from file sstevd.f90
Re-structuring..Writing SSTEVD
Rewriting declarations
--------------------------------------------------------------------
Finished reading SSTEV from file sstev.f90
Re-structuring..Writing SSTEV
Rewriting declarations
--------------------------------------------------------------------
Finished reading SSTEVR from file sstevr.f90
<>I INTRINSIC functn name used for variable  RANGE
Re-structuring..Writing SSTEVR
Rewriting declarations
--------------------------------------------------------------------
Finished reading SSTEVX from file sstevx.f90
<>I INTRINSIC functn name used for variable  RANGE
Re-structuring..Writing SSTEVX
Rewriting declarations
--------------------------------------------------------------------
Finished reading SSYCON_3 from file ssycon_3.f90
Re-structuring..Writing SSYCON_3
Rewriting declarations
--------------------------------------------------------------------
Finished reading SSYCON from file ssycon.f90
Re-structuring..Writing SSYCON
Rewriting declarations
--------------------------------------------------------------------
Finished reading SSYCON_ROOK from file ssycon_rook.f90
Re-structuring..Writing SSYCON_ROOK
Rewriting declarations
--------------------------------------------------------------------
Finished reading SSYCONV from file ssyconv.f90
Re-structuring..Writing SSYCONV
Rewriting declarations
--------------------------------------------------------------------
Finished reading SSYCONVF from file ssyconvf.f90
Re-structuring..Writing SSYCONVF
Rewriting declarations
--------------------------------------------------------------------
Finished reading SSYCONVF_ROOK from file ssyconvf_rook.f90
Re-structuring..Writing SSYCONVF_ROOK
Rewriting declarations
--------------------------------------------------------------------
Finished reading SSYEQUB from file ssyequb.f90
<>I INTRINSIC functn name used for variable  SCALE
Re-structuring..Writing SSYEQUB
Rewriting declarations
--------------------------------------------------------------------
<>I Unreachable or redundant statement
      CALL SORGTR(UPLO,N,A,LDA,WORK(INDTAU),WORK(INDWRK),LLWORK,IINFO)
Finished reading SSYEV_2STAGE from file ssyev_2stage.f90
Re-structuring..Writing SSYEV_2STAGE
Rewriting declarations
--------------------------------------------------------------------
<>I Unreachable or redundant statement
      CALL SSTEDC('I',N,W,WORK(INDE),WORK(INDWRK),N,WORK(INDWK2),LLWRK2,&
     &            IWORK,LIWORK,INFO)
Finished reading SSYEVD_2STAGE from file ssyevd_2stage.f90
Re-structuring..Writing SSYEVD_2STAGE
Rewriting declarations
--------------------------------------------------------------------
Finished reading SSYEVD from file ssyevd.f90
Re-structuring..Writing SSYEVD
Rewriting declarations
--------------------------------------------------------------------
Finished reading SSYEV from file ssyev.f90
Re-structuring..Writing SSYEV
Rewriting declarations
--------------------------------------------------------------------
Finished reading SSYEVR_2STAGE from file ssyevr_2stage.f90
<>I INTRINSIC functn name used for variable  RANGE
Re-structuring..Writing SSYEVR_2STAGE
Rewriting declarations
--------------------------------------------------------------------
Finished reading SSYEVR from file ssyevr.f90
<>I INTRINSIC functn name used for variable  RANGE
Re-structuring..Writing SSYEVR
Rewriting declarations
--------------------------------------------------------------------
Finished reading SSYEVX_2STAGE from file ssyevx_2stage.f90
<>I INTRINSIC functn name used for variable  RANGE
Re-structuring..Writing SSYEVX_2STAGE
Rewriting declarations
--------------------------------------------------------------------
Finished reading SSYEVX from file ssyevx.f90
<>I INTRINSIC functn name used for variable  RANGE
Re-structuring..Writing SSYEVX
Rewriting declarations
--------------------------------------------------------------------
Finished reading SSYGS2 from file ssygs2.f90
Re-structuring..Writing SSYGS2
Rewriting declarations
--------------------------------------------------------------------
Finished reading SSYGST from file ssygst.f90
Re-structuring..Writing SSYGST
Rewriting declarations
--------------------------------------------------------------------
Finished reading SSYGV_2STAGE from file ssygv_2stage.f90
Re-structuring..Writing SSYGV_2STAGE
Rewriting declarations
--------------------------------------------------------------------
Finished reading SSYGVD from file ssygvd.f90
Re-structuring..Writing SSYGVD
Rewriting declarations
--------------------------------------------------------------------
Finished reading SSYGV from file ssygv.f90
Re-structuring..Writing SSYGV
Rewriting declarations
--------------------------------------------------------------------
Finished reading SSYGVX from file ssygvx.f90
<>I INTRINSIC functn name used for variable  RANGE
Re-structuring..Writing SSYGVX
Rewriting declarations
--------------------------------------------------------------------
Finished reading SSYRFS from file ssyrfs.f90
<>I INTRINSIC functn name used for variable  COUNT
Re-structuring..Writing SSYRFS
Rewriting declarations
--------------------------------------------------------------------
Finished reading SSYRFSX from file ssyrfsx.f90
Re-structuring..Writing SSYRFSX
Rewriting declarations
--------------------------------------------------------------------
Finished reading SSYSV_AA_2STAGE from file ssysv_aa_2stage.f90
Re-structuring..Writing SSYSV_AA_2STAGE
Rewriting declarations
--------------------------------------------------------------------
Finished reading SSYSV_AA from file ssysv_aa.f90
Re-structuring..Writing SSYSV_AA
Rewriting declarations
--------------------------------------------------------------------
Finished reading SSYSV from file ssysv.f90
Re-structuring..Writing SSYSV
Rewriting declarations
--------------------------------------------------------------------
Finished reading SSYSV_RK from file ssysv_rk.f90
Re-structuring..Writing SSYSV_RK
Rewriting declarations
--------------------------------------------------------------------
Finished reading SSYSV_ROOK from file ssysv_rook.f90
Re-structuring..Writing SSYSV_ROOK
Rewriting declarations
--------------------------------------------------------------------
Finished reading SSYSVX from file ssysvx.f90
Re-structuring..Writing SSYSVX
Rewriting declarations
--------------------------------------------------------------------
Finished reading SSYSVXX from file ssysvxx.f90
Re-structuring..Writing SSYSVXX
Rewriting declarations
--------------------------------------------------------------------
Finished reading SSYSWAPR from file ssyswapr.f90
Re-structuring..Writing SSYSWAPR
Rewriting declarations
--------------------------------------------------------------------
Finished reading SSYTD2 from file ssytd2.f90
Re-structuring..Writing SSYTD2
Rewriting declarations
--------------------------------------------------------------------
Finished reading SSYTF2 from file ssytf2.f90
Re-structuring..Writing SSYTF2
Rewriting declarations
--------------------------------------------------------------------
Finished reading SSYTF2_RK from file ssytf2_rk.f90
Re-structuring..Writing SSYTF2_RK
Rewriting declarations
--------------------------------------------------------------------
Finished reading SSYTF2_ROOK from file ssytf2_rook.f90
Re-structuring..Writing SSYTF2_ROOK
Rewriting declarations
--------------------------------------------------------------------
Finished reading SSYTRD_2STAGE from file ssytrd_2stage.f90
<>I Variable assigned a value but not used   WANTQ
Re-structuring..Writing SSYTRD_2STAGE
Rewriting declarations
--------------------------------------------------------------------
Finished reading SSYTRD from file ssytrd.f90
Re-structuring..Writing SSYTRD
Rewriting declarations
--------------------------------------------------------------------
Finished reading SSYTRD_SB2ST from file ssytrd_sb2st.f90
<>W MODULE not found in PFMODULE.KEY         OMP_LIB
<>W MODULE not found in PFMODULE.KEY         OMP_LIB
<>I Variable assigned a value but not used   DEBUG
<>I Variable assigned a value but not used   NBTILES
<>I Variable assigned a value but not used   NTHREADS
<>I PARAMETER is not used                    ONE
<>I Variable assigned a value but not used   SISEV
No clutter removal attempted
Re-structuring..Writing SSYTRD_SB2ST
Rewriting declarations
--------------------------------------------------------------------
Finished reading SSYTRD_SY2SB from file ssytrd_sy2sb.f90
Re-structuring..Writing SSYTRD_SY2SB
Rewriting declarations
--------------------------------------------------------------------
Finished reading SSYTRF_AA_2STAGE from file ssytrf_aa_2stage.f90
Re-structuring..Writing SSYTRF_AA_2STAGE
Rewriting declarations
--------------------------------------------------------------------
Finished reading SSYTRF_AA from file ssytrf_aa.f90
Re-structuring..Writing SSYTRF_AA
Rewriting declarations
--------------------------------------------------------------------
Finished reading SSYTRF from file ssytrf.f90
Re-structuring..Writing SSYTRF
Rewriting declarations
--------------------------------------------------------------------
Finished reading SSYTRF_RK from file ssytrf_rk.f90
Re-structuring..Writing SSYTRF_RK
Rewriting declarations
--------------------------------------------------------------------
Finished reading SSYTRF_ROOK from file ssytrf_rook.f90
Re-structuring..Writing SSYTRF_ROOK
Rewriting declarations
--------------------------------------------------------------------
Finished reading SSYTRI2 from file ssytri2.f90
Re-structuring..Writing SSYTRI2
Rewriting declarations
--------------------------------------------------------------------
Finished reading SSYTRI2X from file ssytri2x.f90
<>I INTRINSIC functn name used for variable  COUNT
Re-structuring..Writing SSYTRI2X
Rewriting declarations
--------------------------------------------------------------------
Finished reading SSYTRI_3 from file ssytri_3.f90
Re-structuring..Writing SSYTRI_3
Rewriting declarations
--------------------------------------------------------------------
Finished reading SSYTRI_3X from file ssytri_3x.f90
Re-structuring..Writing SSYTRI_3X
Rewriting declarations
--------------------------------------------------------------------
Finished reading SSYTRI from file ssytri.f90
Re-structuring..Writing SSYTRI
Rewriting declarations
--------------------------------------------------------------------
Finished reading SSYTRI_ROOK from file ssytri_rook.f90
Re-structuring..Writing SSYTRI_ROOK
Rewriting declarations
--------------------------------------------------------------------
Finished reading SSYTRS2 from file ssytrs2.f90
Re-structuring..Writing SSYTRS2
Rewriting declarations
--------------------------------------------------------------------
Finished reading SSYTRS_3 from file ssytrs_3.f90
Re-structuring..Writing SSYTRS_3
Rewriting declarations
--------------------------------------------------------------------
Finished reading SSYTRS_AA_2STAGE from file ssytrs_aa_2stage.f90
Re-structuring..Writing SSYTRS_AA_2STAGE
Rewriting declarations
--------------------------------------------------------------------
Finished reading SSYTRS_AA from file ssytrs_aa.f90
Re-structuring..Writing SSYTRS_AA
Rewriting declarations
--------------------------------------------------------------------
Finished reading SSYTRS from file ssytrs.f90
Re-structuring..Writing SSYTRS
Rewriting declarations
--------------------------------------------------------------------
Finished reading SSYTRS_ROOK from file ssytrs_rook.f90
Re-structuring..Writing SSYTRS_ROOK
Rewriting declarations
--------------------------------------------------------------------
Finished reading STBCON from file stbcon.f90
<>I INTRINSIC functn name used for variable  SCALE
Re-structuring..Writing STBCON
Rewriting declarations
--------------------------------------------------------------------
Finished reading STBRFS from file stbrfs.f90
Re-structuring..Writing STBRFS
Rewriting declarations
--------------------------------------------------------------------
Finished reading STBTRS from file stbtrs.f90
Re-structuring..Writing STBTRS
Rewriting declarations
--------------------------------------------------------------------
Finished reading STFSM from file stfsm.f90
Re-structuring..Writing STFSM
Rewriting declarations
--------------------------------------------------------------------
Finished reading STFTRI from file stftri.f90
Re-structuring..Writing STFTRI
Rewriting declarations
--------------------------------------------------------------------
Finished reading STFTTP from file stfttp.f90
<>I Variable assigned a value but not used   NT
Re-structuring..Writing STFTTP
Rewriting declarations
--------------------------------------------------------------------
Finished reading STFTTR from file stfttr.f90
Re-structuring..Writing STFTTR
Rewriting declarations
--------------------------------------------------------------------
Finished reading STGEVC from file stgevc.f90
<>I INTRINSIC functn name used for variable  SCALE
<>I INTRINSIC functn name used for variable  SUM
Re-structuring..Writing STGEVC
Rewriting declarations
--------------------------------------------------------------------
Finished reading STGEX2 from file stgex2.f90
<>I INTRINSIC functn name used for variable  SCALE
Re-structuring..Writing STGEX2
Rewriting declarations
--------------------------------------------------------------------
Finished reading STGEXC from file stgexc.f90
Re-structuring..Writing STGEXC
Rewriting declarations
--------------------------------------------------------------------
Finished reading STGSEN from file stgsen.f90
Re-structuring..Writing STGSEN
Rewriting declarations
--------------------------------------------------------------------
Finished reading STGSJA from file stgsja.f90
Re-structuring..Writing STGSJA
Rewriting declarations
--------------------------------------------------------------------
Finished reading STGSNA from file stgsna.f90
<>I INTRINSIC functn name used for variable  SCALE
Re-structuring..Writing STGSNA
Rewriting declarations
--------------------------------------------------------------------
Finished reading STGSY2 from file stgsy2.f90
<>I INTRINSIC functn name used for variable  SCALE
Re-structuring..Writing STGSY2
Rewriting declarations
--------------------------------------------------------------------
Finished reading STGSYL from file stgsyl.f90
<>I INTRINSIC functn name used for variable  SCALE
Re-structuring..Writing STGSYL
Rewriting declarations
--------------------------------------------------------------------
Finished reading STPCON from file stpcon.f90
<>I INTRINSIC functn name used for variable  SCALE
Re-structuring..Writing STPCON
Rewriting declarations
--------------------------------------------------------------------
Finished reading STPLQT2 from file stplqt2.f90
Re-structuring..Writing STPLQT2
Rewriting declarations
--------------------------------------------------------------------
Finished reading STPLQT from file stplqt.f90
Re-structuring..Writing STPLQT
Rewriting declarations
--------------------------------------------------------------------
Finished reading STPMLQT from file stpmlqt.f90
Re-structuring..Writing STPMLQT
Rewriting declarations
--------------------------------------------------------------------
Finished reading STPMQRT from file stpmqrt.f90
Re-structuring..Writing STPMQRT
Rewriting declarations
--------------------------------------------------------------------
Finished reading STPQRT2 from file stpqrt2.f90
Re-structuring..Writing STPQRT2
Rewriting declarations
--------------------------------------------------------------------
Finished reading STPQRT from file stpqrt.f90
Re-structuring..Writing STPQRT
Rewriting declarations
--------------------------------------------------------------------
Finished reading STPRFB from file stprfb.f90
Re-structuring..Writing STPRFB
Rewriting declarations
--------------------------------------------------------------------
Finished reading STPRFS from file stprfs.f90
Re-structuring..Writing STPRFS
Rewriting declarations
--------------------------------------------------------------------
Finished reading STPTRI from file stptri.f90
Re-structuring..Writing STPTRI
Rewriting declarations
--------------------------------------------------------------------
Finished reading STPTRS from file stptrs.f90
Re-structuring..Writing STPTRS
Rewriting declarations
--------------------------------------------------------------------
Finished reading STPTTF from file stpttf.f90
<>I Variable assigned a value but not used   NT
Re-structuring..Writing STPTTF
Rewriting declarations
--------------------------------------------------------------------
Finished reading STPTTR from file stpttr.f90
Re-structuring..Writing STPTTR
Rewriting declarations
--------------------------------------------------------------------
Finished reading STRCON from file strcon.f90
<>I INTRINSIC functn name used for variable  SCALE
Re-structuring..Writing STRCON
Rewriting declarations
--------------------------------------------------------------------
Finished reading STREVC3 from file strevc3.f90
<>I INTRINSIC functn name used for variable  SCALE
Re-structuring..Writing STREVC3
Rewriting declarations
--------------------------------------------------------------------
Finished reading STREVC from file strevc.f90
<>I INTRINSIC functn name used for variable  SCALE
Re-structuring..Writing STREVC
Rewriting declarations
--------------------------------------------------------------------
Finished reading STREXC from file strexc.f90
Re-structuring..Writing STREXC
Rewriting declarations
--------------------------------------------------------------------
Finished reading STRRFS from file strrfs.f90
Re-structuring..Writing STRRFS
Rewriting declarations
--------------------------------------------------------------------
Finished reading STRSEN from file strsen.f90
<>I INTRINSIC functn name used for variable  SCALE
Re-structuring..Writing STRSEN
Rewriting declarations
--------------------------------------------------------------------
Finished reading STRSNA from file strsna.f90
<>I INTRINSIC functn name used for variable  SCALE
Re-structuring..Writing STRSNA
Rewriting declarations
--------------------------------------------------------------------
Finished reading STRSYL from file strsyl.f90
<>I INTRINSIC functn name used for variable  SCALE
Re-structuring..Writing STRSYL
Rewriting declarations
--------------------------------------------------------------------
Finished reading STRTI2 from file strti2.f90
Re-structuring..Writing STRTI2
Rewriting declarations
--------------------------------------------------------------------
Finished reading STRTRI from file strtri.f90
Re-structuring..Writing STRTRI
Rewriting declarations
--------------------------------------------------------------------
Finished reading STRTRS from file strtrs.f90
Re-structuring..Writing STRTRS
Rewriting declarations
--------------------------------------------------------------------
Finished reading STRTTF from file strttf.f90
Re-structuring..Writing STRTTF
Rewriting declarations
--------------------------------------------------------------------
Finished reading STRTTP from file strttp.f90
Re-structuring..Writing STRTTP
Rewriting declarations
--------------------------------------------------------------------
Finished reading STZRZF from file stzrzf.f90
Re-structuring..Writing STZRZF
Rewriting declarations
--------------------------------------------------------------------
 
End of input after 494 sub-programs (202246 lines)
 
   494 were re-structured
   494 were re-labelled
   494 were beautified
 
   134 diagnostics generated
 
     2 occurrences of Unreachable or redundant statement
     5 occurrences of Argument is not used
     1 occurrences of PARAMETER is not used
    19 occurrences of Variable assigned a value but not used
     2 occurrences of MODULE not found in PFMODULE.KEY
   105 occurrences of INTRINSIC functn name used for variable
 
SPAG finished normally
